<?xml version="1.0" encoding="UTF-8"?>
<coverage generated="1672236413705" clover="3.2.0">
  <project timestamp="1672236413705" name="All files">
    <metrics statements="126" coveredstatements="125" conditionals="23" coveredconditionals="22" methods="32" coveredmethods="30" elements="181" coveredelements="177" complexity="0" loc="126" ncloc="126" packages="7" files="16" classes="16"/>
    <package name="src">
      <metrics statements="70" coveredstatements="69" conditionals="18" coveredconditionals="18" methods="20" coveredmethods="18"/>
      <file name="controller.ts" path="/home/lee/src/syster/ts-libs/packages/web-core/src/controller.ts">
        <metrics statements="59" coveredstatements="59" conditionals="18" coveredconditionals="18" methods="19" coveredmethods="18"/>
        <line num="3" count="3" type="stmt"/>
        <line num="5" count="3" type="stmt"/>
        <line num="6" count="3" type="stmt"/>
        <line num="14" count="3" type="stmt"/>
        <line num="24" count="9" type="stmt"/>
        <line num="25" count="9" type="stmt"/>
        <line num="26" count="9" type="stmt"/>
        <line num="28" count="9" type="stmt"/>
        <line num="32" count="9" type="stmt"/>
        <line num="33" count="37" type="stmt"/>
        <line num="34" count="37" type="stmt"/>
        <line num="35" count="37" type="stmt"/>
        <line num="45" count="38" type="stmt"/>
        <line num="54" count="3" type="stmt"/>
        <line num="62" count="12" type="stmt"/>
        <line num="70" count="1" type="stmt"/>
        <line num="80" count="3" type="stmt"/>
        <line num="90" count="3" type="stmt"/>
        <line num="91" count="3" type="cond" truecount="1" falsecount="0"/>
        <line num="92" count="1" type="stmt"/>
        <line num="95" count="2" type="cond" truecount="1" falsecount="0"/>
        <line num="96" count="1" type="stmt"/>
        <line num="99" count="1" type="stmt"/>
        <line num="100" count="1" type="stmt"/>
        <line num="101" count="1" type="stmt"/>
        <line num="102" count="1" type="stmt"/>
        <line num="120" count="9" type="cond" truecount="1" falsecount="0"/>
        <line num="121" count="9" type="cond" truecount="2" falsecount="0"/>
        <line num="123" count="306" type="stmt"/>
        <line num="124" count="306" type="cond" truecount="1" falsecount="0"/>
        <line num="125" count="23" type="cond" truecount="2" falsecount="0"/>
        <line num="126" count="5" type="stmt"/>
        <line num="133" count="18" type="stmt"/>
        <line num="134" count="18" type="stmt"/>
        <line num="135" count="56" type="cond" truecount="1" falsecount="0"/>
        <line num="136" count="12" type="stmt"/>
        <line num="139" count="18" type="cond" truecount="1" falsecount="0"/>
        <line num="140" count="6" type="stmt"/>
        <line num="155" count="9" type="stmt"/>
        <line num="156" count="37" type="stmt"/>
        <line num="160" count="97" type="cond" truecount="1" falsecount="0"/>
        <line num="161" count="14" type="stmt"/>
        <line num="166" count="37" type="stmt"/>
        <line num="173" count="37" type="stmt"/>
        <line num="174" count="155" type="cond" truecount="2" falsecount="0"/>
        <line num="175" count="141" type="stmt"/>
        <line num="176" count="14" type="cond" truecount="1" falsecount="0"/>
        <line num="177" count="14" type="stmt"/>
        <line num="178" count="14" type="cond" truecount="2" falsecount="0"/>
        <line num="179" count="7" type="stmt"/>
        <line num="181" count="7" type="stmt"/>
        <line num="187" count="37" type="cond" truecount="1" falsecount="0"/>
        <line num="188" count="30" type="stmt"/>
        <line num="191" count="37" type="cond" truecount="1" falsecount="0"/>
        <line num="192" count="37" type="stmt"/>
        <line num="194" count="37" type="stmt"/>
        <line num="195" count="37" type="stmt"/>
        <line num="196" count="37" type="stmt"/>
        <line num="201" count="3" type="stmt"/>
      </file>
      <file name="index.ts" path="/home/lee/src/syster/ts-libs/packages/web-core/src/index.ts">
        <metrics statements="8" coveredstatements="8" conditionals="0" coveredconditionals="0" methods="0" coveredmethods="0"/>
        <line num="1" count="3" type="stmt"/>
        <line num="2" count="3" type="stmt"/>
        <line num="3" count="3" type="stmt"/>
        <line num="4" count="3" type="stmt"/>
        <line num="5" count="3" type="stmt"/>
        <line num="6" count="3" type="stmt"/>
        <line num="7" count="3" type="stmt"/>
        <line num="8" count="3" type="stmt"/>
      </file>
      <file name="model.ts" path="/home/lee/src/syster/ts-libs/packages/web-core/src/model.ts">
        <metrics statements="3" coveredstatements="2" conditionals="0" coveredconditionals="0" methods="1" coveredmethods="0"/>
        <line num="3" count="3" type="stmt"/>
        <line num="5" count="0" type="stmt"/>
        <line num="11" count="3" type="stmt"/>
      </file>
    </package>
    <package name="src.decorators">
      <metrics statements="32" coveredstatements="32" conditionals="4" coveredconditionals="3" methods="8" coveredmethods="8"/>
      <file name="accepts.ts" path="/home/lee/src/syster/ts-libs/packages/web-core/src/decorators/accepts.ts">
        <metrics statements="3" coveredstatements="3" conditionals="0" coveredconditionals="0" methods="1" coveredmethods="1"/>
        <line num="1" count="3" type="stmt"/>
        <line num="8" count="6" type="stmt"/>
        <line num="9" count="3" type="stmt"/>
      </file>
      <file name="annotate.ts" path="/home/lee/src/syster/ts-libs/packages/web-core/src/decorators/annotate.ts">
        <metrics statements="10" coveredstatements="10" conditionals="2" coveredconditionals="2" methods="2" coveredmethods="2"/>
        <line num="3" count="3" type="stmt"/>
        <line num="11" count="3" type="stmt"/>
        <line num="12" count="3" type="stmt"/>
        <line num="13" count="15" type="stmt"/>
        <line num="14" count="15" type="cond" truecount="1" falsecount="0"/>
        <line num="16" count="3" type="stmt"/>
        <line num="18" count="15" type="cond" truecount="1" falsecount="0"/>
        <line num="19" count="12" type="stmt"/>
        <line num="22" count="15" type="stmt"/>
        <line num="28" count="3" type="stmt"/>
      </file>
      <file name="controller.ts" path="/home/lee/src/syster/ts-libs/packages/web-core/src/decorators/controller.ts">
        <metrics statements="8" coveredstatements="8" conditionals="2" coveredconditionals="1" methods="3" coveredmethods="3"/>
        <line num="2" count="3" type="stmt"/>
        <line num="3" count="3" type="stmt"/>
        <line num="11" count="3" type="stmt"/>
        <line num="12" count="3" type="stmt"/>
        <line num="13" count="4" type="stmt"/>
        <line num="15" count="8" type="cond" truecount="1" falsecount="1"/>
        <line num="16" count="4" type="stmt"/>
        <line num="19" count="3" type="stmt"/>
      </file>
      <file name="index.ts" path="/home/lee/src/syster/ts-libs/packages/web-core/src/decorators/index.ts">
        <metrics statements="5" coveredstatements="5" conditionals="0" coveredconditionals="0" methods="0" coveredmethods="0"/>
        <line num="1" count="3" type="stmt"/>
        <line num="2" count="3" type="stmt"/>
        <line num="3" count="3" type="stmt"/>
        <line num="4" count="3" type="stmt"/>
        <line num="5" count="3" type="stmt"/>
      </file>
      <file name="method.ts" path="/home/lee/src/syster/ts-libs/packages/web-core/src/decorators/method.ts">
        <metrics statements="3" coveredstatements="3" conditionals="0" coveredconditionals="0" methods="1" coveredmethods="1"/>
        <line num="1" count="3" type="stmt"/>
        <line num="9" count="6" type="stmt"/>
        <line num="10" count="3" type="stmt"/>
      </file>
      <file name="route.ts" path="/home/lee/src/syster/ts-libs/packages/web-core/src/decorators/route.ts">
        <metrics statements="3" coveredstatements="3" conditionals="0" coveredconditionals="0" methods="1" coveredmethods="1"/>
        <line num="1" count="3" type="stmt"/>
        <line num="8" count="3" type="stmt"/>
        <line num="9" count="3" type="stmt"/>
      </file>
    </package>
    <package name="src.interfaces">
      <metrics statements="2" coveredstatements="2" conditionals="0" coveredconditionals="0" methods="0" coveredmethods="0"/>
      <file name="index.ts" path="/home/lee/src/syster/ts-libs/packages/web-core/src/interfaces/index.ts">
        <metrics statements="2" coveredstatements="2" conditionals="0" coveredconditionals="0" methods="0" coveredmethods="0"/>
        <line num="1" count="3" type="stmt"/>
        <line num="2" count="3" type="stmt"/>
      </file>
    </package>
    <package name="src.middlewares">
      <metrics statements="14" coveredstatements="14" conditionals="1" coveredconditionals="1" methods="4" coveredmethods="4"/>
      <file name="index.ts" path="/home/lee/src/syster/ts-libs/packages/web-core/src/middlewares/index.ts">
        <metrics statements="1" coveredstatements="1" conditionals="0" coveredconditionals="0" methods="0" coveredmethods="0"/>
        <line num="1" count="3" type="stmt"/>
      </file>
      <file name="routes.ts" path="/home/lee/src/syster/ts-libs/packages/web-core/src/middlewares/routes.ts">
        <metrics statements="13" coveredstatements="13" conditionals="1" coveredconditionals="1" methods="4" coveredmethods="4"/>
        <line num="10" count="3" type="stmt"/>
        <line num="11" count="3" type="stmt"/>
        <line num="12" count="1" type="stmt"/>
        <line num="13" count="1" type="stmt"/>
        <line num="14" count="1" type="stmt"/>
        <line num="15" count="5" type="cond" truecount="1" falsecount="0"/>
        <line num="16" count="2" type="stmt"/>
        <line num="17" count="2" type="stmt"/>
        <line num="19" count="5" type="stmt"/>
        <line num="22" count="2" type="stmt"/>
        <line num="25" count="1" type="stmt"/>
        <line num="26" count="1" type="stmt"/>
        <line num="29" count="3" type="stmt"/>
      </file>
    </package>
    <package name="src.symbols">
      <metrics statements="3" coveredstatements="3" conditionals="0" coveredconditionals="0" methods="0" coveredmethods="0"/>
      <file name="index.ts" path="/home/lee/src/syster/ts-libs/packages/web-core/src/symbols/index.ts">
        <metrics statements="1" coveredstatements="1" conditionals="0" coveredconditionals="0" methods="0" coveredmethods="0"/>
        <line num="1" count="3" type="stmt"/>
      </file>
      <file name="middleware-call.ts" path="/home/lee/src/syster/ts-libs/packages/web-core/src/symbols/middleware-call.ts">
        <metrics statements="2" coveredstatements="2" conditionals="0" coveredconditionals="0" methods="0" coveredmethods="0"/>
        <line num="5" count="3" type="stmt"/>
        <line num="7" count="3" type="stmt"/>
      </file>
    </package>
    <package name="src.types">
      <metrics statements="3" coveredstatements="3" conditionals="0" coveredconditionals="0" methods="0" coveredmethods="0"/>
      <file name="index.ts" path="/home/lee/src/syster/ts-libs/packages/web-core/src/types/index.ts">
        <metrics statements="3" coveredstatements="3" conditionals="0" coveredconditionals="0" methods="0" coveredmethods="0"/>
        <line num="1" count="3" type="stmt"/>
        <line num="2" count="3" type="stmt"/>
        <line num="3" count="3" type="stmt"/>
      </file>
    </package>
    <package name="src.util">
      <metrics statements="2" coveredstatements="2" conditionals="0" coveredconditionals="0" methods="0" coveredmethods="0"/>
      <file name="index.ts" path="/home/lee/src/syster/ts-libs/packages/web-core/src/util/index.ts">
        <metrics statements="2" coveredstatements="2" conditionals="0" coveredconditionals="0" methods="0" coveredmethods="0"/>
        <line num="1" count="3" type="stmt"/>
        <line num="2" count="3" type="stmt"/>
      </file>
    </package>
  </project>
</coverage>
