{"/home/lee/src/syster/ts-libs/packages/web-core/src/controller.ts": {"path":"/home/lee/src/syster/ts-libs/packages/web-core/src/controller.ts","statementMap":{"0":{"start":{"line":3,"column":0},"end":{"line":3,"column":29}},"1":{"start":{"line":5,"column":0},"end":{"line":5,"column":32}},"2":{"start":{"line":6,"column":0},"end":{"line":6,"column":58}},"3":{"start":{"line":24,"column":4},"end":{"line":24,"column":34}},"4":{"start":{"line":25,"column":4},"end":{"line":25,"column":31}},"5":{"start":{"line":26,"column":4},"end":{"line":26,"column":28}},"6":{"start":{"line":28,"column":4},"end":{"line":30,"column":7}},"7":{"start":{"line":32,"column":4},"end":{"line":37,"column":7}},"8":{"start":{"line":33,"column":21},"end":{"line":33,"column":50}},"9":{"start":{"line":34,"column":6},"end":{"line":36,"column":9}},"10":{"start":{"line":35,"column":9},"end":{"line":35,"column":112}},"11":{"start":{"line":35,"column":86},"end":{"line":35,"column":110}},"12":{"start":{"line":45,"column":4},"end":{"line":45,"column":24}},"13":{"start":{"line":54,"column":4},"end":{"line":54,"column":14}},"14":{"start":{"line":62,"column":4},"end":{"line":62,"column":48}},"15":{"start":{"line":70,"column":4},"end":{"line":70,"column":53}},"16":{"start":{"line":80,"column":4},"end":{"line":80,"column":36}},"17":{"start":{"line":90,"column":23},"end":{"line":90,"column":34}},"18":{"start":{"line":91,"column":4},"end":{"line":93,"column":null}},"19":{"start":{"line":92,"column":6},"end":{"line":92,"column":60}},"20":{"start":{"line":95,"column":4},"end":{"line":97,"column":null}},"21":{"start":{"line":96,"column":6},"end":{"line":96,"column":79}},"22":{"start":{"line":99,"column":19},"end":{"line":99,"column":63}},"23":{"start":{"line":100,"column":18},"end":{"line":100,"column":27}},"24":{"start":{"line":101,"column":29},"end":{"line":101,"column":61}},"25":{"start":{"line":102,"column":26},"end":{"line":102,"column":58}},"26":{"start":{"line":120,"column":4},"end":{"line":122,"column":null}},"27":{"start":{"line":121,"column":6},"end":{"line":121,"column":81}},"28":{"start":{"line":123,"column":4},"end":{"line":147,"column":7}},"29":{"start":{"line":123,"column":28},"end":{"line":123,"column":43}},"30":{"start":{"line":124,"column":6},"end":{"line":146,"column":null}},"31":{"start":{"line":125,"column":8},"end":{"line":145,"column":null}},"32":{"start":{"line":126,"column":10},"end":{"line":131,"column":13}},"33":{"start":{"line":133,"column":30},"end":{"line":133,"column":35}},"34":{"start":{"line":134,"column":10},"end":{"line":138,"column":13}},"35":{"start":{"line":135,"column":12},"end":{"line":137,"column":null}},"36":{"start":{"line":136,"column":14},"end":{"line":136,"column":35}},"37":{"start":{"line":139,"column":10},"end":{"line":144,"column":null}},"38":{"start":{"line":140,"column":12},"end":{"line":143,"column":15}},"39":{"start":{"line":155,"column":4},"end":{"line":197,"column":7}},"40":{"start":{"line":156,"column":6},"end":{"line":159,"column":9}},"41":{"start":{"line":160,"column":6},"end":{"line":165,"column":null}},"42":{"start":{"line":160,"column":39},"end":{"line":160,"column":57}},"43":{"start":{"line":161,"column":8},"end":{"line":164,"column":11}},"44":{"start":{"line":166,"column":32},"end":{"line":172,"column":8}},"45":{"start":{"line":173,"column":6},"end":{"line":185,"column":9}},"46":{"start":{"line":174,"column":8},"end":{"line":184,"column":null}},"47":{"start":{"line":175,"column":10},"end":{"line":175,"column":33}},"48":{"start":{"line":176,"column":15},"end":{"line":184,"column":null}},"49":{"start":{"line":177,"column":10},"end":{"line":183,"column":13}},"50":{"start":{"line":178,"column":12},"end":{"line":182,"column":null}},"51":{"start":{"line":179,"column":14},"end":{"line":179,"column":45}},"52":{"start":{"line":181,"column":14},"end":{"line":181,"column":54}},"53":{"start":{"line":187,"column":6},"end":{"line":189,"column":null}},"54":{"start":{"line":188,"column":8},"end":{"line":188,"column":39}},"55":{"start":{"line":191,"column":6},"end":{"line":193,"column":null}},"56":{"start":{"line":192,"column":8},"end":{"line":192,"column":50}},"57":{"start":{"line":194,"column":22},"end":{"line":194,"column":59}},"58":{"start":{"line":195,"column":6},"end":{"line":195,"column":25}},"59":{"start":{"line":196,"column":6},"end":{"line":196,"column":54}},"60":{"start":{"line":14,"column":0},"end":{"line":14,"column":13}},"61":{"start":{"line":201,"column":0},"end":{"line":201,"column":26}}},"fnMap":{"0":{"name":"(anonymous_7)","decl":{"start":{"line":23,"column":2},"end":{"line":23,"column":null}},"loc":{"start":{"line":23,"column":2},"end":{"line":38,"column":3}}},"1":{"name":"(anonymous_8)","decl":{"start":{"line":32,"column":34},"end":{"line":32,"column":35}},"loc":{"start":{"line":32,"column":53},"end":{"line":37,"column":5}}},"2":{"name":"(anonymous_9)","decl":{"start":{"line":34,"column":22},"end":{"line":34,"column":23}},"loc":{"start":{"line":34,"column":32},"end":{"line":36,"column":7}}},"3":{"name":"(anonymous_10)","decl":{"start":{"line":35,"column":50},"end":{"line":35,"column":55}},"loc":{"start":{"line":35,"column":86},"end":{"line":35,"column":110}}},"4":{"name":"(anonymous_11)","decl":{"start":{"line":44,"column":2},"end":{"line":44,"column":13}},"loc":{"start":{"line":44,"column":19},"end":{"line":46,"column":3}}},"5":{"name":"(anonymous_12)","decl":{"start":{"line":53,"column":9},"end":{"line":53,"column":17}},"loc":{"start":{"line":53,"column":17},"end":{"line":55,"column":3}}},"6":{"name":"(anonymous_13)","decl":{"start":{"line":61,"column":9},"end":{"line":61,"column":23}},"loc":{"start":{"line":61,"column":23},"end":{"line":63,"column":3}}},"7":{"name":"(anonymous_14)","decl":{"start":{"line":69,"column":9},"end":{"line":69,"column":16}},"loc":{"start":{"line":69,"column":29},"end":{"line":71,"column":3}}},"8":{"name":"(anonymous_15)","decl":{"start":{"line":79,"column":9},"end":{"line":79,"column":14}},"loc":{"start":{"line":79,"column":56},"end":{"line":81,"column":3}}},"9":{"name":"(anonymous_16)","decl":{"start":{"line":89,"column":9},"end":{"line":89,"column":14}},"loc":{"start":{"line":89,"column":48},"end":{"line":113,"column":3}}},"10":{"name":"(anonymous_17)","decl":{"start":{"line":119,"column":10},"end":{"line":119,"column":29}},"loc":{"start":{"line":119,"column":29},"end":{"line":148,"column":3}}},"11":{"name":"(anonymous_18)","decl":{"start":{"line":123,"column":21},"end":{"line":123,"column":22}},"loc":{"start":{"line":123,"column":28},"end":{"line":123,"column":43}}},"12":{"name":"(anonymous_19)","decl":{"start":{"line":123,"column":53},"end":{"line":123,"column":54}},"loc":{"start":{"line":123,"column":64},"end":{"line":147,"column":5}}},"13":{"name":"(anonymous_20)","decl":{"start":{"line":134,"column":50},"end":{"line":134,"column":51}},"loc":{"start":{"line":134,"column":65},"end":{"line":138,"column":11}}},"14":{"name":"(anonymous_21)","decl":{"start":{"line":154,"column":10},"end":{"line":154,"column":26}},"loc":{"start":{"line":154,"column":26},"end":{"line":198,"column":3}}},"15":{"name":"(anonymous_22)","decl":{"start":{"line":155,"column":31},"end":{"line":155,"column":32}},"loc":{"start":{"line":155,"column":65},"end":{"line":197,"column":5}}},"16":{"name":"(anonymous_23)","decl":{"start":{"line":160,"column":32},"end":{"line":160,"column":33}},"loc":{"start":{"line":160,"column":39},"end":{"line":160,"column":57}}},"17":{"name":"(anonymous_24)","decl":{"start":{"line":173,"column":26},"end":{"line":173,"column":27}},"loc":{"start":{"line":173,"column":32},"end":{"line":185,"column":7}}},"18":{"name":"(anonymous_25)","decl":{"start":{"line":177,"column":25},"end":{"line":177,"column":26}},"loc":{"start":{"line":177,"column":34},"end":{"line":183,"column":11}}}},"branchMap":{"0":{"loc":{"start":{"line":91,"column":4},"end":{"line":93,"column":null}},"type":"if","locations":[{"start":{"line":91,"column":4},"end":{"line":93,"column":null}}]},"1":{"loc":{"start":{"line":95,"column":4},"end":{"line":97,"column":null}},"type":"if","locations":[{"start":{"line":95,"column":4},"end":{"line":97,"column":null}}]},"2":{"loc":{"start":{"line":120,"column":4},"end":{"line":122,"column":null}},"type":"if","locations":[{"start":{"line":120,"column":4},"end":{"line":122,"column":null}}]},"3":{"loc":{"start":{"line":121,"column":27},"end":{"line":121,"column":80}},"type":"binary-expr","locations":[{"start":{"line":121,"column":27},"end":{"line":121,"column":67}},{"start":{"line":121,"column":71},"end":{"line":121,"column":80}}]},"4":{"loc":{"start":{"line":124,"column":6},"end":{"line":146,"column":null}},"type":"if","locations":[{"start":{"line":124,"column":6},"end":{"line":146,"column":null}}]},"5":{"loc":{"start":{"line":125,"column":8},"end":{"line":145,"column":null}},"type":"if","locations":[{"start":{"line":125,"column":8},"end":{"line":145,"column":null}},{"start":{"line":132,"column":15},"end":{"line":145,"column":null}}]},"6":{"loc":{"start":{"line":135,"column":12},"end":{"line":137,"column":null}},"type":"if","locations":[{"start":{"line":135,"column":12},"end":{"line":137,"column":null}}]},"7":{"loc":{"start":{"line":139,"column":10},"end":{"line":144,"column":null}},"type":"if","locations":[{"start":{"line":139,"column":10},"end":{"line":144,"column":null}}]},"8":{"loc":{"start":{"line":160,"column":6},"end":{"line":165,"column":null}},"type":"if","locations":[{"start":{"line":160,"column":6},"end":{"line":165,"column":null}}]},"9":{"loc":{"start":{"line":174,"column":8},"end":{"line":184,"column":null}},"type":"if","locations":[{"start":{"line":174,"column":8},"end":{"line":184,"column":null}},{"start":{"line":176,"column":15},"end":{"line":184,"column":null}}]},"10":{"loc":{"start":{"line":176,"column":15},"end":{"line":184,"column":null}},"type":"if","locations":[{"start":{"line":176,"column":15},"end":{"line":184,"column":null}}]},"11":{"loc":{"start":{"line":178,"column":12},"end":{"line":182,"column":null}},"type":"if","locations":[{"start":{"line":178,"column":12},"end":{"line":182,"column":null}},{"start":{"line":180,"column":19},"end":{"line":182,"column":null}}]},"12":{"loc":{"start":{"line":187,"column":6},"end":{"line":189,"column":null}},"type":"if","locations":[{"start":{"line":187,"column":6},"end":{"line":189,"column":null}}]},"13":{"loc":{"start":{"line":191,"column":6},"end":{"line":193,"column":null}},"type":"if","locations":[{"start":{"line":191,"column":6},"end":{"line":193,"column":null}}]}},"s":{"0":3,"1":3,"2":3,"3":9,"4":9,"5":9,"6":9,"7":9,"8":37,"9":37,"10":37,"11":0,"12":38,"13":3,"14":12,"15":1,"16":3,"17":3,"18":3,"19":1,"20":2,"21":1,"22":1,"23":1,"24":1,"25":1,"26":9,"27":9,"28":9,"29":306,"30":306,"31":23,"32":5,"33":18,"34":18,"35":56,"36":12,"37":18,"38":6,"39":9,"40":37,"41":37,"42":97,"43":14,"44":37,"45":37,"46":155,"47":141,"48":14,"49":14,"50":14,"51":7,"52":7,"53":37,"54":30,"55":37,"56":37,"57":37,"58":37,"59":37,"60":3,"61":3},"f":{"0":9,"1":37,"2":37,"3":0,"4":38,"5":3,"6":12,"7":1,"8":3,"9":3,"10":9,"11":306,"12":306,"13":56,"14":9,"15":37,"16":97,"17":155,"18":14},"b":{"0":[1],"1":[1],"2":[9],"3":[9,2],"4":[23],"5":[5,18],"6":[12],"7":[6],"8":[14],"9":[141,14],"10":[14],"11":[7,7],"12":[30],"13":[37]}}
,"/home/lee/src/syster/ts-libs/packages/web-core/src/index.ts": {"path":"/home/lee/src/syster/ts-libs/packages/web-core/src/index.ts","statementMap":{"0":{"start":{"line":1,"column":0},"end":{"line":1,"column":38}},"1":{"start":{"line":2,"column":0},"end":{"line":2,"column":38}},"2":{"start":{"line":3,"column":0},"end":{"line":3,"column":39}},"3":{"start":{"line":4,"column":0},"end":{"line":4,"column":35}},"4":{"start":{"line":5,"column":0},"end":{"line":5,"column":33}},"5":{"start":{"line":6,"column":0},"end":{"line":6,"column":32}},"6":{"start":{"line":7,"column":0},"end":{"line":7,"column":32}},"7":{"start":{"line":8,"column":0},"end":{"line":8,"column":27}}},"fnMap":{},"branchMap":{},"s":{"0":3,"1":3,"2":3,"3":3,"4":3,"5":3,"6":3,"7":3},"f":{},"b":{}}
,"/home/lee/src/syster/ts-libs/packages/web-core/src/model.ts": {"path":"/home/lee/src/syster/ts-libs/packages/web-core/src/model.ts","statementMap":{"0":{"start":{"line":5,"column":4},"end":{"line":5,"column":54}},"1":{"start":{"line":3,"column":0},"end":{"line":3,"column":22}},"2":{"start":{"line":11,"column":0},"end":{"line":11,"column":21}}},"fnMap":{"0":{"name":"(anonymous_0)","decl":{"start":{"line":4,"column":9},"end":{"line":4,"column":15}},"loc":{"start":{"line":4,"column":38},"end":{"line":6,"column":3}}}},"branchMap":{},"s":{"0":0,"1":3,"2":3},"f":{"0":0},"b":{}}
,"/home/lee/src/syster/ts-libs/packages/web-core/src/decorators/accepts.ts": {"path":"/home/lee/src/syster/ts-libs/packages/web-core/src/decorators/accepts.ts","statementMap":{"0":{"start":{"line":1,"column":0},"end":{"line":1,"column":37}},"1":{"start":{"line":8,"column":23},"end":{"line":8,"column":93}},"2":{"start":{"line":8,"column":50},"end":{"line":8,"column":93}},"3":{"start":{"line":8,"column":13},"end":{"line":8,"column":23}},"4":{"start":{"line":9,"column":0},"end":{"line":9,"column":23}}},"fnMap":{"0":{"name":"(anonymous_1)","decl":{"start":{"line":8,"column":23},"end":{"line":8,"column":24}},"loc":{"start":{"line":8,"column":50},"end":{"line":8,"column":93}}}},"branchMap":{},"s":{"0":3,"1":3,"2":6,"3":3,"4":3},"f":{"0":6},"b":{}}
,"/home/lee/src/syster/ts-libs/packages/web-core/src/decorators/annotate.ts": {"path":"/home/lee/src/syster/ts-libs/packages/web-core/src/decorators/annotate.ts","statementMap":{"0":{"start":{"line":3,"column":0},"end":{"line":3,"column":26}},"1":{"start":{"line":12,"column":2},"end":{"line":26,"column":3}},"2":{"start":{"line":13,"column":2},"end":{"line":26,"column":3}},"3":{"start":{"line":14,"column":4},"end":{"line":17,"column":null}},"4":{"start":{"line":16,"column":6},"end":{"line":16,"column":39}},"5":{"start":{"line":18,"column":4},"end":{"line":20,"column":null}},"6":{"start":{"line":19,"column":6},"end":{"line":19,"column":48}},"7":{"start":{"line":22,"column":4},"end":{"line":25,"column":7}},"8":{"start":{"line":11,"column":13},"end":{"line":11,"column":null}},"9":{"start":{"line":28,"column":0},"end":{"line":28,"column":24}}},"fnMap":{"0":{"name":"(anonymous_0)","decl":{"start":{"line":12,"column":2},"end":{"line":12,"column":3}},"loc":{"start":{"line":13,"column":2},"end":{"line":26,"column":3}}},"1":{"name":"(anonymous_1)","decl":{"start":{"line":13,"column":2},"end":{"line":13,"column":3}},"loc":{"start":{"line":13,"column":45},"end":{"line":26,"column":3}}}},"branchMap":{"0":{"loc":{"start":{"line":14,"column":4},"end":{"line":17,"column":null}},"type":"if","locations":[{"start":{"line":14,"column":4},"end":{"line":17,"column":null}}]},"1":{"loc":{"start":{"line":18,"column":4},"end":{"line":20,"column":null}},"type":"if","locations":[{"start":{"line":18,"column":4},"end":{"line":20,"column":null}}]}},"s":{"0":3,"1":3,"2":15,"3":15,"4":3,"5":15,"6":12,"7":15,"8":3,"9":3},"f":{"0":15,"1":15},"b":{"0":[3],"1":[12]}}
,"/home/lee/src/syster/ts-libs/packages/web-core/src/decorators/controller.ts": {"path":"/home/lee/src/syster/ts-libs/packages/web-core/src/decorators/controller.ts","statementMap":{"0":{"start":{"line":2,"column":0},"end":{"line":2,"column":26}},"1":{"start":{"line":3,"column":0},"end":{"line":3,"column":49}},"2":{"start":{"line":12,"column":2},"end":{"line":17,"column":3}},"3":{"start":{"line":13,"column":2},"end":{"line":17,"column":3}},"4":{"start":{"line":15,"column":4},"end":{"line":15,"column":57}},"5":{"start":{"line":15,"column":46},"end":{"line":15,"column":56}},"6":{"start":{"line":16,"column":4},"end":{"line":16,"column":35}},"7":{"start":{"line":11,"column":13},"end":{"line":11,"column":null}},"8":{"start":{"line":19,"column":0},"end":{"line":19,"column":26}}},"fnMap":{"0":{"name":"(anonymous_0)","decl":{"start":{"line":12,"column":2},"end":{"line":12,"column":3}},"loc":{"start":{"line":13,"column":2},"end":{"line":17,"column":3}}},"1":{"name":"(anonymous_1)","decl":{"start":{"line":13,"column":2},"end":{"line":13,"column":3}},"loc":{"start":{"line":13,"column":36},"end":{"line":17,"column":3}}},"2":{"name":"(anonymous_2)","decl":{"start":{"line":15,"column":32},"end":{"line":15,"column":43}},"loc":{"start":{"line":15,"column":46},"end":{"line":15,"column":56}}}},"branchMap":{"0":{"loc":{"start":{"line":15,"column":46},"end":{"line":15,"column":56}},"type":"binary-expr","locations":[{"start":{"line":15,"column":46},"end":{"line":15,"column":50}},{"start":{"line":15,"column":54},"end":{"line":15,"column":56}}]}},"s":{"0":3,"1":3,"2":3,"3":4,"4":4,"5":8,"6":4,"7":3,"8":3},"f":{"0":4,"1":4,"2":8},"b":{"0":[8,0]}}
,"/home/lee/src/syster/ts-libs/packages/web-core/src/decorators/index.ts": {"path":"/home/lee/src/syster/ts-libs/packages/web-core/src/decorators/index.ts","statementMap":{"0":{"start":{"line":1,"column":0},"end":{"line":1,"column":29}},"1":{"start":{"line":2,"column":0},"end":{"line":2,"column":30}},"2":{"start":{"line":3,"column":0},"end":{"line":3,"column":32}},"3":{"start":{"line":4,"column":0},"end":{"line":4,"column":28}},"4":{"start":{"line":5,"column":0},"end":{"line":5,"column":27}}},"fnMap":{},"branchMap":{},"s":{"0":3,"1":3,"2":3,"3":3,"4":3},"f":{},"b":{}}
,"/home/lee/src/syster/ts-libs/packages/web-core/src/decorators/method.ts": {"path":"/home/lee/src/syster/ts-libs/packages/web-core/src/decorators/method.ts","statementMap":{"0":{"start":{"line":1,"column":0},"end":{"line":1,"column":37}},"1":{"start":{"line":9,"column":22},"end":{"line":9,"column":99}},"2":{"start":{"line":9,"column":51},"end":{"line":9,"column":99}},"3":{"start":{"line":9,"column":13},"end":{"line":9,"column":22}},"4":{"start":{"line":10,"column":0},"end":{"line":10,"column":22}}},"fnMap":{"0":{"name":"(anonymous_1)","decl":{"start":{"line":9,"column":22},"end":{"line":9,"column":23}},"loc":{"start":{"line":9,"column":51},"end":{"line":9,"column":99}}}},"branchMap":{},"s":{"0":3,"1":3,"2":6,"3":3,"4":3},"f":{"0":6},"b":{}}
,"/home/lee/src/syster/ts-libs/packages/web-core/src/decorators/route.ts": {"path":"/home/lee/src/syster/ts-libs/packages/web-core/src/decorators/route.ts","statementMap":{"0":{"start":{"line":1,"column":0},"end":{"line":1,"column":37}},"1":{"start":{"line":8,"column":21},"end":{"line":8,"column":67}},"2":{"start":{"line":8,"column":44},"end":{"line":8,"column":67}},"3":{"start":{"line":8,"column":13},"end":{"line":8,"column":21}},"4":{"start":{"line":9,"column":0},"end":{"line":9,"column":21}}},"fnMap":{"0":{"name":"(anonymous_1)","decl":{"start":{"line":8,"column":21},"end":{"line":8,"column":22}},"loc":{"start":{"line":8,"column":44},"end":{"line":8,"column":67}}}},"branchMap":{},"s":{"0":3,"1":3,"2":3,"3":3,"4":3},"f":{"0":3},"b":{}}
,"/home/lee/src/syster/ts-libs/packages/web-core/src/interfaces/index.ts": {"path":"/home/lee/src/syster/ts-libs/packages/web-core/src/interfaces/index.ts","statementMap":{"0":{"start":{"line":1,"column":0},"end":{"line":1,"column":27}},"1":{"start":{"line":2,"column":0},"end":{"line":2,"column":36}}},"fnMap":{},"branchMap":{},"s":{"0":3,"1":3},"f":{},"b":{}}
,"/home/lee/src/syster/ts-libs/packages/web-core/src/middlewares/index.ts": {"path":"/home/lee/src/syster/ts-libs/packages/web-core/src/middlewares/index.ts","statementMap":{"0":{"start":{"line":1,"column":0},"end":{"line":1,"column":28}}},"fnMap":{},"branchMap":{},"s":{"0":3},"f":{},"b":{}}
,"/home/lee/src/syster/ts-libs/packages/web-core/src/middlewares/routes.ts": {"path":"/home/lee/src/syster/ts-libs/packages/web-core/src/middlewares/routes.ts","statementMap":{"0":{"start":{"line":11,"column":2},"end":{"line":27,"column":3}},"1":{"start":{"line":12,"column":2},"end":{"line":27,"column":3}},"2":{"start":{"line":13,"column":38},"end":{"line":13,"column":40}},"3":{"start":{"line":14,"column":4},"end":{"line":20,"column":7}},"4":{"start":{"line":15,"column":6},"end":{"line":18,"column":null}},"5":{"start":{"line":16,"column":8},"end":{"line":16,"column":25}},"6":{"start":{"line":17,"column":8},"end":{"line":17,"column":33}},"7":{"start":{"line":19,"column":6},"end":{"line":19,"column":66}},"8":{"start":{"line":22,"column":4},"end":{"line":24,"column":8}},"9":{"start":{"line":22,"column":44},"end":{"line":24,"column":6}},"10":{"start":{"line":25,"column":4},"end":{"line":25,"column":21}},"11":{"start":{"line":26,"column":4},"end":{"line":26,"column":18}},"12":{"start":{"line":10,"column":13},"end":{"line":10,"column":null}},"13":{"start":{"line":29,"column":0},"end":{"line":29,"column":22}}},"fnMap":{"0":{"name":"(anonymous_0)","decl":{"start":{"line":11,"column":2},"end":{"line":11,"column":3}},"loc":{"start":{"line":12,"column":2},"end":{"line":27,"column":3}}},"1":{"name":"(anonymous_1)","decl":{"start":{"line":12,"column":2},"end":{"line":12,"column":3}},"loc":{"start":{"line":12,"column":27},"end":{"line":27,"column":3}}},"2":{"name":"(anonymous_2)","decl":{"start":{"line":14,"column":34},"end":{"line":14,"column":35}},"loc":{"start":{"line":14,"column":40},"end":{"line":20,"column":5}}},"3":{"name":"(anonymous_3)","decl":{"start":{"line":22,"column":36},"end":{"line":22,"column":37}},"loc":{"start":{"line":22,"column":44},"end":{"line":24,"column":6}}}},"branchMap":{"0":{"loc":{"start":{"line":15,"column":6},"end":{"line":18,"column":null}},"type":"if","locations":[{"start":{"line":15,"column":6},"end":{"line":18,"column":null}}]}},"s":{"0":3,"1":1,"2":1,"3":1,"4":5,"5":2,"6":2,"7":5,"8":1,"9":2,"10":1,"11":1,"12":3,"13":3},"f":{"0":1,"1":1,"2":5,"3":2},"b":{"0":[2]}}
,"/home/lee/src/syster/ts-libs/packages/web-core/src/symbols/index.ts": {"path":"/home/lee/src/syster/ts-libs/packages/web-core/src/symbols/index.ts","statementMap":{"0":{"start":{"line":1,"column":0},"end":{"line":1,"column":37}}},"fnMap":{},"branchMap":{},"s":{"0":3},"f":{},"b":{}}
,"/home/lee/src/syster/ts-libs/packages/web-core/src/symbols/middleware-call.ts": {"path":"/home/lee/src/syster/ts-libs/packages/web-core/src/symbols/middleware-call.ts","statementMap":{"0":{"start":{"line":5,"column":13},"end":{"line":5,"column":81}},"1":{"start":{"line":7,"column":0},"end":{"line":7,"column":30}}},"fnMap":{},"branchMap":{},"s":{"0":3,"1":3},"f":{},"b":{}}
,"/home/lee/src/syster/ts-libs/packages/web-core/src/types/index.ts": {"path":"/home/lee/src/syster/ts-libs/packages/web-core/src/types/index.ts","statementMap":{"0":{"start":{"line":1,"column":0},"end":{"line":1,"column":39}},"1":{"start":{"line":2,"column":0},"end":{"line":2,"column":35}},"2":{"start":{"line":3,"column":0},"end":{"line":3,"column":33}}},"fnMap":{},"branchMap":{},"s":{"0":3,"1":3,"2":3},"f":{},"b":{}}
,"/home/lee/src/syster/ts-libs/packages/web-core/src/util/index.ts": {"path":"/home/lee/src/syster/ts-libs/packages/web-core/src/util/index.ts","statementMap":{"0":{"start":{"line":1,"column":0},"end":{"line":1,"column":39}},"1":{"start":{"line":2,"column":0},"end":{"line":2,"column":35}}},"fnMap":{},"branchMap":{},"s":{"0":3,"1":3},"f":{},"b":{}}
}
