TN:
SF:src/controller.ts
FN:23,(anonymous_7)
FN:32,(anonymous_8)
FN:34,(anonymous_9)
FN:35,(anonymous_10)
FN:44,(anonymous_11)
FN:53,(anonymous_12)
FN:61,(anonymous_13)
FN:69,(anonymous_14)
FN:79,(anonymous_15)
FN:89,(anonymous_16)
FN:119,(anonymous_17)
FN:123,(anonymous_18)
FN:123,(anonymous_19)
FN:134,(anonymous_20)
FN:154,(anonymous_21)
FN:155,(anonymous_22)
FN:160,(anonymous_23)
FN:173,(anonymous_24)
FN:177,(anonymous_25)
FNF:19
FNH:18
FNDA:9,(anonymous_7)
FNDA:37,(anonymous_8)
FNDA:37,(anonymous_9)
FNDA:0,(anonymous_10)
FNDA:38,(anonymous_11)
FNDA:3,(anonymous_12)
FNDA:12,(anonymous_13)
FNDA:1,(anonymous_14)
FNDA:3,(anonymous_15)
FNDA:3,(anonymous_16)
FNDA:9,(anonymous_17)
FNDA:306,(anonymous_18)
FNDA:306,(anonymous_19)
FNDA:56,(anonymous_20)
FNDA:9,(anonymous_21)
FNDA:37,(anonymous_22)
FNDA:97,(anonymous_23)
FNDA:155,(anonymous_24)
FNDA:14,(anonymous_25)
DA:3,3
DA:5,3
DA:6,3
DA:14,3
DA:24,9
DA:25,9
DA:26,9
DA:28,9
DA:32,9
DA:33,37
DA:34,37
DA:35,37
DA:45,38
DA:54,3
DA:62,12
DA:70,1
DA:80,3
DA:90,3
DA:91,3
DA:92,1
DA:95,2
DA:96,1
DA:99,1
DA:100,1
DA:101,1
DA:102,1
DA:120,9
DA:121,9
DA:123,306
DA:124,306
DA:125,23
DA:126,5
DA:133,18
DA:134,18
DA:135,56
DA:136,12
DA:139,18
DA:140,6
DA:155,9
DA:156,37
DA:160,97
DA:161,14
DA:166,37
DA:173,37
DA:174,155
DA:175,141
DA:176,14
DA:177,14
DA:178,14
DA:179,7
DA:181,7
DA:187,37
DA:188,30
DA:191,37
DA:192,37
DA:194,37
DA:195,37
DA:196,37
DA:201,3
LF:59
LH:59
BRDA:91,0,0,1
BRDA:95,1,0,1
BRDA:120,2,0,9
BRDA:121,3,0,9
BRDA:121,3,1,2
BRDA:124,4,0,23
BRDA:125,5,0,5
BRDA:125,5,1,18
BRDA:135,6,0,12
BRDA:139,7,0,6
BRDA:160,8,0,14
BRDA:174,9,0,141
BRDA:174,9,1,14
BRDA:176,10,0,14
BRDA:178,11,0,7
BRDA:178,11,1,7
BRDA:187,12,0,30
BRDA:191,13,0,37
BRF:18
BRH:18
end_of_record
TN:
SF:src/index.ts
FNF:0
FNH:0
DA:1,3
DA:2,3
DA:3,3
DA:4,3
DA:5,3
DA:6,3
DA:7,3
DA:8,3
LF:8
LH:8
BRF:0
BRH:0
end_of_record
TN:
SF:src/model.ts
FN:4,(anonymous_0)
FNF:1
FNH:0
FNDA:0,(anonymous_0)
DA:3,3
DA:5,0
DA:11,3
LF:3
LH:2
BRF:0
BRH:0
end_of_record
TN:
SF:src/decorators/accepts.ts
FN:8,(anonymous_1)
FNF:1
FNH:1
FNDA:6,(anonymous_1)
DA:1,3
DA:8,6
DA:9,3
LF:3
LH:3
BRF:0
BRH:0
end_of_record
TN:
SF:src/decorators/annotate.ts
FN:12,(anonymous_0)
FN:13,(anonymous_1)
FNF:2
FNH:2
FNDA:15,(anonymous_0)
FNDA:15,(anonymous_1)
DA:3,3
DA:11,3
DA:12,3
DA:13,15
DA:14,15
DA:16,3
DA:18,15
DA:19,12
DA:22,15
DA:28,3
LF:10
LH:10
BRDA:14,0,0,3
BRDA:18,1,0,12
BRF:2
BRH:2
end_of_record
TN:
SF:src/decorators/controller.ts
FN:12,(anonymous_0)
FN:13,(anonymous_1)
FN:15,(anonymous_2)
FNF:3
FNH:3
FNDA:4,(anonymous_0)
FNDA:4,(anonymous_1)
FNDA:8,(anonymous_2)
DA:2,3
DA:3,3
DA:11,3
DA:12,3
DA:13,4
DA:15,8
DA:16,4
DA:19,3
LF:8
LH:8
BRDA:15,0,0,8
BRDA:15,0,1,0
BRF:2
BRH:1
end_of_record
TN:
SF:src/decorators/index.ts
FNF:0
FNH:0
DA:1,3
DA:2,3
DA:3,3
DA:4,3
DA:5,3
LF:5
LH:5
BRF:0
BRH:0
end_of_record
TN:
SF:src/decorators/method.ts
FN:9,(anonymous_1)
FNF:1
FNH:1
FNDA:6,(anonymous_1)
DA:1,3
DA:9,6
DA:10,3
LF:3
LH:3
BRF:0
BRH:0
end_of_record
TN:
SF:src/decorators/route.ts
FN:8,(anonymous_1)
FNF:1
FNH:1
FNDA:3,(anonymous_1)
DA:1,3
DA:8,3
DA:9,3
LF:3
LH:3
BRF:0
BRH:0
end_of_record
TN:
SF:src/interfaces/index.ts
FNF:0
FNH:0
DA:1,3
DA:2,3
LF:2
LH:2
BRF:0
BRH:0
end_of_record
TN:
SF:src/middlewares/index.ts
FNF:0
FNH:0
DA:1,3
LF:1
LH:1
BRF:0
BRH:0
end_of_record
TN:
SF:src/middlewares/routes.ts
FN:11,(anonymous_0)
FN:12,(anonymous_1)
FN:14,(anonymous_2)
FN:22,(anonymous_3)
FNF:4
FNH:4
FNDA:1,(anonymous_0)
FNDA:1,(anonymous_1)
FNDA:5,(anonymous_2)
FNDA:2,(anonymous_3)
DA:10,3
DA:11,3
DA:12,1
DA:13,1
DA:14,1
DA:15,5
DA:16,2
DA:17,2
DA:19,5
DA:22,2
DA:25,1
DA:26,1
DA:29,3
LF:13
LH:13
BRDA:15,0,0,2
BRF:1
BRH:1
end_of_record
TN:
SF:src/symbols/index.ts
FNF:0
FNH:0
DA:1,3
LF:1
LH:1
BRF:0
BRH:0
end_of_record
TN:
SF:src/symbols/middleware-call.ts
FNF:0
FNH:0
DA:5,3
DA:7,3
LF:2
LH:2
BRF:0
BRH:0
end_of_record
TN:
SF:src/types/index.ts
FNF:0
FNH:0
DA:1,3
DA:2,3
DA:3,3
LF:3
LH:3
BRF:0
BRH:0
end_of_record
TN:
SF:src/util/index.ts
FNF:0
FNH:0
DA:1,3
DA:2,3
LF:2
LH:2
BRF:0
BRH:0
end_of_record
