<?xml version="1.0" encoding="UTF-8"?>
<coverage generated="1672236393906" clover="3.2.0">
  <project timestamp="1672236393907" name="All files">
    <metrics statements="649" coveredstatements="647" conditionals="133" coveredconditionals="130" methods="160" coveredmethods="158" elements="942" coveredelements="935" complexity="0" loc="649" ncloc="649" packages="17" files="54" classes="54"/>
    <package name="src">
      <metrics statements="12" coveredstatements="12" conditionals="0" coveredconditionals="0" methods="0" coveredmethods="0"/>
      <file name="index.ts" path="/home/lee/src/syster/ts-libs/packages/core/src/index.ts">
        <metrics statements="12" coveredstatements="12" conditionals="0" coveredconditionals="0" methods="0" coveredmethods="0"/>
        <line num="1" count="13" type="stmt"/>
        <line num="2" count="13" type="stmt"/>
        <line num="3" count="13" type="stmt"/>
        <line num="4" count="13" type="stmt"/>
        <line num="5" count="13" type="stmt"/>
        <line num="6" count="13" type="stmt"/>
        <line num="7" count="13" type="stmt"/>
        <line num="8" count="13" type="stmt"/>
        <line num="9" count="13" type="stmt"/>
        <line num="10" count="13" type="stmt"/>
        <line num="11" count="13" type="stmt"/>
        <line num="12" count="13" type="stmt"/>
      </file>
    </package>
    <package name="src.application">
      <metrics statements="155" coveredstatements="155" conditionals="20" coveredconditionals="20" methods="47" coveredmethods="47"/>
      <file name="application.ts" path="/home/lee/src/syster/ts-libs/packages/core/src/application/application.ts">
        <metrics statements="53" coveredstatements="53" conditionals="12" coveredconditionals="12" methods="9" coveredmethods="9"/>
        <line num="1" count="13" type="stmt"/>
        <line num="2" count="13" type="stmt"/>
        <line num="3" count="13" type="stmt"/>
        <line num="4" count="13" type="stmt"/>
        <line num="7" count="13" type="stmt"/>
        <line num="8" count="13" type="stmt"/>
        <line num="9" count="13" type="stmt"/>
        <line num="11" count="13" type="stmt"/>
        <line num="12" count="13" type="stmt"/>
        <line num="24" count="13" type="stmt"/>
        <line num="68" count="4" type="stmt"/>
        <line num="71" count="4" type="stmt"/>
        <line num="72" count="4" type="stmt"/>
        <line num="76" count="4" type="stmt"/>
        <line num="86" count="3" type="stmt"/>
        <line num="96" count="1" type="stmt"/>
        <line num="111" count="2" type="stmt"/>
        <line num="113" count="2" type="stmt"/>
        <line num="118" count="2" type="stmt"/>
        <line num="119" count="2" type="stmt"/>
        <line num="120" count="2" type="stmt"/>
        <line num="123" count="2" type="stmt"/>
        <line num="125" count="2" type="stmt"/>
        <line num="136" count="2" type="cond" truecount="2" falsecount="0"/>
        <line num="137" count="1" type="stmt"/>
        <line num="143" count="1" type="stmt"/>
        <line num="162" count="2" type="cond" truecount="3" falsecount="0"/>
        <line num="165" count="2" type="cond" truecount="1" falsecount="0"/>
        <line num="166" count="2" type="stmt"/>
        <line num="171" count="2" type="stmt"/>
        <line num="173" count="2" type="stmt"/>
        <line num="174" count="2" type="stmt"/>
        <line num="175" count="2" type="stmt"/>
        <line num="176" count="2" type="stmt"/>
        <line num="181" count="2" type="stmt"/>
        <line num="183" count="2" type="stmt"/>
        <line num="184" count="2" type="stmt"/>
        <line num="187" count="2" type="stmt"/>
        <line num="189" count="2" type="stmt"/>
        <line num="191" count="2" type="stmt"/>
        <line num="193" count="2" type="stmt"/>
        <line num="194" count="2" type="stmt"/>
        <line num="197" count="2" type="stmt"/>
        <line num="205" count="2" type="stmt"/>
        <line num="209" count="2" type="stmt"/>
        <line num="212" count="2" type="stmt"/>
        <line num="215" count="2" type="cond" truecount="1" falsecount="0"/>
        <line num="216" count="2" type="stmt"/>
        <line num="218" count="2" type="cond" truecount="1" falsecount="0"/>
        <line num="219" count="2" type="stmt"/>
        <line num="221" count="2" type="stmt"/>
        <line num="222" count="2" type="stmt"/>
        <line num="226" count="13" type="stmt"/>
      </file>
      <file name="cluster.ts" path="/home/lee/src/syster/ts-libs/packages/core/src/application/cluster.ts">
        <metrics statements="41" coveredstatements="41" conditionals="7" coveredconditionals="7" methods="10" coveredmethods="10"/>
        <line num="1" count="13" type="stmt"/>
        <line num="2" count="13" type="stmt"/>
        <line num="3" count="13" type="stmt"/>
        <line num="5" count="13" type="stmt"/>
        <line num="21" count="13" type="stmt"/>
        <line num="29" count="9" type="stmt"/>
        <line num="38" count="9" type="stmt"/>
        <line num="47" count="9" type="stmt"/>
        <line num="56" count="9" type="stmt"/>
        <line num="72" count="9" type="stmt"/>
        <line num="73" count="9" type="stmt"/>
        <line num="74" count="9" type="stmt"/>
        <line num="75" count="9" type="stmt"/>
        <line num="76" count="9" type="stmt"/>
        <line num="80" count="11" type="stmt"/>
        <line num="84" count="3" type="stmt"/>
        <line num="94" count="10" type="cond" truecount="2" falsecount="0"/>
        <line num="105" count="5" type="cond" truecount="1" falsecount="0"/>
        <line num="106" count="5" type="stmt"/>
        <line num="107" count="5" type="stmt"/>
        <line num="108" count="12" type="stmt"/>
        <line num="111" count="5" type="stmt"/>
        <line num="113" count="5" type="stmt"/>
        <line num="123" count="7" type="stmt"/>
        <line num="124" count="7" type="stmt"/>
        <line num="125" count="7" type="stmt"/>
        <line num="126" count="12" type="stmt"/>
        <line num="127" count="12" type="stmt"/>
        <line num="129" count="7" type="stmt"/>
        <line num="140" count="32" type="cond" truecount="1" falsecount="0"/>
        <line num="141" count="13" type="stmt"/>
        <line num="142" count="13" type="stmt"/>
        <line num="143" count="13" type="stmt"/>
        <line num="146" count="32" type="stmt"/>
        <line num="156" count="44" type="cond" truecount="3" falsecount="0"/>
        <line num="159" count="12" type="stmt"/>
        <line num="161" count="12" type="stmt"/>
        <line num="162" count="12" type="stmt"/>
        <line num="164" count="12" type="stmt"/>
        <line num="168" count="12" type="stmt"/>
        <line num="173" count="13" type="stmt"/>
      </file>
      <file name="index.ts" path="/home/lee/src/syster/ts-libs/packages/core/src/application/index.ts">
        <metrics statements="4" coveredstatements="4" conditionals="0" coveredconditionals="0" methods="0" coveredmethods="0"/>
        <line num="1" count="13" type="stmt"/>
        <line num="2" count="13" type="stmt"/>
        <line num="3" count="13" type="stmt"/>
        <line num="4" count="13" type="stmt"/>
      </file>
      <file name="lifecycle.ts" path="/home/lee/src/syster/ts-libs/packages/core/src/application/lifecycle.ts">
        <metrics statements="24" coveredstatements="24" conditionals="0" coveredconditionals="0" methods="10" coveredmethods="10"/>
        <line num="1" count="13" type="stmt"/>
        <line num="22" count="13" type="stmt"/>
        <line num="39" count="19" type="stmt"/>
        <line num="48" count="19" type="stmt"/>
        <line num="57" count="19" type="stmt"/>
        <line num="66" count="19" type="stmt"/>
        <line num="75" count="19" type="stmt"/>
        <line num="88" count="19" type="stmt"/>
        <line num="101" count="19" type="stmt"/>
        <line num="114" count="19" type="stmt"/>
        <line num="126" count="19" type="stmt"/>
        <line num="128" count="19" type="stmt"/>
        <line num="139" count="1" type="stmt"/>
        <line num="150" count="1" type="stmt"/>
        <line num="159" count="8" type="stmt"/>
        <line num="168" count="1" type="stmt"/>
        <line num="177" count="1" type="stmt"/>
        <line num="186" count="22" type="stmt"/>
        <line num="195" count="9" type="stmt"/>
        <line num="206" count="8" type="stmt"/>
        <line num="207" count="8" type="stmt"/>
        <line num="218" count="10" type="stmt"/>
        <line num="219" count="10" type="stmt"/>
        <line num="223" count="13" type="stmt"/>
      </file>
      <file name="runtime.ts" path="/home/lee/src/syster/ts-libs/packages/core/src/application/runtime.ts">
        <metrics statements="33" coveredstatements="33" conditionals="1" coveredconditionals="1" methods="18" coveredmethods="18"/>
        <line num="1" count="13" type="stmt"/>
        <line num="5" count="13" type="stmt"/>
        <line num="17" count="13" type="stmt"/>
        <line num="59" count="12" type="stmt"/>
        <line num="60" count="12" type="stmt"/>
        <line num="61" count="12" type="stmt"/>
        <line num="64" count="12" type="stmt"/>
        <line num="66" count="12" type="stmt"/>
        <line num="67" count="12" type="stmt"/>
        <line num="68" count="12" type="stmt"/>
        <line num="70" count="12" type="stmt"/>
        <line num="71" count="12" type="stmt"/>
        <line num="72" count="12" type="stmt"/>
        <line num="83" count="18" type="stmt"/>
        <line num="84" count="18" type="stmt"/>
        <line num="94" count="4" type="stmt"/>
        <line num="95" count="4" type="stmt"/>
        <line num="105" count="18" type="cond" truecount="1" falsecount="0"/>
        <line num="106" count="9" type="stmt"/>
        <line num="107" count="9" type="stmt"/>
        <line num="119" count="8" type="stmt"/>
        <line num="121" count="42" type="stmt"/>
        <line num="122" count="6" type="stmt"/>
        <line num="134" count="4" type="stmt"/>
        <line num="135" count="4" type="stmt"/>
        <line num="136" count="4" type="stmt"/>
        <line num="147" count="4" type="stmt"/>
        <line num="148" count="4" type="stmt"/>
        <line num="149" count="4" type="stmt"/>
        <line num="150" count="4" type="stmt"/>
        <line num="161" count="4" type="stmt"/>
        <line num="172" count="8" type="stmt"/>
        <line num="176" count="13" type="stmt"/>
      </file>
    </package>
    <package name="src.configuration">
      <metrics statements="67" coveredstatements="67" conditionals="14" coveredconditionals="14" methods="18" coveredmethods="16"/>
      <file name="changeset.ts" path="/home/lee/src/syster/ts-libs/packages/core/src/configuration/changeset.ts">
        <metrics statements="5" coveredstatements="5" conditionals="0" coveredconditionals="0" methods="1" coveredmethods="1"/>
        <line num="3" count="13" type="stmt"/>
        <line num="11" count="45" type="stmt"/>
        <line num="12" count="45" type="stmt"/>
        <line num="13" count="45" type="stmt"/>
        <line num="17" count="13" type="stmt"/>
      </file>
      <file name="config-builder.ts" path="/home/lee/src/syster/ts-libs/packages/core/src/configuration/config-builder.ts">
        <metrics statements="16" coveredstatements="16" conditionals="1" coveredconditionals="1" methods="5" coveredmethods="5"/>
        <line num="1" count="13" type="stmt"/>
        <line num="5" count="13" type="stmt"/>
        <line num="21" count="13" type="stmt"/>
        <line num="29" count="8" type="stmt"/>
        <line num="34" count="2" type="stmt"/>
        <line num="35" count="2" type="stmt"/>
        <line num="45" count="4" type="stmt"/>
        <line num="46" count="4" type="stmt"/>
        <line num="47" count="4" type="stmt"/>
        <line num="49" count="4" type="cond" truecount="1" falsecount="0"/>
        <line num="50" count="1" type="stmt"/>
        <line num="52" count="3" type="stmt"/>
        <line num="62" count="1" type="stmt"/>
        <line num="73" count="6" type="stmt"/>
        <line num="74" count="6" type="stmt"/>
        <line num="78" count="13" type="stmt"/>
      </file>
      <file name="config-provider.ts" path="/home/lee/src/syster/ts-libs/packages/core/src/configuration/config-provider.ts">
        <metrics statements="26" coveredstatements="26" conditionals="10" coveredconditionals="10" methods="7" coveredmethods="7"/>
        <line num="1" count="13" type="stmt"/>
        <line num="2" count="13" type="stmt"/>
        <line num="9" count="13" type="stmt"/>
        <line num="17" count="15" type="stmt"/>
        <line num="25" count="15" type="stmt"/>
        <line num="33" count="43" type="stmt"/>
        <line num="43" count="4" type="stmt"/>
        <line num="54" count="27" type="stmt"/>
        <line num="66" count="45" type="stmt"/>
        <line num="71" count="45" type="cond" truecount="2" falsecount="0"/>
        <line num="72" count="42" type="stmt"/>
        <line num="73" count="3" type="cond" truecount="4" falsecount="0"/>
        <line num="74" count="1" type="stmt"/>
        <line num="75" count="2" type="cond" truecount="1" falsecount="0"/>
        <line num="76" count="1" type="stmt"/>
        <line num="78" count="45" type="cond" truecount="1" falsecount="0"/>
        <line num="79" count="2" type="stmt"/>
        <line num="81" count="45" type="stmt"/>
        <line num="82" count="45" type="stmt"/>
        <line num="83" count="45" type="cond" truecount="1" falsecount="0"/>
        <line num="84" count="43" type="stmt"/>
        <line num="86" count="45" type="stmt"/>
        <line num="96" count="2" type="stmt"/>
        <line num="97" count="1" type="cond" truecount="1" falsecount="0"/>
        <line num="98" count="1" type="stmt"/>
        <line num="103" count="13" type="stmt"/>
      </file>
      <file name="config.ts" path="/home/lee/src/syster/ts-libs/packages/core/src/configuration/config.ts">
        <metrics statements="15" coveredstatements="15" conditionals="3" coveredconditionals="3" methods="5" coveredmethods="3"/>
        <line num="1" count="13" type="stmt"/>
        <line num="18" count="13" type="stmt"/>
        <line num="61" count="7" type="stmt"/>
        <line num="64" count="7" type="stmt"/>
        <line num="84" count="26" type="cond" truecount="2" falsecount="0"/>
        <line num="85" count="25" type="stmt"/>
        <line num="86" count="25" type="stmt"/>
        <line num="87" count="25" type="stmt"/>
        <line num="88" count="25" type="cond" truecount="1" falsecount="0"/>
        <line num="89" count="16" type="stmt"/>
        <line num="93" count="1" type="stmt"/>
        <line num="95" count="9" type="stmt"/>
        <line num="106" count="2" type="stmt"/>
        <line num="107" count="2" type="stmt"/>
        <line num="112" count="13" type="stmt"/>
      </file>
      <file name="index.ts" path="/home/lee/src/syster/ts-libs/packages/core/src/configuration/index.ts">
        <metrics statements="5" coveredstatements="5" conditionals="0" coveredconditionals="0" methods="0" coveredmethods="0"/>
        <line num="1" count="13" type="stmt"/>
        <line num="2" count="13" type="stmt"/>
        <line num="3" count="13" type="stmt"/>
        <line num="4" count="13" type="stmt"/>
        <line num="5" count="13" type="stmt"/>
      </file>
    </package>
    <package name="src.configuration.util">
      <metrics statements="51" coveredstatements="49" conditionals="31" coveredconditionals="28" methods="9" coveredmethods="9"/>
      <file name="configure.ts" path="/home/lee/src/syster/ts-libs/packages/core/src/configuration/util/configure.ts">
        <metrics statements="46" coveredstatements="44" conditionals="28" coveredconditionals="25" methods="8" coveredmethods="8"/>
        <line num="3" count="13" type="stmt"/>
        <line num="12" count="13" type="stmt"/>
        <line num="13" count="24" type="stmt"/>
        <line num="14" count="24" type="cond" truecount="1" falsecount="0"/>
        <line num="15" count="9" type="stmt"/>
        <line num="17" count="15" type="cond" truecount="1" falsecount="0"/>
        <line num="18" count="15" type="cond" truecount="1" falsecount="0"/>
        <line num="19" count="9" type="cond" truecount="3" falsecount="0"/>
        <line num="21" count="3" type="stmt"/>
        <line num="22" count="3" type="stmt"/>
        <line num="24" count="3" type="stmt"/>
        <line num="25" count="3" type="stmt"/>
        <line num="27" count="3" type="cond" truecount="1" falsecount="1"/>
        <line num="28" count="3" type="cond" truecount="1" falsecount="1"/>
        <line num="29" count="0" type="cond" truecount="0" falsecount="1"/>
        <line num="30" count="0" type="stmt"/>
        <line num="32" count="3" type="stmt"/>
        <line num="33" count="3" type="stmt"/>
        <line num="41" count="15" type="stmt"/>
        <line num="52" count="13" type="cond" truecount="2" falsecount="0"/>
        <line num="53" count="27" type="stmt"/>
        <line num="54" count="27" type="cond" truecount="1" falsecount="0"/>
        <line num="55" count="9" type="stmt"/>
        <line num="57" count="27" type="cond" truecount="4" falsecount="0"/>
        <line num="58" count="18" type="stmt"/>
        <line num="59" count="69" type="cond" truecount="2" falsecount="0"/>
        <line num="60" count="63" type="cond" truecount="2" falsecount="0"/>
        <line num="61" count="24" type="stmt"/>
        <line num="62" count="39" type="cond" truecount="1" falsecount="0"/>
        <line num="63" count="9" type="stmt"/>
        <line num="66" count="6" type="stmt"/>
        <line num="70" count="9" type="stmt"/>
        <line num="73" count="27" type="stmt"/>
        <line num="83" count="13" type="stmt"/>
        <line num="84" count="3" type="stmt"/>
        <line num="85" count="24" type="stmt"/>
        <line num="87" count="3" type="stmt"/>
        <line num="88" count="3" type="stmt"/>
        <line num="90" count="3" type="stmt"/>
        <line num="91" count="3" type="stmt"/>
        <line num="92" count="24" type="stmt"/>
        <line num="93" count="27" type="cond" truecount="4" falsecount="0"/>
        <line num="94" count="27" type="cond" truecount="1" falsecount="0"/>
        <line num="96" count="24" type="stmt"/>
        <line num="98" count="27" type="stmt"/>
        <line num="106" count="13" type="stmt"/>
      </file>
      <file name="index.ts" path="/home/lee/src/syster/ts-libs/packages/core/src/configuration/util/index.ts">
        <metrics statements="2" coveredstatements="2" conditionals="0" coveredconditionals="0" methods="0" coveredmethods="0"/>
        <line num="1" count="13" type="stmt"/>
        <line num="2" count="13" type="stmt"/>
      </file>
      <file name="is-primitive.ts" path="/home/lee/src/syster/ts-libs/packages/core/src/configuration/util/is-primitive.ts">
        <metrics statements="3" coveredstatements="3" conditionals="3" coveredconditionals="3" methods="1" coveredmethods="1"/>
        <line num="6" count="13" type="stmt"/>
        <line num="7" count="18" type="cond" truecount="3" falsecount="0"/>
        <line num="15" count="13" type="stmt"/>
      </file>
    </package>
    <package name="src.decorators">
      <metrics statements="78" coveredstatements="78" conditionals="13" coveredconditionals="13" methods="12" coveredmethods="12"/>
      <file name="hosted.ts" path="/home/lee/src/syster/ts-libs/packages/core/src/decorators/hosted.ts">
        <metrics statements="15" coveredstatements="15" conditionals="7" coveredconditionals="7" methods="2" coveredmethods="2"/>
        <line num="1" count="13" type="stmt"/>
        <line num="2" count="13" type="stmt"/>
        <line num="3" count="13" type="stmt"/>
        <line num="5" count="13" type="stmt"/>
        <line num="7" count="13" type="stmt"/>
        <line num="13" count="13" type="stmt"/>
        <line num="14" count="13" type="cond" truecount="1" falsecount="0"/>
        <line num="15" count="4" type="stmt"/>
        <line num="16" count="4" type="cond" truecount="3" falsecount="0"/>
        <line num="17" count="1" type="stmt"/>
        <line num="19" count="3" type="cond" truecount="3" falsecount="0"/>
        <line num="20" count="1" type="stmt"/>
        <line num="22" count="2" type="stmt"/>
        <line num="23" count="2" type="stmt"/>
        <line num="26" count="13" type="stmt"/>
      </file>
      <file name="index.ts" path="/home/lee/src/syster/ts-libs/packages/core/src/decorators/index.ts">
        <metrics statements="7" coveredstatements="7" conditionals="0" coveredconditionals="0" methods="0" coveredmethods="0"/>
        <line num="1" count="13" type="stmt"/>
        <line num="2" count="13" type="stmt"/>
        <line num="3" count="13" type="stmt"/>
        <line num="4" count="13" type="stmt"/>
        <line num="5" count="13" type="stmt"/>
        <line num="6" count="13" type="stmt"/>
        <line num="7" count="13" type="stmt"/>
      </file>
      <file name="inject.ts" path="/home/lee/src/syster/ts-libs/packages/core/src/decorators/inject.ts">
        <metrics statements="8" coveredstatements="8" conditionals="0" coveredconditionals="0" methods="2" coveredmethods="2"/>
        <line num="1" count="13" type="stmt"/>
        <line num="2" count="13" type="stmt"/>
        <line num="9" count="13" type="stmt"/>
        <line num="10" count="13" type="stmt"/>
        <line num="11" count="4" type="stmt"/>
        <line num="12" count="4" type="stmt"/>
        <line num="13" count="4" type="stmt"/>
        <line num="16" count="13" type="stmt"/>
      </file>
      <file name="injectable.ts" path="/home/lee/src/syster/ts-libs/packages/core/src/decorators/injectable.ts">
        <metrics statements="12" coveredstatements="12" conditionals="1" coveredconditionals="1" methods="2" coveredmethods="2"/>
        <line num="1" count="13" type="stmt"/>
        <line num="2" count="13" type="stmt"/>
        <line num="3" count="13" type="stmt"/>
        <line num="4" count="13" type="stmt"/>
        <line num="10" count="13" type="stmt"/>
        <line num="11" count="13" type="stmt"/>
        <line num="12" count="66" type="stmt"/>
        <line num="13" count="66" type="cond" truecount="1" falsecount="0"/>
        <line num="14" count="33" type="stmt"/>
        <line num="16" count="66" type="stmt"/>
        <line num="17" count="66" type="stmt"/>
        <line num="20" count="13" type="stmt"/>
      </file>
      <file name="parent.ts" path="/home/lee/src/syster/ts-libs/packages/core/src/decorators/parent.ts">
        <metrics statements="5" coveredstatements="5" conditionals="0" coveredconditionals="0" methods="1" coveredmethods="1"/>
        <line num="1" count="13" type="stmt"/>
        <line num="2" count="13" type="stmt"/>
        <line num="3" count="13" type="stmt"/>
        <line num="8" count="13" type="stmt"/>
        <line num="10" count="13" type="stmt"/>
      </file>
      <file name="root.ts" path="/home/lee/src/syster/ts-libs/packages/core/src/decorators/root.ts">
        <metrics statements="5" coveredstatements="5" conditionals="0" coveredconditionals="0" methods="1" coveredmethods="1"/>
        <line num="1" count="13" type="stmt"/>
        <line num="2" count="13" type="stmt"/>
        <line num="3" count="13" type="stmt"/>
        <line num="8" count="13" type="stmt"/>
        <line num="10" count="13" type="stmt"/>
      </file>
      <file name="singleton.ts" path="/home/lee/src/syster/ts-libs/packages/core/src/decorators/singleton.ts">
        <metrics statements="13" coveredstatements="13" conditionals="4" coveredconditionals="4" methods="2" coveredmethods="2"/>
        <line num="1" count="13" type="stmt"/>
        <line num="2" count="13" type="stmt"/>
        <line num="3" count="13" type="stmt"/>
        <line num="4" count="13" type="stmt"/>
        <line num="5" count="13" type="stmt"/>
        <line num="11" count="13" type="stmt"/>
        <line num="12" count="13" type="cond" truecount="1" falsecount="0"/>
        <line num="13" count="30" type="stmt"/>
        <line num="14" count="30" type="cond" truecount="3" falsecount="0"/>
        <line num="15" count="1" type="stmt"/>
        <line num="17" count="29" type="stmt"/>
        <line num="18" count="29" type="stmt"/>
        <line num="21" count="13" type="stmt"/>
      </file>
      <file name="transient.ts" path="/home/lee/src/syster/ts-libs/packages/core/src/decorators/transient.ts">
        <metrics statements="13" coveredstatements="13" conditionals="1" coveredconditionals="1" methods="2" coveredmethods="2"/>
        <line num="1" count="13" type="stmt"/>
        <line num="2" count="13" type="stmt"/>
        <line num="3" count="13" type="stmt"/>
        <line num="4" count="13" type="stmt"/>
        <line num="5" count="13" type="stmt"/>
        <line num="11" count="13" type="stmt"/>
        <line num="12" count="13" type="stmt"/>
        <line num="13" count="3" type="stmt"/>
        <line num="14" count="3" type="cond" truecount="1" falsecount="0"/>
        <line num="15" count="1" type="stmt"/>
        <line num="17" count="2" type="stmt"/>
        <line num="18" count="2" type="stmt"/>
        <line num="21" count="13" type="stmt"/>
      </file>
    </package>
    <package name="src.enums">
      <metrics statements="23" coveredstatements="23" conditionals="6" coveredconditionals="6" methods="3" coveredmethods="3"/>
      <file name="changeset-type.ts" path="/home/lee/src/syster/ts-libs/packages/core/src/enums/changeset-type.ts">
        <metrics statements="6" coveredstatements="6" conditionals="2" coveredconditionals="2" methods="1" coveredmethods="1"/>
        <line num="1" count="13" type="cond" truecount="2" falsecount="0"/>
        <line num="2" count="13" type="stmt"/>
        <line num="3" count="13" type="stmt"/>
        <line num="4" count="13" type="stmt"/>
        <line num="5" count="13" type="stmt"/>
        <line num="8" count="13" type="stmt"/>
      </file>
      <file name="index.ts" path="/home/lee/src/syster/ts-libs/packages/core/src/enums/index.ts">
        <metrics statements="3" coveredstatements="3" conditionals="0" coveredconditionals="0" methods="0" coveredmethods="0"/>
        <line num="1" count="13" type="stmt"/>
        <line num="2" count="13" type="stmt"/>
        <line num="3" count="13" type="stmt"/>
      </file>
      <file name="injection-scope.ts" path="/home/lee/src/syster/ts-libs/packages/core/src/enums/injection-scope.ts">
        <metrics statements="6" coveredstatements="6" conditionals="2" coveredconditionals="2" methods="1" coveredmethods="1"/>
        <line num="6" count="13" type="cond" truecount="2" falsecount="0"/>
        <line num="7" count="13" type="stmt"/>
        <line num="8" count="13" type="stmt"/>
        <line num="9" count="13" type="stmt"/>
        <line num="10" count="13" type="stmt"/>
        <line num="13" count="13" type="stmt"/>
      </file>
      <file name="log-level.ts" path="/home/lee/src/syster/ts-libs/packages/core/src/enums/log-level.ts">
        <metrics statements="8" coveredstatements="8" conditionals="2" coveredconditionals="2" methods="1" coveredmethods="1"/>
        <line num="6" count="13" type="cond" truecount="2" falsecount="0"/>
        <line num="7" count="13" type="stmt"/>
        <line num="8" count="13" type="stmt"/>
        <line num="9" count="13" type="stmt"/>
        <line num="10" count="13" type="stmt"/>
        <line num="11" count="13" type="stmt"/>
        <line num="12" count="13" type="stmt"/>
        <line num="15" count="13" type="stmt"/>
      </file>
    </package>
    <package name="src.errors">
      <metrics statements="6" coveredstatements="6" conditionals="0" coveredconditionals="0" methods="0" coveredmethods="0"/>
      <file name="index.ts" path="/home/lee/src/syster/ts-libs/packages/core/src/errors/index.ts">
        <metrics statements="2" coveredstatements="2" conditionals="0" coveredconditionals="0" methods="0" coveredmethods="0"/>
        <line num="1" count="13" type="stmt"/>
        <line num="2" count="13" type="stmt"/>
      </file>
      <file name="ioc-error.ts" path="/home/lee/src/syster/ts-libs/packages/core/src/errors/ioc-error.ts">
        <metrics statements="2" coveredstatements="2" conditionals="0" coveredconditionals="0" methods="0" coveredmethods="0"/>
        <line num="7" count="13" type="stmt"/>
        <line num="9" count="13" type="stmt"/>
      </file>
      <file name="state-machine-error.ts" path="/home/lee/src/syster/ts-libs/packages/core/src/errors/state-machine-error.ts">
        <metrics statements="2" coveredstatements="2" conditionals="0" coveredconditionals="0" methods="0" coveredmethods="0"/>
        <line num="7" count="13" type="stmt"/>
        <line num="9" count="13" type="stmt"/>
      </file>
    </package>
    <package name="src.fsm">
      <metrics statements="41" coveredstatements="41" conditionals="19" coveredconditionals="19" methods="6" coveredmethods="6"/>
      <file name="fsm.ts" path="/home/lee/src/syster/ts-libs/packages/core/src/fsm/fsm.ts">
        <metrics statements="40" coveredstatements="40" conditionals="19" coveredconditionals="19" methods="6" coveredmethods="6"/>
        <line num="1" count="13" type="stmt"/>
        <line num="23" count="13" type="stmt"/>
        <line num="58" count="28" type="stmt"/>
        <line num="67" count="28" type="stmt"/>
        <line num="74" count="28" type="stmt"/>
        <line num="75" count="28" type="stmt"/>
        <line num="86" count="65" type="cond" truecount="1" falsecount="0"/>
        <line num="87" count="1" type="stmt"/>
        <line num="90" count="64" type="stmt"/>
        <line num="92" count="64" type="cond" truecount="1" falsecount="0"/>
        <line num="93" count="11" type="stmt"/>
        <line num="96" count="53" type="cond" truecount="6" falsecount="0"/>
        <line num="97" count="1" type="stmt"/>
        <line num="100" count="52" type="cond" truecount="1" falsecount="0"/>
        <line num="101" count="22" type="stmt"/>
        <line num="102" count="22" type="stmt"/>
        <line num="105" count="30" type="stmt"/>
        <line num="107" count="30" type="cond" truecount="3" falsecount="0"/>
        <line num="108" count="1" type="stmt"/>
        <line num="109" count="1" type="stmt"/>
        <line num="112" count="30" type="stmt"/>
        <line num="114" count="30" type="cond" truecount="1" falsecount="0"/>
        <line num="115" count="19" type="stmt"/>
        <line num="116" count="19" type="stmt"/>
        <line num="118" count="30" type="stmt"/>
        <line num="129" count="112" type="stmt"/>
        <line num="130" count="112" type="stmt"/>
        <line num="131" count="57" type="stmt"/>
        <line num="133" count="112" type="stmt"/>
        <line num="144" count="10" type="cond" truecount="1" falsecount="0"/>
        <line num="145" count="4" type="stmt"/>
        <line num="146" count="4" type="stmt"/>
        <line num="149" count="6" type="cond" truecount="3" falsecount="0"/>
        <line num="150" count="1" type="stmt"/>
        <line num="162" count="32" type="cond" truecount="1" falsecount="0"/>
        <line num="163" count="1" type="stmt"/>
        <line num="165" count="31" type="stmt"/>
        <line num="166" count="31" type="cond" truecount="1" falsecount="0"/>
        <line num="167" count="31" type="stmt"/>
        <line num="172" count="13" type="stmt"/>
      </file>
      <file name="index.ts" path="/home/lee/src/syster/ts-libs/packages/core/src/fsm/index.ts">
        <metrics statements="1" coveredstatements="1" conditionals="0" coveredconditionals="0" methods="0" coveredmethods="0"/>
        <line num="1" count="13" type="stmt"/>
      </file>
    </package>
    <package name="src.helpers">
      <metrics statements="17" coveredstatements="17" conditionals="3" coveredconditionals="3" methods="5" coveredmethods="5"/>
      <file name="index.ts" path="/home/lee/src/syster/ts-libs/packages/core/src/helpers/index.ts">
        <metrics statements="1" coveredstatements="1" conditionals="0" coveredconditionals="0" methods="0" coveredmethods="0"/>
        <line num="1" count="13" type="stmt"/>
      </file>
      <file name="promise-throttle.ts" path="/home/lee/src/syster/ts-libs/packages/core/src/helpers/promise-throttle.ts">
        <metrics statements="16" coveredstatements="16" conditionals="3" coveredconditionals="3" methods="5" coveredmethods="5"/>
        <line num="1" count="13" type="stmt"/>
        <line num="6" count="1" type="stmt"/>
        <line num="7" count="1" type="stmt"/>
        <line num="8" count="1" type="stmt"/>
        <line num="12" count="5" type="stmt"/>
        <line num="13" count="5" type="stmt"/>
        <line num="14" count="8" type="cond" truecount="2" falsecount="0"/>
        <line num="15" count="5" type="stmt"/>
        <line num="16" count="5" type="stmt"/>
        <line num="18" count="5" type="stmt"/>
        <line num="19" count="5" type="stmt"/>
        <line num="20" count="5" type="cond" truecount="1" falsecount="0"/>
        <line num="21" count="3" type="stmt"/>
        <line num="35" count="3" type="stmt"/>
        <line num="38" count="5" type="stmt"/>
        <line num="43" count="13" type="stmt"/>
      </file>
    </package>
    <package name="src.interfaces">
      <metrics statements="15" coveredstatements="15" conditionals="0" coveredconditionals="0" methods="0" coveredmethods="0"/>
      <file name="index.ts" path="/home/lee/src/syster/ts-libs/packages/core/src/interfaces/index.ts">
        <metrics statements="15" coveredstatements="15" conditionals="0" coveredconditionals="0" methods="0" coveredmethods="0"/>
        <line num="1" count="13" type="stmt"/>
        <line num="2" count="13" type="stmt"/>
        <line num="3" count="13" type="stmt"/>
        <line num="4" count="13" type="stmt"/>
        <line num="5" count="13" type="stmt"/>
        <line num="6" count="13" type="stmt"/>
        <line num="7" count="13" type="stmt"/>
        <line num="8" count="13" type="stmt"/>
        <line num="9" count="13" type="stmt"/>
        <line num="10" count="13" type="stmt"/>
        <line num="11" count="13" type="stmt"/>
        <line num="12" count="13" type="stmt"/>
        <line num="13" count="13" type="stmt"/>
        <line num="14" count="13" type="stmt"/>
        <line num="15" count="13" type="stmt"/>
      </file>
    </package>
    <package name="src.ioc">
      <metrics statements="90" coveredstatements="90" conditionals="26" coveredconditionals="26" methods="23" coveredmethods="23"/>
      <file name="container.ts" path="/home/lee/src/syster/ts-libs/packages/core/src/ioc/container.ts">
        <metrics statements="68" coveredstatements="68" conditionals="26" coveredconditionals="26" methods="16" coveredmethods="16"/>
        <line num="1" count="13" type="stmt"/>
        <line num="2" count="13" type="stmt"/>
        <line num="11" count="13" type="stmt"/>
        <line num="12" count="13" type="stmt"/>
        <line num="13" count="13" type="stmt"/>
        <line num="31" count="13" type="stmt"/>
        <line num="74" count="18" type="cond" truecount="2" falsecount="0"/>
        <line num="75" count="18" type="stmt"/>
        <line num="76" count="18" type="cond" truecount="2" falsecount="0"/>
        <line num="77" count="2" type="stmt"/>
        <line num="78" count="2" type="stmt"/>
        <line num="80" count="16" type="stmt"/>
        <line num="82" count="18" type="stmt"/>
        <line num="111" count="6" type="stmt"/>
        <line num="125" count="1" type="stmt"/>
        <line num="138" count="34" type="cond" truecount="3" falsecount="0"/>
        <line num="139" count="1" type="stmt"/>
        <line num="154" count="2" type="stmt"/>
        <line num="166" count="34" type="stmt"/>
        <line num="167" count="34" type="cond" truecount="1" falsecount="0"/>
        <line num="168" count="28" type="stmt"/>
        <line num="171" count="34" type="stmt"/>
        <line num="173" count="34" type="stmt"/>
        <line num="174" count="33" type="cond" truecount="3" falsecount="0"/>
        <line num="177" count="13" type="cond" truecount="3" falsecount="0"/>
        <line num="178" count="11" type="stmt"/>
        <line num="179" count="11" type="stmt"/>
        <line num="181" count="13" type="stmt"/>
        <line num="183" count="20" type="stmt"/>
        <line num="185" count="33" type="stmt"/>
        <line num="186" count="33" type="stmt"/>
        <line num="199" count="17" type="cond" truecount="1" falsecount="0"/>
        <line num="200" count="4" type="stmt"/>
        <line num="203" count="79" type="stmt"/>
        <line num="204" count="13" type="stmt"/>
        <line num="214" count="8" type="stmt"/>
        <line num="226" count="14" type="stmt"/>
        <line num="227" count="14" type="stmt"/>
        <line num="238" count="2" type="stmt"/>
        <line num="252" count="26" type="cond" truecount="1" falsecount="0"/>
        <line num="253" count="4" type="cond" truecount="1" falsecount="0"/>
        <line num="254" count="3" type="stmt"/>
        <line num="260" count="3" type="stmt"/>
        <line num="262" count="1" type="stmt"/>
        <line num="264" count="22" type="cond" truecount="1" falsecount="0"/>
        <line num="265" count="15" type="stmt"/>
        <line num="267" count="7" type="cond" truecount="1" falsecount="0"/>
        <line num="268" count="6" type="stmt"/>
        <line num="270" count="1" type="cond" truecount="1" falsecount="0"/>
        <line num="271" count="1" type="stmt"/>
        <line num="287" count="18" type="stmt"/>
        <line num="288" count="18" type="stmt"/>
        <line num="289" count="18" type="cond" truecount="1" falsecount="0"/>
        <line num="290" count="14" type="stmt"/>
        <line num="293" count="4" type="stmt"/>
        <line num="294" count="4" type="stmt"/>
        <line num="296" count="4" type="stmt"/>
        <line num="297" count="4" type="stmt"/>
        <line num="310" count="15" type="stmt"/>
        <line num="311" count="15" type="cond" truecount="1" falsecount="0"/>
        <line num="312" count="9" type="stmt"/>
        <line num="314" count="6" type="stmt"/>
        <line num="319" count="12" type="cond" truecount="2" falsecount="0"/>
        <line num="320" count="12" type="stmt"/>
        <line num="321" count="12" type="cond" truecount="1" falsecount="0"/>
        <line num="322" count="3" type="stmt"/>
        <line num="324" count="12" type="stmt"/>
        <line num="329" count="13" type="stmt"/>
      </file>
      <file name="helpers.ts" path="/home/lee/src/syster/ts-libs/packages/core/src/ioc/helpers.ts">
        <metrics statements="16" coveredstatements="16" conditionals="0" coveredconditionals="0" methods="6" coveredmethods="6"/>
        <line num="1" count="13" type="stmt"/>
        <line num="7" count="13" type="stmt"/>
        <line num="8" count="13" type="stmt"/>
        <line num="9" count="13" type="stmt"/>
        <line num="22" count="13" type="stmt"/>
        <line num="23" count="12" type="stmt"/>
        <line num="33" count="13" type="stmt"/>
        <line num="34" count="28" type="stmt"/>
        <line num="45" count="13" type="stmt"/>
        <line num="46" count="21" type="stmt"/>
        <line num="57" count="13" type="stmt"/>
        <line num="58" count="67" type="stmt"/>
        <line num="69" count="13" type="stmt"/>
        <line num="70" count="7" type="stmt"/>
        <line num="81" count="13" type="stmt"/>
        <line num="82" count="1" type="stmt"/>
      </file>
      <file name="index.ts" path="/home/lee/src/syster/ts-libs/packages/core/src/ioc/index.ts">
        <metrics statements="3" coveredstatements="3" conditionals="0" coveredconditionals="0" methods="0" coveredmethods="0"/>
        <line num="1" count="13" type="stmt"/>
        <line num="2" count="13" type="stmt"/>
        <line num="3" count="13" type="stmt"/>
      </file>
      <file name="injection-token.ts" path="/home/lee/src/syster/ts-libs/packages/core/src/ioc/injection-token.ts">
        <metrics statements="3" coveredstatements="3" conditionals="0" coveredconditionals="0" methods="1" coveredmethods="1"/>
        <line num="7" count="13" type="stmt"/>
        <line num="22" count="28" type="stmt"/>
        <line num="26" count="13" type="stmt"/>
      </file>
    </package>
    <package name="src.ioc.tokens">
      <metrics statements="8" coveredstatements="8" conditionals="0" coveredconditionals="0" methods="0" coveredmethods="0"/>
      <file name="index.ts" path="/home/lee/src/syster/ts-libs/packages/core/src/ioc/tokens/index.ts">
        <metrics statements="2" coveredstatements="2" conditionals="0" coveredconditionals="0" methods="0" coveredmethods="0"/>
        <line num="1" count="13" type="stmt"/>
        <line num="2" count="13" type="stmt"/>
      </file>
      <file name="parent-container.ts" path="/home/lee/src/syster/ts-libs/packages/core/src/ioc/tokens/parent-container.ts">
        <metrics statements="3" coveredstatements="3" conditionals="0" coveredconditionals="0" methods="0" coveredmethods="0"/>
        <line num="1" count="13" type="stmt"/>
        <line num="7" count="13" type="stmt"/>
        <line num="9" count="13" type="stmt"/>
      </file>
      <file name="root-container.ts" path="/home/lee/src/syster/ts-libs/packages/core/src/ioc/tokens/root-container.ts">
        <metrics statements="3" coveredstatements="3" conditionals="0" coveredconditionals="0" methods="0" coveredmethods="0"/>
        <line num="1" count="13" type="stmt"/>
        <line num="7" count="13" type="stmt"/>
        <line num="9" count="13" type="stmt"/>
      </file>
    </package>
    <package name="src.logger">
      <metrics statements="36" coveredstatements="36" conditionals="1" coveredconditionals="1" methods="17" coveredmethods="17"/>
      <file name="index.ts" path="/home/lee/src/syster/ts-libs/packages/core/src/logger/index.ts">
        <metrics statements="4" coveredstatements="4" conditionals="0" coveredconditionals="0" methods="0" coveredmethods="0"/>
        <line num="1" count="13" type="stmt"/>
        <line num="2" count="13" type="stmt"/>
        <line num="3" count="13" type="stmt"/>
        <line num="4" count="13" type="stmt"/>
      </file>
      <file name="logger.ts" path="/home/lee/src/syster/ts-libs/packages/core/src/logger/logger.ts">
        <metrics statements="26" coveredstatements="26" conditionals="1" coveredconditionals="1" methods="12" coveredmethods="12"/>
        <line num="1" count="13" type="stmt"/>
        <line num="2" count="13" type="stmt"/>
        <line num="3" count="13" type="stmt"/>
        <line num="5" count="13" type="stmt"/>
        <line num="11" count="13" type="stmt"/>
        <line num="38" count="13" type="stmt"/>
        <line num="54" count="18" type="stmt"/>
        <line num="64" count="3" type="stmt"/>
        <line num="74" count="1" type="stmt"/>
        <line num="84" count="1" type="stmt"/>
        <line num="94" count="31" type="stmt"/>
        <line num="104" count="1" type="stmt"/>
        <line num="114" count="1" type="stmt"/>
        <line num="124" count="1" type="stmt"/>
        <line num="136" count="32" type="stmt"/>
        <line num="137" count="32" type="stmt"/>
        <line num="138" count="32" type="stmt"/>
        <line num="139" count="32" type="stmt"/>
        <line num="143" count="32" type="stmt"/>
        <line num="145" count="32" type="stmt"/>
        <line num="151" count="32" type="stmt"/>
        <line num="152" count="32" type="stmt"/>
        <line num="153" count="32" type="stmt"/>
        <line num="156" count="32" type="stmt"/>
        <line num="163" count="32" type="stmt"/>
        <line num="168" count="13" type="stmt"/>
      </file>
      <file name="transport.ts" path="/home/lee/src/syster/ts-libs/packages/core/src/logger/transport.ts">
        <metrics statements="6" coveredstatements="6" conditionals="0" coveredconditionals="0" methods="5" coveredmethods="5"/>
        <line num="1" count="13" type="stmt"/>
        <line num="9" count="13" type="stmt"/>
        <line num="12" count="1" type="stmt"/>
        <line num="22" count="13" type="stmt"/>
        <line num="38" count="15" type="stmt"/>
        <line num="87" count="13" type="stmt"/>
      </file>
    </package>
    <package name="src.logger.transports">
      <metrics statements="13" coveredstatements="13" conditionals="0" coveredconditionals="0" methods="3" coveredmethods="3"/>
      <file name="console.ts" path="/home/lee/src/syster/ts-libs/packages/core/src/logger/transports/console.ts">
        <metrics statements="11" coveredstatements="11" conditionals="0" coveredconditionals="0" methods="3" coveredmethods="3"/>
        <line num="3" count="13" type="stmt"/>
        <line num="4" count="13" type="stmt"/>
        <line num="6" count="13" type="stmt"/>
        <line num="7" count="13" type="stmt"/>
        <line num="8" count="13" type="stmt"/>
        <line num="14" count="13" type="stmt"/>
        <line num="27" count="13" type="stmt"/>
        <line num="49" count="13" type="stmt"/>
        <line num="51" count="13" type="stmt"/>
        <line num="68" count="30" type="stmt"/>
        <line num="84" count="13" type="stmt"/>
      </file>
      <file name="index.ts" path="/home/lee/src/syster/ts-libs/packages/core/src/logger/transports/index.ts">
        <metrics statements="2" coveredstatements="2" conditionals="0" coveredconditionals="0" methods="0" coveredmethods="0"/>
        <line num="1" count="13" type="stmt"/>
        <line num="2" count="13" type="stmt"/>
      </file>
    </package>
    <package name="src.logger.util">
      <metrics statements="22" coveredstatements="22" conditionals="0" coveredconditionals="0" methods="17" coveredmethods="17"/>
      <file name="create-template.ts" path="/home/lee/src/syster/ts-libs/packages/core/src/logger/util/create-template.ts">
        <metrics statements="5" coveredstatements="5" conditionals="0" coveredconditionals="0" methods="3" coveredmethods="3"/>
        <line num="9" count="13" type="stmt"/>
        <line num="10" count="13" type="stmt"/>
        <line num="11" count="27" type="stmt"/>
        <line num="12" count="311" type="stmt"/>
        <line num="14" count="13" type="stmt"/>
      </file>
      <file name="format.ts" path="/home/lee/src/syster/ts-libs/packages/core/src/logger/util/format.ts">
        <metrics statements="15" coveredstatements="15" conditionals="0" coveredconditionals="0" methods="14" coveredmethods="14"/>
        <line num="1" count="13" type="stmt"/>
        <line num="8" count="13" type="stmt"/>
        <line num="11" count="27" type="stmt"/>
        <line num="12" count="31" type="stmt"/>
        <line num="15" count="27" type="stmt"/>
        <line num="16" count="31" type="stmt"/>
        <line num="19" count="27" type="stmt"/>
        <line num="20" count="31" type="stmt"/>
        <line num="23" count="27" type="stmt"/>
        <line num="24" count="31" type="stmt"/>
        <line num="27" count="83" type="stmt"/>
        <line num="28" count="155" type="stmt"/>
        <line num="29" count="1" type="stmt"/>
        <line num="30" count="31" type="stmt"/>
        <line num="33" count="13" type="stmt"/>
      </file>
      <file name="index.ts" path="/home/lee/src/syster/ts-libs/packages/core/src/logger/util/index.ts">
        <metrics statements="2" coveredstatements="2" conditionals="0" coveredconditionals="0" methods="0" coveredmethods="0"/>
        <line num="1" count="13" type="stmt"/>
        <line num="2" count="13" type="stmt"/>
      </file>
    </package>
    <package name="src.symbols">
      <metrics statements="9" coveredstatements="9" conditionals="0" coveredconditionals="0" methods="0" coveredmethods="0"/>
      <file name="index.ts" path="/home/lee/src/syster/ts-libs/packages/core/src/symbols/index.ts">
        <metrics statements="3" coveredstatements="3" conditionals="0" coveredconditionals="0" methods="0" coveredmethods="0"/>
        <line num="1" count="13" type="stmt"/>
        <line num="2" count="13" type="stmt"/>
        <line num="3" count="13" type="stmt"/>
      </file>
      <file name="injectable-key.ts" path="/home/lee/src/syster/ts-libs/packages/core/src/symbols/injectable-key.ts">
        <metrics statements="2" coveredstatements="2" conditionals="0" coveredconditionals="0" methods="0" coveredmethods="0"/>
        <line num="1" count="13" type="stmt"/>
        <line num="3" count="13" type="stmt"/>
      </file>
      <file name="injection-key.ts" path="/home/lee/src/syster/ts-libs/packages/core/src/symbols/injection-key.ts">
        <metrics statements="2" coveredstatements="2" conditionals="0" coveredconditionals="0" methods="0" coveredmethods="0"/>
        <line num="1" count="13" type="stmt"/>
        <line num="3" count="13" type="stmt"/>
      </file>
      <file name="injection-scope.ts" path="/home/lee/src/syster/ts-libs/packages/core/src/symbols/injection-scope.ts">
        <metrics statements="2" coveredstatements="2" conditionals="0" coveredconditionals="0" methods="0" coveredmethods="0"/>
        <line num="1" count="13" type="stmt"/>
        <line num="3" count="13" type="stmt"/>
      </file>
    </package>
    <package name="src.types">
      <metrics statements="6" coveredstatements="6" conditionals="0" coveredconditionals="0" methods="0" coveredmethods="0"/>
      <file name="index.ts" path="/home/lee/src/syster/ts-libs/packages/core/src/types/index.ts">
        <metrics statements="6" coveredstatements="6" conditionals="0" coveredconditionals="0" methods="0" coveredmethods="0"/>
        <line num="1" count="13" type="stmt"/>
        <line num="2" count="13" type="stmt"/>
        <line num="3" count="13" type="stmt"/>
        <line num="4" count="13" type="stmt"/>
        <line num="5" count="13" type="stmt"/>
        <line num="6" count="13" type="stmt"/>
      </file>
    </package>
  </project>
</coverage>
