{"/home/lee/src/syster/ts-libs/packages/core/src/index.ts": {"path":"/home/lee/src/syster/ts-libs/packages/core/src/index.ts","statementMap":{"0":{"start":{"line":1,"column":0},"end":{"line":1,"column":39}},"1":{"start":{"line":2,"column":0},"end":{"line":2,"column":41}},"2":{"start":{"line":3,"column":0},"end":{"line":3,"column":38}},"3":{"start":{"line":4,"column":0},"end":{"line":4,"column":33}},"4":{"start":{"line":5,"column":0},"end":{"line":5,"column":34}},"5":{"start":{"line":6,"column":0},"end":{"line":6,"column":31}},"6":{"start":{"line":7,"column":0},"end":{"line":7,"column":35}},"7":{"start":{"line":8,"column":0},"end":{"line":8,"column":38}},"8":{"start":{"line":9,"column":0},"end":{"line":9,"column":31}},"9":{"start":{"line":10,"column":0},"end":{"line":10,"column":34}},"10":{"start":{"line":11,"column":0},"end":{"line":11,"column":35}},"11":{"start":{"line":12,"column":0},"end":{"line":12,"column":33}}},"fnMap":{},"branchMap":{},"s":{"0":13,"1":13,"2":13,"3":13,"4":13,"5":13,"6":13,"7":13,"8":13,"9":13,"10":13,"11":13},"f":{},"b":{}}
,"/home/lee/src/syster/ts-libs/packages/core/src/application/application.ts": {"path":"/home/lee/src/syster/ts-libs/packages/core/src/application/application.ts","statementMap":{"0":{"start":{"line":1,"column":0},"end":{"line":1,"column":63}},"1":{"start":{"line":2,"column":0},"end":{"line":2,"column":48}},"2":{"start":{"line":3,"column":0},"end":{"line":3,"column":59}},"3":{"start":{"line":4,"column":0},"end":{"line":4,"column":57}},"4":{"start":{"line":7,"column":0},"end":{"line":7,"column":44}},"5":{"start":{"line":8,"column":0},"end":{"line":8,"column":65}},"6":{"start":{"line":9,"column":0},"end":{"line":9,"column":41}},"7":{"start":{"line":11,"column":0},"end":{"line":11,"column":35}},"8":{"start":{"line":12,"column":0},"end":{"line":12,"column":35}},"9":{"start":{"line":68,"column":4},"end":{"line":70,"column":7}},"10":{"start":{"line":71,"column":4},"end":{"line":71,"column":47}},"11":{"start":{"line":72,"column":4},"end":{"line":75,"column":7}},"12":{"start":{"line":76,"column":4},"end":{"line":76,"column":35}},"13":{"start":{"line":86,"column":4},"end":{"line":86,"column":35}},"14":{"start":{"line":96,"column":4},"end":{"line":96,"column":30}},"15":{"start":{"line":111,"column":4},"end":{"line":111,"column":28}},"16":{"start":{"line":113,"column":4},"end":{"line":116,"column":7}},"17":{"start":{"line":118,"column":4},"end":{"line":118,"column":50}},"18":{"start":{"line":119,"column":4},"end":{"line":121,"column":7}},"19":{"start":{"line":120,"column":6},"end":{"line":120,"column":47}},"20":{"start":{"line":123,"column":4},"end":{"line":123,"column":24}},"21":{"start":{"line":125,"column":4},"end":{"line":125,"column":29}},"22":{"start":{"line":136,"column":4},"end":{"line":148,"column":null}},"23":{"start":{"line":137,"column":6},"end":{"line":141,"column":9}},"24":{"start":{"line":143,"column":6},"end":{"line":147,"column":9}},"25":{"start":{"line":162,"column":4},"end":{"line":210,"column":null}},"26":{"start":{"line":165,"column":6},"end":{"line":203,"column":null}},"27":{"start":{"line":166,"column":8},"end":{"line":170,"column":11}},"28":{"start":{"line":171,"column":8},"end":{"line":171,"column":45}},"29":{"start":{"line":173,"column":24},"end":{"line":173,"column":80}},"30":{"start":{"line":174,"column":49},"end":{"line":174,"column":51}},"31":{"start":{"line":175,"column":8},"end":{"line":185,"column":11}},"32":{"start":{"line":176,"column":10},"end":{"line":180,"column":13}},"33":{"start":{"line":181,"column":27},"end":{"line":181,"column":71}},"34":{"start":{"line":183,"column":10},"end":{"line":183,"column":45}},"35":{"start":{"line":184,"column":10},"end":{"line":184,"column":41}},"36":{"start":{"line":187,"column":8},"end":{"line":187,"column":62}},"37":{"start":{"line":189,"column":23},"end":{"line":189,"column":51}},"38":{"start":{"line":191,"column":8},"end":{"line":191,"column":29}},"39":{"start":{"line":193,"column":8},"end":{"line":195,"column":11}},"40":{"start":{"line":194,"column":10},"end":{"line":194,"column":49}},"41":{"start":{"line":197,"column":8},"end":{"line":202,"column":11}},"42":{"start":{"line":205,"column":6},"end":{"line":208,"column":9}},"43":{"start":{"line":209,"column":6},"end":{"line":209,"column":46}},"44":{"start":{"line":212,"column":4},"end":{"line":212,"column":31}},"45":{"start":{"line":215,"column":4},"end":{"line":217,"column":null}},"46":{"start":{"line":216,"column":6},"end":{"line":216,"column":36}},"47":{"start":{"line":218,"column":4},"end":{"line":220,"column":null}},"48":{"start":{"line":219,"column":6},"end":{"line":219,"column":28}},"49":{"start":{"line":221,"column":4},"end":{"line":221,"column":34}},"50":{"start":{"line":222,"column":4},"end":{"line":222,"column":29}},"51":{"start":{"line":24,"column":0},"end":{"line":24,"column":13}},"52":{"start":{"line":226,"column":0},"end":{"line":226,"column":27}}},"fnMap":{"0":{"name":"(anonymous_1)","decl":{"start":{"line":67,"column":2},"end":{"line":67,"column":null}},"loc":{"start":{"line":67,"column":2},"end":{"line":77,"column":3}}},"1":{"name":"(anonymous_2)","decl":{"start":{"line":85,"column":9},"end":{"line":85,"column":24}},"loc":{"start":{"line":85,"column":52},"end":{"line":87,"column":3}}},"2":{"name":"(anonymous_3)","decl":{"start":{"line":95,"column":9},"end":{"line":95,"column":26}},"loc":{"start":{"line":95,"column":60},"end":{"line":97,"column":3}}},"3":{"name":"(anonymous_4)","decl":{"start":{"line":108,"column":9},"end":{"line":108,"column":14}},"loc":{"start":{"line":108,"column":85},"end":{"line":126,"column":3}}},"4":{"name":"(anonymous_5)","decl":{"start":{"line":119,"column":36},"end":{"line":119,"column":41}},"loc":{"start":{"line":119,"column":47},"end":{"line":121,"column":5}}},"5":{"name":"(anonymous_6)","decl":{"start":{"line":135,"column":10},"end":{"line":135,"column":20}},"loc":{"start":{"line":135,"column":36},"end":{"line":149,"column":3}}},"6":{"name":"(anonymous_7)","decl":{"start":{"line":160,"column":10},"end":{"line":160,"column":15}},"loc":{"start":{"line":160,"column":77},"end":{"line":223,"column":3}}},"7":{"name":"(anonymous_8)","decl":{"start":{"line":175,"column":35},"end":{"line":175,"column":36}},"loc":{"start":{"line":175,"column":46},"end":{"line":185,"column":9}}},"8":{"name":"(anonymous_9)","decl":{"start":{"line":193,"column":32},"end":{"line":193,"column":33}},"loc":{"start":{"line":193,"column":43},"end":{"line":195,"column":9}}}},"branchMap":{"0":{"loc":{"start":{"line":136,"column":4},"end":{"line":148,"column":null}},"type":"if","locations":[{"start":{"line":136,"column":4},"end":{"line":148,"column":null}},{"start":{"line":142,"column":11},"end":{"line":148,"column":null}}]},"1":{"loc":{"start":{"line":162,"column":4},"end":{"line":210,"column":null}},"type":"if","locations":[{"start":{"line":162,"column":4},"end":{"line":210,"column":null}}]},"2":{"loc":{"start":{"line":162,"column":8},"end":{"line":162,"column":55}},"type":"binary-expr","locations":[{"start":{"line":162,"column":8},"end":{"line":162,"column":26}},{"start":{"line":162,"column":30},"end":{"line":162,"column":55}}]},"3":{"loc":{"start":{"line":165,"column":6},"end":{"line":203,"column":null}},"type":"if","locations":[{"start":{"line":165,"column":6},"end":{"line":203,"column":null}}]},"4":{"loc":{"start":{"line":198,"column":19},"end":{"line":198,"column":45}},"type":"binary-expr","locations":[{"start":{"line":198,"column":19},"end":{"line":198,"column":35}},{"start":{"line":198,"column":39},"end":{"line":198,"column":45}}]},"5":{"loc":{"start":{"line":199,"column":17},"end":{"line":199,"column":43}},"type":"binary-expr","locations":[{"start":{"line":199,"column":17},"end":{"line":199,"column":33}},{"start":{"line":199,"column":37},"end":{"line":199,"column":43}}]},"6":{"loc":{"start":{"line":215,"column":4},"end":{"line":217,"column":null}},"type":"if","locations":[{"start":{"line":215,"column":4},"end":{"line":217,"column":null}}]},"7":{"loc":{"start":{"line":218,"column":4},"end":{"line":220,"column":null}},"type":"if","locations":[{"start":{"line":218,"column":4},"end":{"line":220,"column":null}}]}},"s":{"0":13,"1":13,"2":13,"3":13,"4":13,"5":13,"6":13,"7":13,"8":13,"9":4,"10":4,"11":4,"12":4,"13":3,"14":1,"15":2,"16":2,"17":2,"18":2,"19":2,"20":2,"21":2,"22":2,"23":1,"24":1,"25":2,"26":2,"27":2,"28":2,"29":2,"30":2,"31":2,"32":2,"33":2,"34":2,"35":2,"36":2,"37":2,"38":2,"39":2,"40":2,"41":2,"42":2,"43":2,"44":2,"45":2,"46":2,"47":2,"48":2,"49":2,"50":2,"51":13,"52":13},"f":{"0":4,"1":3,"2":1,"3":2,"4":2,"5":2,"6":2,"7":2,"8":2},"b":{"0":[1,1],"1":[2],"2":[2,2],"3":[2],"4":[2,1],"5":[2,1],"6":[2],"7":[2]}}
,"/home/lee/src/syster/ts-libs/packages/core/src/application/cluster.ts": {"path":"/home/lee/src/syster/ts-libs/packages/core/src/application/cluster.ts","statementMap":{"0":{"start":{"line":1,"column":0},"end":{"line":1,"column":47}},"1":{"start":{"line":2,"column":0},"end":{"line":2,"column":25}},"2":{"start":{"line":3,"column":0},"end":{"line":3,"column":53}},"3":{"start":{"line":5,"column":0},"end":{"line":5,"column":41}},"4":{"start":{"line":21,"column":20},"end":{"line":171,"column":null}},"5":{"start":{"line":29,"column":27},"end":{"line":29,"column":32}},"6":{"start":{"line":38,"column":36},"end":{"line":38,"column":38}},"7":{"start":{"line":47,"column":38},"end":{"line":47,"column":40}},"8":{"start":{"line":56,"column":21},"end":{"line":56,"column":22}},"9":{"start":{"line":72,"column":22},"end":{"line":72,"column":30}},"10":{"start":{"line":73,"column":4},"end":{"line":73,"column":29}},"11":{"start":{"line":74,"column":4},"end":{"line":74,"column":35}},"12":{"start":{"line":75,"column":21},"end":{"line":75,"column":39}},"13":{"start":{"line":76,"column":4},"end":{"line":76,"column":65}},"14":{"start":{"line":80,"column":4},"end":{"line":80,"column":29}},"15":{"start":{"line":84,"column":4},"end":{"line":84,"column":43}},"16":{"start":{"line":94,"column":4},"end":{"line":94,"column":133}},"17":{"start":{"line":105,"column":4},"end":{"line":112,"column":null}},"18":{"start":{"line":106,"column":6},"end":{"line":106,"column":68}},"19":{"start":{"line":107,"column":6},"end":{"line":109,"column":null}},"20":{"start":{"line":107,"column":19},"end":{"line":107,"column":20}},"21":{"start":{"line":108,"column":8},"end":{"line":108,"column":25}},"22":{"start":{"line":111,"column":6},"end":{"line":111,"column":55}},"23":{"start":{"line":113,"column":4},"end":{"line":113,"column":15}},"24":{"start":{"line":123,"column":4},"end":{"line":123,"column":31}},"25":{"start":{"line":124,"column":41},"end":{"line":124,"column":43}},"26":{"start":{"line":125,"column":4},"end":{"line":128,"column":7}},"27":{"start":{"line":126,"column":6},"end":{"line":126,"column":32}},"28":{"start":{"line":127,"column":6},"end":{"line":127,"column":20}},"29":{"start":{"line":129,"column":4},"end":{"line":129,"column":35}},"30":{"start":{"line":140,"column":4},"end":{"line":144,"column":null}},"31":{"start":{"line":141,"column":6},"end":{"line":141,"column":65}},"32":{"start":{"line":142,"column":6},"end":{"line":142,"column":51}},"33":{"start":{"line":143,"column":6},"end":{"line":143,"column":34}},"34":{"start":{"line":146,"column":4},"end":{"line":146,"column":21}},"35":{"start":{"line":156,"column":4},"end":{"line":169,"column":null}},"36":{"start":{"line":159,"column":37},"end":{"line":159,"column":62}},"37":{"start":{"line":161,"column":37},"end":{"line":163,"column":8}},"38":{"start":{"line":162,"column":8},"end":{"line":162,"column":45}},"39":{"start":{"line":164,"column":6},"end":{"line":167,"column":9}},"40":{"start":{"line":168,"column":6},"end":{"line":168,"column":66}},"41":{"start":{"line":21,"column":13},"end":{"line":171,"column":null}},"42":{"start":{"line":21,"column":13},"end":{"line":21,"column":20}},"43":{"start":{"line":173,"column":0},"end":{"line":173,"column":23}}},"fnMap":{"0":{"name":"(anonymous_3)","decl":{"start":{"line":72,"column":2},"end":{"line":72,"column":22}},"loc":{"start":{"line":72,"column":36},"end":{"line":77,"column":3}}},"1":{"name":"(anonymous_4)","decl":{"start":{"line":79,"column":9},"end":{"line":79,"column":15}},"loc":{"start":{"line":79,"column":29},"end":{"line":81,"column":3}}},"2":{"name":"(anonymous_5)","decl":{"start":{"line":83,"column":2},"end":{"line":83,"column":13}},"loc":{"start":{"line":83,"column":25},"end":{"line":85,"column":3}}},"3":{"name":"(anonymous_6)","decl":{"start":{"line":93,"column":9},"end":{"line":93,"column":20}},"loc":{"start":{"line":93,"column":20},"end":{"line":95,"column":3}}},"4":{"name":"(anonymous_7)","decl":{"start":{"line":104,"column":9},"end":{"line":104,"column":14}},"loc":{"start":{"line":104,"column":41},"end":{"line":114,"column":3}}},"5":{"name":"(anonymous_8)","decl":{"start":{"line":122,"column":9},"end":{"line":122,"column":14}},"loc":{"start":{"line":122,"column":23},"end":{"line":130,"column":3}}},"6":{"name":"(anonymous_9)","decl":{"start":{"line":125,"column":25},"end":{"line":125,"column":26}},"loc":{"start":{"line":125,"column":49},"end":{"line":128,"column":5}}},"7":{"name":"(anonymous_10)","decl":{"start":{"line":139,"column":10},"end":{"line":139,"column":22}},"loc":{"start":{"line":139,"column":37},"end":{"line":147,"column":3}}},"8":{"name":"(anonymous_11)","decl":{"start":{"line":155,"column":10},"end":{"line":155,"column":19}},"loc":{"start":{"line":155,"column":19},"end":{"line":170,"column":3}}},"9":{"name":"(anonymous_12)","decl":{"start":{"line":161,"column":49},"end":{"line":161,"column":50}},"loc":{"start":{"line":161,"column":57},"end":{"line":163,"column":7}}}},"branchMap":{"0":{"loc":{"start":{"line":94,"column":11},"end":{"line":94,"column":132}},"type":"cond-expr","locations":[{"start":{"line":94,"column":69},"end":{"line":94,"column":118}},{"start":{"line":94,"column":121},"end":{"line":94,"column":132}}]},"1":{"loc":{"start":{"line":105,"column":4},"end":{"line":112,"column":null}},"type":"if","locations":[{"start":{"line":105,"column":4},"end":{"line":112,"column":null}}]},"2":{"loc":{"start":{"line":140,"column":4},"end":{"line":144,"column":null}},"type":"if","locations":[{"start":{"line":140,"column":4},"end":{"line":144,"column":null}}]},"3":{"loc":{"start":{"line":156,"column":4},"end":{"line":169,"column":null}},"type":"if","locations":[{"start":{"line":156,"column":4},"end":{"line":169,"column":null}}]},"4":{"loc":{"start":{"line":156,"column":8},"end":{"line":156,"column":65}},"type":"binary-expr","locations":[{"start":{"line":156,"column":8},"end":{"line":156,"column":28}},{"start":{"line":156,"column":32},"end":{"line":156,"column":65}}]}},"s":{"0":13,"1":13,"2":13,"3":13,"4":13,"5":9,"6":9,"7":9,"8":9,"9":9,"10":9,"11":9,"12":9,"13":9,"14":11,"15":3,"16":10,"17":5,"18":5,"19":5,"20":5,"21":12,"22":5,"23":5,"24":7,"25":7,"26":7,"27":12,"28":12,"29":7,"30":32,"31":13,"32":13,"33":13,"34":32,"35":44,"36":12,"37":12,"38":12,"39":12,"40":12,"41":13,"42":13,"43":13},"f":{"0":9,"1":11,"2":3,"3":10,"4":5,"5":7,"6":12,"7":32,"8":44,"9":12},"b":{"0":[9,1],"1":[5],"2":[13],"3":[12],"4":[44,12]}}
,"/home/lee/src/syster/ts-libs/packages/core/src/application/index.ts": {"path":"/home/lee/src/syster/ts-libs/packages/core/src/application/index.ts","statementMap":{"0":{"start":{"line":1,"column":0},"end":{"line":1,"column":33}},"1":{"start":{"line":2,"column":0},"end":{"line":2,"column":29}},"2":{"start":{"line":3,"column":0},"end":{"line":3,"column":29}},"3":{"start":{"line":4,"column":0},"end":{"line":4,"column":31}}},"fnMap":{},"branchMap":{},"s":{"0":13,"1":13,"2":13,"3":13},"f":{},"b":{}}
,"/home/lee/src/syster/ts-libs/packages/core/src/application/lifecycle.ts": {"path":"/home/lee/src/syster/ts-libs/packages/core/src/application/lifecycle.ts","statementMap":{"0":{"start":{"line":1,"column":0},"end":{"line":1,"column":32}},"1":{"start":{"line":39,"column":42},"end":{"line":39,"column":57}},"2":{"start":{"line":48,"column":44},"end":{"line":48,"column":61}},"3":{"start":{"line":57,"column":45},"end":{"line":57,"column":63}},"4":{"start":{"line":66,"column":41},"end":{"line":66,"column":55}},"5":{"start":{"line":75,"column":43},"end":{"line":79,"column":4}},"6":{"start":{"line":88,"column":42},"end":{"line":92,"column":4}},"7":{"start":{"line":101,"column":43},"end":{"line":105,"column":4}},"8":{"start":{"line":114,"column":42},"end":{"line":119,"column":4}},"9":{"start":{"line":126,"column":4},"end":{"line":126,"column":34}},"10":{"start":{"line":128,"column":4},"end":{"line":128,"column":136}},"11":{"start":{"line":139,"column":4},"end":{"line":139,"column":28}},"12":{"start":{"line":150,"column":4},"end":{"line":150,"column":28}},"13":{"start":{"line":159,"column":4},"end":{"line":159,"column":49}},"14":{"start":{"line":168,"column":4},"end":{"line":168,"column":51}},"15":{"start":{"line":177,"column":4},"end":{"line":177,"column":52}},"16":{"start":{"line":186,"column":4},"end":{"line":186,"column":48}},"17":{"start":{"line":195,"column":4},"end":{"line":195,"column":32}},"18":{"start":{"line":206,"column":4},"end":{"line":206,"column":25}},"19":{"start":{"line":207,"column":4},"end":{"line":207,"column":60}},"20":{"start":{"line":218,"column":4},"end":{"line":218,"column":24}},"21":{"start":{"line":219,"column":4},"end":{"line":219,"column":60}},"22":{"start":{"line":22,"column":0},"end":{"line":22,"column":13}},"23":{"start":{"line":223,"column":0},"end":{"line":223,"column":25}}},"fnMap":{"0":{"name":"(anonymous_1)","decl":{"start":{"line":125,"column":2},"end":{"line":125,"column":null}},"loc":{"start":{"line":125,"column":2},"end":{"line":129,"column":3}}},"1":{"name":"(anonymous_2)","decl":{"start":{"line":138,"column":9},"end":{"line":138,"column":16}},"loc":{"start":{"line":138,"column":16},"end":{"line":140,"column":3}}},"2":{"name":"(anonymous_3)","decl":{"start":{"line":149,"column":9},"end":{"line":149,"column":15}},"loc":{"start":{"line":149,"column":15},"end":{"line":151,"column":3}}},"3":{"name":"(anonymous_4)","decl":{"start":{"line":158,"column":9},"end":{"line":158,"column":14}},"loc":{"start":{"line":158,"column":14},"end":{"line":160,"column":3}}},"4":{"name":"(anonymous_5)","decl":{"start":{"line":167,"column":9},"end":{"line":167,"column":16}},"loc":{"start":{"line":167,"column":16},"end":{"line":169,"column":3}}},"5":{"name":"(anonymous_6)","decl":{"start":{"line":176,"column":9},"end":{"line":176,"column":17}},"loc":{"start":{"line":176,"column":17},"end":{"line":178,"column":3}}},"6":{"name":"(anonymous_7)","decl":{"start":{"line":185,"column":9},"end":{"line":185,"column":13}},"loc":{"start":{"line":185,"column":13},"end":{"line":187,"column":3}}},"7":{"name":"(anonymous_8)","decl":{"start":{"line":194,"column":9},"end":{"line":194,"column":15}},"loc":{"start":{"line":194,"column":15},"end":{"line":196,"column":3}}},"8":{"name":"(anonymous_9)","decl":{"start":{"line":205,"column":10},"end":{"line":205,"column":15}},"loc":{"start":{"line":205,"column":31},"end":{"line":208,"column":3}}},"9":{"name":"(anonymous_10)","decl":{"start":{"line":217,"column":10},"end":{"line":217,"column":15}},"loc":{"start":{"line":217,"column":30},"end":{"line":220,"column":3}}}},"branchMap":{},"s":{"0":13,"1":19,"2":19,"3":19,"4":19,"5":19,"6":19,"7":19,"8":19,"9":19,"10":19,"11":1,"12":1,"13":8,"14":1,"15":1,"16":22,"17":9,"18":8,"19":8,"20":10,"21":10,"22":13,"23":13},"f":{"0":19,"1":1,"2":1,"3":8,"4":1,"5":1,"6":22,"7":9,"8":8,"9":10},"b":{}}
,"/home/lee/src/syster/ts-libs/packages/core/src/application/runtime.ts": {"path":"/home/lee/src/syster/ts-libs/packages/core/src/application/runtime.ts","statementMap":{"0":{"start":{"line":1,"column":0},"end":{"line":1,"column":57}},"1":{"start":{"line":5,"column":0},"end":{"line":5,"column":39}},"2":{"start":{"line":59,"column":4},"end":{"line":59,"column":31}},"3":{"start":{"line":60,"column":4},"end":{"line":62,"column":7}},"4":{"start":{"line":61,"column":6},"end":{"line":61,"column":33}},"5":{"start":{"line":64,"column":4},"end":{"line":64,"column":40}},"6":{"start":{"line":64,"column":27},"end":{"line":64,"column":38}},"7":{"start":{"line":66,"column":4},"end":{"line":66,"column":37}},"8":{"start":{"line":67,"column":4},"end":{"line":67,"column":53}},"9":{"start":{"line":68,"column":4},"end":{"line":68,"column":51}},"10":{"start":{"line":70,"column":4},"end":{"line":70,"column":44}},"11":{"start":{"line":70,"column":31},"end":{"line":70,"column":42}},"12":{"start":{"line":71,"column":4},"end":{"line":71,"column":45}},"13":{"start":{"line":71,"column":32},"end":{"line":71,"column":43}},"14":{"start":{"line":72,"column":4},"end":{"line":72,"column":45}},"15":{"start":{"line":72,"column":32},"end":{"line":72,"column":43}},"16":{"start":{"line":83,"column":4},"end":{"line":83,"column":26}},"17":{"start":{"line":84,"column":4},"end":{"line":84,"column":31}},"18":{"start":{"line":94,"column":4},"end":{"line":94,"column":27}},"19":{"start":{"line":95,"column":4},"end":{"line":95,"column":31}},"20":{"start":{"line":105,"column":4},"end":{"line":108,"column":null}},"21":{"start":{"line":106,"column":6},"end":{"line":106,"column":34}},"22":{"start":{"line":107,"column":6},"end":{"line":107,"column":31}},"23":{"start":{"line":119,"column":4},"end":{"line":122,"column":62}},"24":{"start":{"line":121,"column":29},"end":{"line":121,"column":69}},"25":{"start":{"line":122,"column":40},"end":{"line":122,"column":60}},"26":{"start":{"line":134,"column":28},"end":{"line":134,"column":53}},"27":{"start":{"line":135,"column":18},"end":{"line":135,"column":75}},"28":{"start":{"line":135,"column":52},"end":{"line":135,"column":74}},"29":{"start":{"line":136,"column":4},"end":{"line":136,"column":29}},"30":{"start":{"line":147,"column":28},"end":{"line":147,"column":53}},"31":{"start":{"line":148,"column":18},"end":{"line":148,"column":74}},"32":{"start":{"line":148,"column":52},"end":{"line":148,"column":73}},"33":{"start":{"line":149,"column":4},"end":{"line":149,"column":29}},"34":{"start":{"line":150,"column":4},"end":{"line":150,"column":27}},"35":{"start":{"line":161,"column":4},"end":{"line":161,"column":28}},"36":{"start":{"line":172,"column":4},"end":{"line":172,"column":27}},"37":{"start":{"line":17,"column":0},"end":{"line":17,"column":13}},"38":{"start":{"line":176,"column":0},"end":{"line":176,"column":23}}},"fnMap":{"0":{"name":"(anonymous_1)","decl":{"start":{"line":58,"column":2},"end":{"line":58,"column":14}},"loc":{"start":{"line":58,"column":34},"end":{"line":73,"column":3}}},"1":{"name":"(anonymous_2)","decl":{"start":{"line":60,"column":38},"end":{"line":60,"column":39}},"loc":{"start":{"line":60,"column":46},"end":{"line":62,"column":5}}},"2":{"name":"(anonymous_3)","decl":{"start":{"line":64,"column":21},"end":{"line":64,"column":24}},"loc":{"start":{"line":64,"column":27},"end":{"line":64,"column":38}}},"3":{"name":"(anonymous_4)","decl":{"start":{"line":70,"column":25},"end":{"line":70,"column":28}},"loc":{"start":{"line":70,"column":31},"end":{"line":70,"column":42}}},"4":{"name":"(anonymous_5)","decl":{"start":{"line":71,"column":26},"end":{"line":71,"column":29}},"loc":{"start":{"line":71,"column":32},"end":{"line":71,"column":43}}},"5":{"name":"(anonymous_6)","decl":{"start":{"line":72,"column":26},"end":{"line":72,"column":29}},"loc":{"start":{"line":72,"column":32},"end":{"line":72,"column":43}}},"6":{"name":"(anonymous_7)","decl":{"start":{"line":82,"column":9},"end":{"line":82,"column":14}},"loc":{"start":{"line":82,"column":19},"end":{"line":85,"column":3}}},"7":{"name":"(anonymous_8)","decl":{"start":{"line":93,"column":9},"end":{"line":93,"column":14}},"loc":{"start":{"line":93,"column":20},"end":{"line":96,"column":3}}},"8":{"name":"(anonymous_9)","decl":{"start":{"line":104,"column":12},"end":{"line":104,"column":16}},"loc":{"start":{"line":104,"column":16},"end":{"line":109,"column":3}}},"9":{"name":"(anonymous_10)","decl":{"start":{"line":118,"column":10},"end":{"line":118,"column":28}},"loc":{"start":{"line":118,"column":28},"end":{"line":123,"column":3}}},"10":{"name":"(anonymous_11)","decl":{"start":{"line":121,"column":15},"end":{"line":121,"column":16}},"loc":{"start":{"line":121,"column":29},"end":{"line":121,"column":69}}},"11":{"name":"(anonymous_12)","decl":{"start":{"line":122,"column":11},"end":{"line":122,"column":12}},"loc":{"start":{"line":122,"column":40},"end":{"line":122,"column":60}}},"12":{"name":"(anonymous_13)","decl":{"start":{"line":133,"column":10},"end":{"line":133,"column":15}},"loc":{"start":{"line":133,"column":26},"end":{"line":137,"column":3}}},"13":{"name":"(anonymous_14)","decl":{"start":{"line":135,"column":38},"end":{"line":135,"column":39}},"loc":{"start":{"line":135,"column":52},"end":{"line":135,"column":74}}},"14":{"name":"(anonymous_15)","decl":{"start":{"line":146,"column":10},"end":{"line":146,"column":15}},"loc":{"start":{"line":146,"column":25},"end":{"line":151,"column":3}}},"15":{"name":"(anonymous_16)","decl":{"start":{"line":148,"column":38},"end":{"line":148,"column":39}},"loc":{"start":{"line":148,"column":52},"end":{"line":148,"column":73}}},"16":{"name":"(anonymous_17)","decl":{"start":{"line":160,"column":10},"end":{"line":160,"column":15}},"loc":{"start":{"line":160,"column":23},"end":{"line":162,"column":3}}},"17":{"name":"(anonymous_18)","decl":{"start":{"line":171,"column":10},"end":{"line":171,"column":15}},"loc":{"start":{"line":171,"column":22},"end":{"line":173,"column":3}}}},"branchMap":{"0":{"loc":{"start":{"line":105,"column":4},"end":{"line":108,"column":null}},"type":"if","locations":[{"start":{"line":105,"column":4},"end":{"line":108,"column":null}}]}},"s":{"0":13,"1":13,"2":12,"3":12,"4":12,"5":12,"6":9,"7":12,"8":12,"9":12,"10":12,"11":4,"12":12,"13":5,"14":12,"15":6,"16":18,"17":18,"18":4,"19":4,"20":18,"21":9,"22":9,"23":8,"24":42,"25":6,"26":4,"27":4,"28":4,"29":4,"30":4,"31":4,"32":2,"33":4,"34":4,"35":4,"36":8,"37":13,"38":13},"f":{"0":12,"1":12,"2":9,"3":4,"4":5,"5":6,"6":18,"7":4,"8":18,"9":8,"10":42,"11":6,"12":4,"13":4,"14":4,"15":2,"16":4,"17":8},"b":{"0":[9]}}
,"/home/lee/src/syster/ts-libs/packages/core/src/configuration/changeset.ts": {"path":"/home/lee/src/syster/ts-libs/packages/core/src/configuration/changeset.ts","statementMap":{"0":{"start":{"line":11,"column":4},"end":{"line":11,"column":21}},"1":{"start":{"line":12,"column":4},"end":{"line":12,"column":23}},"2":{"start":{"line":13,"column":4},"end":{"line":13,"column":21}},"3":{"start":{"line":3,"column":0},"end":{"line":3,"column":13}},"4":{"start":{"line":17,"column":0},"end":{"line":17,"column":25}}},"fnMap":{"0":{"name":"(anonymous_0)","decl":{"start":{"line":10,"column":2},"end":{"line":10,"column":14}},"loc":{"start":{"line":10,"column":59},"end":{"line":14,"column":3}}}},"branchMap":{},"s":{"0":45,"1":45,"2":45,"3":13,"4":13},"f":{"0":45},"b":{}}
,"/home/lee/src/syster/ts-libs/packages/core/src/configuration/config-builder.ts": {"path":"/home/lee/src/syster/ts-libs/packages/core/src/configuration/config-builder.ts","statementMap":{"0":{"start":{"line":1,"column":0},"end":{"line":1,"column":51}},"1":{"start":{"line":5,"column":0},"end":{"line":5,"column":33}},"2":{"start":{"line":21,"column":7},"end":{"line":76,"column":null}},"3":{"start":{"line":29,"column":54},"end":{"line":29,"column":56}},"4":{"start":{"line":34,"column":4},"end":{"line":34,"column":35}},"5":{"start":{"line":35,"column":4},"end":{"line":35,"column":16}},"6":{"start":{"line":45,"column":40},"end":{"line":45,"column":42}},"7":{"start":{"line":46,"column":4},"end":{"line":48,"column":7}},"8":{"start":{"line":47,"column":6},"end":{"line":47,"column":41}},"9":{"start":{"line":49,"column":4},"end":{"line":51,"column":null}},"10":{"start":{"line":50,"column":6},"end":{"line":50,"column":45}},"11":{"start":{"line":52,"column":4},"end":{"line":52,"column":33}},"12":{"start":{"line":62,"column":4},"end":{"line":62,"column":32}},"13":{"start":{"line":73,"column":4},"end":{"line":73,"column":38}},"14":{"start":{"line":74,"column":4},"end":{"line":74,"column":16}},"15":{"start":{"line":21,"column":13},"end":{"line":76,"column":null}},"16":{"start":{"line":21,"column":13},"end":{"line":21,"column":26}},"17":{"start":{"line":78,"column":0},"end":{"line":78,"column":29}}},"fnMap":{"0":{"name":"(anonymous_2)","decl":{"start":{"line":33,"column":9},"end":{"line":33,"column":23}},"loc":{"start":{"line":33,"column":62},"end":{"line":36,"column":3}}},"1":{"name":"(anonymous_3)","decl":{"start":{"line":44,"column":9},"end":{"line":44,"column":14}},"loc":{"start":{"line":44,"column":14},"end":{"line":53,"column":3}}},"2":{"name":"(anonymous_4)","decl":{"start":{"line":46,"column":33},"end":{"line":46,"column":34}},"loc":{"start":{"line":46,"column":44},"end":{"line":48,"column":5}}},"3":{"name":"(anonymous_5)","decl":{"start":{"line":61,"column":9},"end":{"line":61,"column":16}},"loc":{"start":{"line":61,"column":16},"end":{"line":63,"column":3}}},"4":{"name":"(anonymous_6)","decl":{"start":{"line":72,"column":9},"end":{"line":72,"column":12}},"loc":{"start":{"line":72,"column":34},"end":{"line":75,"column":3}}}},"branchMap":{"0":{"loc":{"start":{"line":49,"column":4},"end":{"line":51,"column":null}},"type":"if","locations":[{"start":{"line":49,"column":4},"end":{"line":51,"column":null}}]}},"s":{"0":13,"1":13,"2":13,"3":8,"4":2,"5":2,"6":4,"7":4,"8":4,"9":4,"10":1,"11":3,"12":1,"13":6,"14":6,"15":13,"16":13,"17":13},"f":{"0":2,"1":4,"2":4,"3":1,"4":6},"b":{"0":[1]}}
,"/home/lee/src/syster/ts-libs/packages/core/src/configuration/config-provider.ts": {"path":"/home/lee/src/syster/ts-libs/packages/core/src/configuration/config-provider.ts","statementMap":{"0":{"start":{"line":1,"column":0},"end":{"line":1,"column":55}},"1":{"start":{"line":2,"column":0},"end":{"line":2,"column":39}},"2":{"start":{"line":17,"column":46},"end":{"line":17,"column":48}},"3":{"start":{"line":25,"column":57},"end":{"line":25,"column":69}},"4":{"start":{"line":25,"column":63},"end":{"line":25,"column":69}},"5":{"start":{"line":33,"column":59},"end":{"line":33,"column":71}},"6":{"start":{"line":33,"column":65},"end":{"line":33,"column":71}},"7":{"start":{"line":43,"column":4},"end":{"line":43,"column":29}},"8":{"start":{"line":54,"column":4},"end":{"line":54,"column":26}},"9":{"start":{"line":66,"column":25},"end":{"line":70,"column":6}},"10":{"start":{"line":71,"column":4},"end":{"line":77,"column":null}},"11":{"start":{"line":72,"column":6},"end":{"line":72,"column":39}},"12":{"start":{"line":73,"column":11},"end":{"line":77,"column":null}},"13":{"start":{"line":74,"column":6},"end":{"line":74,"column":42}},"14":{"start":{"line":75,"column":11},"end":{"line":77,"column":null}},"15":{"start":{"line":76,"column":6},"end":{"line":76,"column":42}},"16":{"start":{"line":78,"column":4},"end":{"line":80,"column":null}},"17":{"start":{"line":79,"column":6},"end":{"line":79,"column":40}},"18":{"start":{"line":81,"column":4},"end":{"line":81,"column":27}},"19":{"start":{"line":82,"column":22},"end":{"line":82,"column":61}},"20":{"start":{"line":83,"column":4},"end":{"line":85,"column":null}},"21":{"start":{"line":84,"column":6},"end":{"line":84,"column":41}},"22":{"start":{"line":86,"column":4},"end":{"line":86,"column":21}},"23":{"start":{"line":96,"column":21},"end":{"line":96,"column":73}},"24":{"start":{"line":96,"column":43},"end":{"line":96,"column":72}},"25":{"start":{"line":97,"column":4},"end":{"line":99,"column":null}},"26":{"start":{"line":98,"column":6},"end":{"line":98,"column":35}},"27":{"start":{"line":9,"column":0},"end":{"line":9,"column":13}},"28":{"start":{"line":103,"column":0},"end":{"line":103,"column":30}}},"fnMap":{"0":{"name":"(anonymous_1)","decl":{"start":{"line":25,"column":57},"end":{"line":25,"column":60}},"loc":{"start":{"line":25,"column":63},"end":{"line":25,"column":69}}},"1":{"name":"(anonymous_2)","decl":{"start":{"line":33,"column":59},"end":{"line":33,"column":62}},"loc":{"start":{"line":33,"column":65},"end":{"line":33,"column":71}}},"2":{"name":"(anonymous_3)","decl":{"start":{"line":42,"column":9},"end":{"line":42,"column":14}},"loc":{"start":{"line":42,"column":19},"end":{"line":44,"column":3}}},"3":{"name":"(anonymous_4)","decl":{"start":{"line":53,"column":9},"end":{"line":53,"column":15}},"loc":{"start":{"line":53,"column":27},"end":{"line":55,"column":3}}},"4":{"name":"(anonymous_5)","decl":{"start":{"line":65,"column":9},"end":{"line":65,"column":12}},"loc":{"start":{"line":65,"column":36},"end":{"line":87,"column":3}}},"5":{"name":"(anonymous_6)","decl":{"start":{"line":95,"column":9},"end":{"line":95,"column":15}},"loc":{"start":{"line":95,"column":36},"end":{"line":100,"column":3}}},"6":{"name":"(anonymous_7)","decl":{"start":{"line":96,"column":36},"end":{"line":96,"column":37}},"loc":{"start":{"line":96,"column":43},"end":{"line":96,"column":72}}}},"branchMap":{"0":{"loc":{"start":{"line":71,"column":4},"end":{"line":77,"column":null}},"type":"if","locations":[{"start":{"line":71,"column":4},"end":{"line":77,"column":null}},{"start":{"line":73,"column":11},"end":{"line":77,"column":null}}]},"1":{"loc":{"start":{"line":73,"column":11},"end":{"line":77,"column":null}},"type":"if","locations":[{"start":{"line":73,"column":11},"end":{"line":77,"column":null}},{"start":{"line":75,"column":11},"end":{"line":77,"column":null}}]},"2":{"loc":{"start":{"line":73,"column":15},"end":{"line":73,"column":66}},"type":"binary-expr","locations":[{"start":{"line":73,"column":15},"end":{"line":73,"column":43}},{"start":{"line":73,"column":47},"end":{"line":73,"column":66}}]},"3":{"loc":{"start":{"line":75,"column":11},"end":{"line":77,"column":null}},"type":"if","locations":[{"start":{"line":75,"column":11},"end":{"line":77,"column":null}}]},"4":{"loc":{"start":{"line":78,"column":4},"end":{"line":80,"column":null}},"type":"if","locations":[{"start":{"line":78,"column":4},"end":{"line":80,"column":null}}]},"5":{"loc":{"start":{"line":83,"column":4},"end":{"line":85,"column":null}},"type":"if","locations":[{"start":{"line":83,"column":4},"end":{"line":85,"column":null}}]},"6":{"loc":{"start":{"line":97,"column":4},"end":{"line":99,"column":null}},"type":"if","locations":[{"start":{"line":97,"column":4},"end":{"line":99,"column":null}}]}},"s":{"0":13,"1":13,"2":15,"3":15,"4":1,"5":15,"6":43,"7":4,"8":27,"9":45,"10":45,"11":42,"12":3,"13":1,"14":2,"15":1,"16":45,"17":2,"18":45,"19":45,"20":45,"21":43,"22":45,"23":1,"24":2,"25":1,"26":1,"27":13,"28":13},"f":{"0":1,"1":43,"2":4,"3":27,"4":45,"5":1,"6":2},"b":{"0":[42,3],"1":[1,2],"2":[3,3],"3":[1],"4":[2],"5":[43],"6":[1]}}
,"/home/lee/src/syster/ts-libs/packages/core/src/configuration/config.ts": {"path":"/home/lee/src/syster/ts-libs/packages/core/src/configuration/config.ts","statementMap":{"0":{"start":{"line":1,"column":0},"end":{"line":1,"column":51}},"1":{"start":{"line":18,"column":7},"end":{"line":110,"column":null}},"2":{"start":{"line":61,"column":57},"end":{"line":61,"column":69}},"3":{"start":{"line":61,"column":63},"end":{"line":61,"column":69}},"4":{"start":{"line":64,"column":59},"end":{"line":64,"column":71}},"5":{"start":{"line":64,"column":65},"end":{"line":64,"column":71}},"6":{"start":{"line":84,"column":4},"end":{"line":94,"column":null}},"7":{"start":{"line":85,"column":6},"end":{"line":91,"column":null}},"8":{"start":{"line":85,"column":19},"end":{"line":85,"column":20}},"9":{"start":{"line":86,"column":25},"end":{"line":86,"column":42}},"10":{"start":{"line":87,"column":22},"end":{"line":87,"column":42}},"11":{"start":{"line":88,"column":8},"end":{"line":90,"column":null}},"12":{"start":{"line":89,"column":10},"end":{"line":89,"column":23}},"13":{"start":{"line":93,"column":6},"end":{"line":93,"column":41}},"14":{"start":{"line":95,"column":4},"end":{"line":95,"column":21}},"15":{"start":{"line":106,"column":4},"end":{"line":108,"column":7}},"16":{"start":{"line":107,"column":6},"end":{"line":107,"column":31}},"17":{"start":{"line":18,"column":13},"end":{"line":110,"column":null}},"18":{"start":{"line":18,"column":13},"end":{"line":18,"column":19}},"19":{"start":{"line":112,"column":0},"end":{"line":112,"column":22}}},"fnMap":{"0":{"name":"(anonymous_3)","decl":{"start":{"line":61,"column":57},"end":{"line":61,"column":60}},"loc":{"start":{"line":61,"column":63},"end":{"line":61,"column":69}}},"1":{"name":"(anonymous_4)","decl":{"start":{"line":64,"column":59},"end":{"line":64,"column":62}},"loc":{"start":{"line":64,"column":65},"end":{"line":64,"column":71}}},"2":{"name":"(anonymous_5)","decl":{"start":{"line":83,"column":9},"end":{"line":83,"column":12}},"loc":{"start":{"line":83,"column":31},"end":{"line":96,"column":3}}},"3":{"name":"(anonymous_6)","decl":{"start":{"line":105,"column":9},"end":{"line":105,"column":12}},"loc":{"start":{"line":105,"column":39},"end":{"line":109,"column":3}}},"4":{"name":"(anonymous_7)","decl":{"start":{"line":106,"column":27},"end":{"line":106,"column":28}},"loc":{"start":{"line":106,"column":40},"end":{"line":108,"column":5}}}},"branchMap":{"0":{"loc":{"start":{"line":84,"column":4},"end":{"line":94,"column":null}},"type":"if","locations":[{"start":{"line":84,"column":4},"end":{"line":94,"column":null}},{"start":{"line":92,"column":11},"end":{"line":94,"column":null}}]},"1":{"loc":{"start":{"line":88,"column":8},"end":{"line":90,"column":null}},"type":"if","locations":[{"start":{"line":88,"column":8},"end":{"line":90,"column":null}}]}},"s":{"0":13,"1":13,"2":7,"3":0,"4":7,"5":0,"6":26,"7":25,"8":25,"9":25,"10":25,"11":25,"12":16,"13":1,"14":9,"15":2,"16":2,"17":13,"18":13,"19":13},"f":{"0":0,"1":0,"2":26,"3":2,"4":2},"b":{"0":[25,1],"1":[16]}}
,"/home/lee/src/syster/ts-libs/packages/core/src/configuration/index.ts": {"path":"/home/lee/src/syster/ts-libs/packages/core/src/configuration/index.ts","statementMap":{"0":{"start":{"line":1,"column":0},"end":{"line":1,"column":32}},"1":{"start":{"line":2,"column":0},"end":{"line":2,"column":31}},"2":{"start":{"line":3,"column":0},"end":{"line":3,"column":28}},"3":{"start":{"line":4,"column":0},"end":{"line":4,"column":36}},"4":{"start":{"line":5,"column":0},"end":{"line":5,"column":37}}},"fnMap":{},"branchMap":{},"s":{"0":13,"1":13,"2":13,"3":13,"4":13},"f":{},"b":{}}
,"/home/lee/src/syster/ts-libs/packages/core/src/configuration/util/configure.ts": {"path":"/home/lee/src/syster/ts-libs/packages/core/src/configuration/util/configure.ts","statementMap":{"0":{"start":{"line":3,"column":0},"end":{"line":3,"column":48}},"1":{"start":{"line":12,"column":13},"end":{"line":42,"column":1}},"2":{"start":{"line":13,"column":12},"end":{"line":13,"column":17}},"3":{"start":{"line":14,"column":2},"end":{"line":16,"column":null}},"4":{"start":{"line":15,"column":4},"end":{"line":15,"column":18}},"5":{"start":{"line":17,"column":2},"end":{"line":40,"column":null}},"6":{"start":{"line":18,"column":4},"end":{"line":39,"column":null}},"7":{"start":{"line":19,"column":6},"end":{"line":38,"column":null}},"8":{"start":{"line":21,"column":10},"end":{"line":21,"column":25}},"9":{"start":{"line":22,"column":10},"end":{"line":22,"column":16}},"10":{"start":{"line":24,"column":10},"end":{"line":24,"column":28}},"11":{"start":{"line":25,"column":10},"end":{"line":25,"column":16}},"12":{"start":{"line":27,"column":10},"end":{"line":31,"column":null}},"13":{"start":{"line":28,"column":12},"end":{"line":28,"column":76}},"14":{"start":{"line":29,"column":17},"end":{"line":31,"column":null}},"15":{"start":{"line":30,"column":12},"end":{"line":30,"column":28}},"16":{"start":{"line":32,"column":10},"end":{"line":32,"column":22}},"17":{"start":{"line":33,"column":10},"end":{"line":33,"column":16}},"18":{"start":{"line":41,"column":2},"end":{"line":41,"column":13}},"19":{"start":{"line":52,"column":25},"end":{"line":74,"column":1}},"20":{"start":{"line":53,"column":14},"end":{"line":53,"column":45}},"21":{"start":{"line":54,"column":2},"end":{"line":56,"column":null}},"22":{"start":{"line":55,"column":4},"end":{"line":55,"column":48}},"23":{"start":{"line":55,"column":32},"end":{"line":55,"column":46}},"24":{"start":{"line":57,"column":2},"end":{"line":71,"column":null}},"25":{"start":{"line":58,"column":4},"end":{"line":68,"column":7}},"26":{"start":{"line":59,"column":6},"end":{"line":67,"column":null}},"27":{"start":{"line":60,"column":8},"end":{"line":64,"column":null}},"28":{"start":{"line":61,"column":10},"end":{"line":61,"column":74}},"29":{"start":{"line":62,"column":15},"end":{"line":64,"column":null}},"30":{"start":{"line":63,"column":10},"end":{"line":63,"column":32}},"31":{"start":{"line":66,"column":8},"end":{"line":66,"column":30}},"32":{"start":{"line":70,"column":4},"end":{"line":70,"column":26}},"33":{"start":{"line":73,"column":2},"end":{"line":73,"column":13}},"34":{"start":{"line":52,"column":13},"end":{"line":52,"column":25}},"35":{"start":{"line":83,"column":25},"end":{"line":104,"column":1}},"36":{"start":{"line":84,"column":14},"end":{"line":84,"column":38}},"37":{"start":{"line":85,"column":16},"end":{"line":85,"column":64}},"38":{"start":{"line":85,"column":42},"end":{"line":85,"column":63}},"39":{"start":{"line":87,"column":17},"end":{"line":87,"column":27}},"40":{"start":{"line":88,"column":2},"end":{"line":88,"column":40}},"41":{"start":{"line":90,"column":18},"end":{"line":90,"column":49}},"42":{"start":{"line":91,"column":2},"end":{"line":103,"column":5}},"43":{"start":{"line":92,"column":4},"end":{"line":102,"column":16}},"44":{"start":{"line":93,"column":6},"end":{"line":99,"column":null}},"45":{"start":{"line":94,"column":8},"end":{"line":97,"column":null}},"46":{"start":{"line":96,"column":10},"end":{"line":96,"column":72}},"47":{"start":{"line":98,"column":8},"end":{"line":98,"column":25}},"48":{"start":{"line":83,"column":13},"end":{"line":83,"column":25}},"49":{"start":{"line":106,"column":0},"end":{"line":106,"column":25}}},"fnMap":{"0":{"name":"(anonymous_0)","decl":{"start":{"line":12,"column":13},"end":{"line":12,"column":14}},"loc":{"start":{"line":12,"column":46},"end":{"line":42,"column":1}}},"1":{"name":"(anonymous_1)","decl":{"start":{"line":52,"column":25},"end":{"line":52,"column":26}},"loc":{"start":{"line":52,"column":86},"end":{"line":74,"column":1}}},"2":{"name":"(anonymous_2)","decl":{"start":{"line":55,"column":25},"end":{"line":55,"column":26}},"loc":{"start":{"line":55,"column":32},"end":{"line":55,"column":46}}},"3":{"name":"(anonymous_3)","decl":{"start":{"line":58,"column":18},"end":{"line":58,"column":19}},"loc":{"start":{"line":58,"column":27},"end":{"line":68,"column":5}}},"4":{"name":"(anonymous_4)","decl":{"start":{"line":83,"column":25},"end":{"line":83,"column":29}},"loc":{"start":{"line":83,"column":86},"end":{"line":104,"column":1}}},"5":{"name":"(anonymous_5)","decl":{"start":{"line":85,"column":35},"end":{"line":85,"column":36}},"loc":{"start":{"line":85,"column":42},"end":{"line":85,"column":63}}},"6":{"name":"(anonymous_6)","decl":{"start":{"line":91,"column":16},"end":{"line":91,"column":17}},"loc":{"start":{"line":91,"column":25},"end":{"line":103,"column":3}}},"7":{"name":"(anonymous_7)","decl":{"start":{"line":92,"column":16},"end":{"line":92,"column":17}},"loc":{"start":{"line":92,"column":40},"end":{"line":102,"column":5}}}},"branchMap":{"0":{"loc":{"start":{"line":14,"column":2},"end":{"line":16,"column":null}},"type":"if","locations":[{"start":{"line":14,"column":2},"end":{"line":16,"column":null}}]},"1":{"loc":{"start":{"line":17,"column":2},"end":{"line":40,"column":null}},"type":"if","locations":[{"start":{"line":17,"column":2},"end":{"line":40,"column":null}}]},"2":{"loc":{"start":{"line":18,"column":4},"end":{"line":39,"column":null}},"type":"if","locations":[{"start":{"line":18,"column":4},"end":{"line":39,"column":null}}]},"3":{"loc":{"start":{"line":19,"column":6},"end":{"line":38,"column":null}},"type":"switch","locations":[{"start":{"line":20,"column":8},"end":{"line":22,"column":16}},{"start":{"line":23,"column":8},"end":{"line":25,"column":16}},{"start":{"line":26,"column":8},"end":{"line":34,"column":null}}]},"4":{"loc":{"start":{"line":27,"column":10},"end":{"line":31,"column":null}},"type":"if","locations":[{"start":{"line":27,"column":10},"end":{"line":31,"column":null}},{"start":{"line":29,"column":17},"end":{"line":31,"column":null}}]},"5":{"loc":{"start":{"line":28,"column":18},"end":{"line":28,"column":75}},"type":"binary-expr","locations":[{"start":{"line":28,"column":18},"end":{"line":28,"column":46}},{"start":{"line":28,"column":50},"end":{"line":28,"column":75}}]},"6":{"loc":{"start":{"line":29,"column":17},"end":{"line":31,"column":null}},"type":"if","locations":[{"start":{"line":29,"column":17},"end":{"line":31,"column":null}}]},"7":{"loc":{"start":{"line":52,"column":36},"end":{"line":52,"column":52}},"type":"default-arg","locations":[{"start":{"line":52,"column":50},"end":{"line":52,"column":52}}]},"8":{"loc":{"start":{"line":52,"column":54},"end":{"line":52,"column":72}},"type":"default-arg","locations":[{"start":{"line":52,"column":70},"end":{"line":52,"column":72}}]},"9":{"loc":{"start":{"line":54,"column":2},"end":{"line":56,"column":null}},"type":"if","locations":[{"start":{"line":54,"column":2},"end":{"line":56,"column":null}}]},"10":{"loc":{"start":{"line":57,"column":2},"end":{"line":71,"column":null}},"type":"if","locations":[{"start":{"line":57,"column":2},"end":{"line":71,"column":null}},{"start":{"line":69,"column":9},"end":{"line":71,"column":null}}]},"11":{"loc":{"start":{"line":57,"column":6},"end":{"line":57,"column":29}},"type":"binary-expr","locations":[{"start":{"line":57,"column":6},"end":{"line":57,"column":9}},{"start":{"line":57,"column":13},"end":{"line":57,"column":29}}]},"12":{"loc":{"start":{"line":59,"column":6},"end":{"line":67,"column":null}},"type":"if","locations":[{"start":{"line":59,"column":6},"end":{"line":67,"column":null}},{"start":{"line":65,"column":13},"end":{"line":67,"column":null}}]},"13":{"loc":{"start":{"line":60,"column":8},"end":{"line":64,"column":null}},"type":"if","locations":[{"start":{"line":60,"column":8},"end":{"line":64,"column":null}},{"start":{"line":62,"column":15},"end":{"line":64,"column":null}}]},"14":{"loc":{"start":{"line":62,"column":15},"end":{"line":64,"column":null}},"type":"if","locations":[{"start":{"line":62,"column":15},"end":{"line":64,"column":null}}]},"15":{"loc":{"start":{"line":93,"column":6},"end":{"line":99,"column":null}},"type":"if","locations":[{"start":{"line":93,"column":6},"end":{"line":99,"column":null}}]},"16":{"loc":{"start":{"line":93,"column":10},"end":{"line":93,"column":63}},"type":"binary-expr","locations":[{"start":{"line":93,"column":10},"end":{"line":93,"column":14}},{"start":{"line":93,"column":18},"end":{"line":93,"column":36}},{"start":{"line":93,"column":40},"end":{"line":93,"column":63}}]},"17":{"loc":{"start":{"line":94,"column":8},"end":{"line":97,"column":null}},"type":"if","locations":[{"start":{"line":94,"column":8},"end":{"line":97,"column":null}}]}},"s":{"0":13,"1":13,"2":24,"3":24,"4":9,"5":15,"6":15,"7":9,"8":3,"9":3,"10":3,"11":3,"12":3,"13":3,"14":0,"15":0,"16":3,"17":3,"18":15,"19":13,"20":27,"21":27,"22":3,"23":9,"24":27,"25":18,"26":69,"27":63,"28":24,"29":39,"30":9,"31":6,"32":9,"33":27,"34":13,"35":13,"36":3,"37":3,"38":24,"39":3,"40":3,"41":3,"42":3,"43":24,"44":27,"45":27,"46":24,"47":27,"48":13,"49":13},"f":{"0":24,"1":27,"2":9,"3":69,"4":3,"5":24,"6":24,"7":27},"b":{"0":[9],"1":[15],"2":[9],"3":[3,3,3],"4":[3,0],"5":[3,0],"6":[0],"7":[3],"8":[3],"9":[3],"10":[18,9],"11":[27,27],"12":[63,6],"13":[24,39],"14":[9],"15":[27],"16":[27,27,27],"17":[24]}}
,"/home/lee/src/syster/ts-libs/packages/core/src/configuration/util/index.ts": {"path":"/home/lee/src/syster/ts-libs/packages/core/src/configuration/util/index.ts","statementMap":{"0":{"start":{"line":1,"column":0},"end":{"line":1,"column":31}},"1":{"start":{"line":2,"column":0},"end":{"line":2,"column":34}}},"fnMap":{},"branchMap":{},"s":{"0":13,"1":13},"f":{},"b":{}}
,"/home/lee/src/syster/ts-libs/packages/core/src/configuration/util/is-primitive.ts": {"path":"/home/lee/src/syster/ts-libs/packages/core/src/configuration/util/is-primitive.ts","statementMap":{"0":{"start":{"line":6,"column":27},"end":{"line":7,"column":89}},"1":{"start":{"line":7,"column":2},"end":{"line":7,"column":89}},"2":{"start":{"line":6,"column":13},"end":{"line":6,"column":27}},"3":{"start":{"line":15,"column":13},"end":{"line":15,"column":31}}},"fnMap":{"0":{"name":"(anonymous_0)","decl":{"start":{"line":6,"column":27},"end":{"line":6,"column":28}},"loc":{"start":{"line":7,"column":2},"end":{"line":7,"column":89}}}},"branchMap":{"0":{"loc":{"start":{"line":7,"column":2},"end":{"line":7,"column":89}},"type":"binary-expr","locations":[{"start":{"line":7,"column":2},"end":{"line":7,"column":28}},{"start":{"line":7,"column":32},"end":{"line":7,"column":58}},{"start":{"line":7,"column":62},"end":{"line":7,"column":89}}]}},"s":{"0":13,"1":18,"2":13,"3":13},"f":{"0":18},"b":{"0":[18,8,4]}}
,"/home/lee/src/syster/ts-libs/packages/core/src/decorators/hosted.ts": {"path":"/home/lee/src/syster/ts-libs/packages/core/src/decorators/hosted.ts","statementMap":{"0":{"start":{"line":1,"column":0},"end":{"line":1,"column":26}},"1":{"start":{"line":2,"column":0},"end":{"line":2,"column":57}},"2":{"start":{"line":3,"column":0},"end":{"line":3,"column":46}},"3":{"start":{"line":5,"column":0},"end":{"line":5,"column":60}},"4":{"start":{"line":7,"column":0},"end":{"line":7,"column":41}},"5":{"start":{"line":14,"column":2},"end":{"line":24,"column":3}},"6":{"start":{"line":15,"column":2},"end":{"line":24,"column":3}},"7":{"start":{"line":16,"column":4},"end":{"line":18,"column":null}},"8":{"start":{"line":17,"column":6},"end":{"line":17,"column":70}},"9":{"start":{"line":19,"column":4},"end":{"line":21,"column":null}},"10":{"start":{"line":20,"column":6},"end":{"line":20,"column":67}},"11":{"start":{"line":22,"column":4},"end":{"line":22,"column":75}},"12":{"start":{"line":23,"column":4},"end":{"line":23,"column":32}},"13":{"start":{"line":13,"column":13},"end":{"line":13,"column":null}},"14":{"start":{"line":26,"column":0},"end":{"line":26,"column":22}}},"fnMap":{"0":{"name":"(anonymous_1)","decl":{"start":{"line":14,"column":2},"end":{"line":14,"column":3}},"loc":{"start":{"line":15,"column":2},"end":{"line":24,"column":3}}},"1":{"name":"(anonymous_2)","decl":{"start":{"line":15,"column":2},"end":{"line":15,"column":3}},"loc":{"start":{"line":15,"column":38},"end":{"line":24,"column":3}}}},"branchMap":{"0":{"loc":{"start":{"line":14,"column":3},"end":{"line":14,"column":16}},"type":"default-arg","locations":[{"start":{"line":14,"column":11},"end":{"line":14,"column":16}}]},"1":{"loc":{"start":{"line":16,"column":4},"end":{"line":18,"column":null}},"type":"if","locations":[{"start":{"line":16,"column":4},"end":{"line":18,"column":null}}]},"2":{"loc":{"start":{"line":16,"column":8},"end":{"line":16,"column":76}},"type":"binary-expr","locations":[{"start":{"line":16,"column":8},"end":{"line":16,"column":14}},{"start":{"line":16,"column":18},"end":{"line":16,"column":76}}]},"3":{"loc":{"start":{"line":19,"column":4},"end":{"line":21,"column":null}},"type":"if","locations":[{"start":{"line":19,"column":4},"end":{"line":21,"column":null}}]},"4":{"loc":{"start":{"line":19,"column":8},"end":{"line":19,"column":67}},"type":"binary-expr","locations":[{"start":{"line":19,"column":8},"end":{"line":19,"column":36}},{"start":{"line":19,"column":40},"end":{"line":19,"column":67}}]}},"s":{"0":13,"1":13,"2":13,"3":13,"4":13,"5":13,"6":4,"7":4,"8":1,"9":3,"10":1,"11":2,"12":2,"13":13,"14":13},"f":{"0":4,"1":4},"b":{"0":[2],"1":[1],"2":[4,3],"3":[1],"4":[3,2]}}
,"/home/lee/src/syster/ts-libs/packages/core/src/decorators/index.ts": {"path":"/home/lee/src/syster/ts-libs/packages/core/src/decorators/index.ts","statementMap":{"0":{"start":{"line":1,"column":0},"end":{"line":1,"column":28}},"1":{"start":{"line":2,"column":0},"end":{"line":2,"column":32}},"2":{"start":{"line":3,"column":0},"end":{"line":3,"column":28}},"3":{"start":{"line":4,"column":0},"end":{"line":4,"column":28}},"4":{"start":{"line":5,"column":0},"end":{"line":5,"column":26}},"5":{"start":{"line":6,"column":0},"end":{"line":6,"column":31}},"6":{"start":{"line":7,"column":0},"end":{"line":7,"column":31}}},"fnMap":{},"branchMap":{},"s":{"0":13,"1":13,"2":13,"3":13,"4":13,"5":13,"6":13},"f":{},"b":{}}
,"/home/lee/src/syster/ts-libs/packages/core/src/decorators/inject.ts": {"path":"/home/lee/src/syster/ts-libs/packages/core/src/decorators/inject.ts","statementMap":{"0":{"start":{"line":1,"column":0},"end":{"line":1,"column":26}},"1":{"start":{"line":2,"column":0},"end":{"line":2,"column":56}},"2":{"start":{"line":10,"column":2},"end":{"line":14,"column":3}},"3":{"start":{"line":11,"column":2},"end":{"line":14,"column":3}},"4":{"start":{"line":12,"column":4},"end":{"line":12,"column":71}},"5":{"start":{"line":13,"column":4},"end":{"line":13,"column":18}},"6":{"start":{"line":9,"column":13},"end":{"line":9,"column":null}},"7":{"start":{"line":16,"column":0},"end":{"line":16,"column":22}}},"fnMap":{"0":{"name":"(anonymous_1)","decl":{"start":{"line":10,"column":2},"end":{"line":10,"column":3}},"loc":{"start":{"line":11,"column":2},"end":{"line":14,"column":3}}},"1":{"name":"(anonymous_2)","decl":{"start":{"line":11,"column":2},"end":{"line":11,"column":3}},"loc":{"start":{"line":11,"column":44},"end":{"line":14,"column":3}}}},"branchMap":{},"s":{"0":13,"1":13,"2":13,"3":4,"4":4,"5":4,"6":13,"7":13},"f":{"0":4,"1":4},"b":{}}
,"/home/lee/src/syster/ts-libs/packages/core/src/decorators/injectable.ts": {"path":"/home/lee/src/syster/ts-libs/packages/core/src/decorators/injectable.ts","statementMap":{"0":{"start":{"line":1,"column":0},"end":{"line":1,"column":26}},"1":{"start":{"line":2,"column":0},"end":{"line":2,"column":57}},"2":{"start":{"line":3,"column":0},"end":{"line":3,"column":58}},"3":{"start":{"line":4,"column":0},"end":{"line":4,"column":60}},"4":{"start":{"line":11,"column":2},"end":{"line":18,"column":3}},"5":{"start":{"line":12,"column":2},"end":{"line":18,"column":3}},"6":{"start":{"line":13,"column":4},"end":{"line":15,"column":null}},"7":{"start":{"line":14,"column":6},"end":{"line":14,"column":75}},"8":{"start":{"line":16,"column":4},"end":{"line":16,"column":57}},"9":{"start":{"line":17,"column":4},"end":{"line":17,"column":18}},"10":{"start":{"line":10,"column":13},"end":{"line":10,"column":null}},"11":{"start":{"line":20,"column":0},"end":{"line":20,"column":26}}},"fnMap":{"0":{"name":"(anonymous_1)","decl":{"start":{"line":11,"column":2},"end":{"line":11,"column":5}},"loc":{"start":{"line":12,"column":2},"end":{"line":18,"column":3}}},"1":{"name":"(anonymous_2)","decl":{"start":{"line":12,"column":2},"end":{"line":12,"column":3}},"loc":{"start":{"line":12,"column":23},"end":{"line":18,"column":3}}}},"branchMap":{"0":{"loc":{"start":{"line":13,"column":4},"end":{"line":15,"column":null}},"type":"if","locations":[{"start":{"line":13,"column":4},"end":{"line":15,"column":null}}]}},"s":{"0":13,"1":13,"2":13,"3":13,"4":13,"5":66,"6":66,"7":33,"8":66,"9":66,"10":13,"11":13},"f":{"0":66,"1":66},"b":{"0":[33]}}
,"/home/lee/src/syster/ts-libs/packages/core/src/decorators/parent.ts": {"path":"/home/lee/src/syster/ts-libs/packages/core/src/decorators/parent.ts","statementMap":{"0":{"start":{"line":1,"column":0},"end":{"line":1,"column":26}},"1":{"start":{"line":2,"column":0},"end":{"line":2,"column":69}},"2":{"start":{"line":3,"column":0},"end":{"line":3,"column":33}},"3":{"start":{"line":8,"column":22},"end":{"line":8,"column":61}},"4":{"start":{"line":8,"column":33},"end":{"line":8,"column":61}},"5":{"start":{"line":8,"column":13},"end":{"line":8,"column":22}},"6":{"start":{"line":10,"column":0},"end":{"line":10,"column":22}}},"fnMap":{"0":{"name":"(anonymous_1)","decl":{"start":{"line":8,"column":22},"end":{"line":8,"column":30}},"loc":{"start":{"line":8,"column":33},"end":{"line":8,"column":61}}}},"branchMap":{},"s":{"0":13,"1":13,"2":13,"3":13,"4":1,"5":13,"6":13},"f":{"0":1},"b":{}}
,"/home/lee/src/syster/ts-libs/packages/core/src/decorators/root.ts": {"path":"/home/lee/src/syster/ts-libs/packages/core/src/decorators/root.ts","statementMap":{"0":{"start":{"line":1,"column":0},"end":{"line":1,"column":26}},"1":{"start":{"line":2,"column":0},"end":{"line":2,"column":65}},"2":{"start":{"line":3,"column":0},"end":{"line":3,"column":33}},"3":{"start":{"line":8,"column":20},"end":{"line":8,"column":57}},"4":{"start":{"line":8,"column":31},"end":{"line":8,"column":57}},"5":{"start":{"line":8,"column":13},"end":{"line":8,"column":20}},"6":{"start":{"line":10,"column":0},"end":{"line":10,"column":20}}},"fnMap":{"0":{"name":"(anonymous_1)","decl":{"start":{"line":8,"column":20},"end":{"line":8,"column":28}},"loc":{"start":{"line":8,"column":31},"end":{"line":8,"column":57}}}},"branchMap":{},"s":{"0":13,"1":13,"2":13,"3":13,"4":1,"5":13,"6":13},"f":{"0":1},"b":{}}
,"/home/lee/src/syster/ts-libs/packages/core/src/decorators/singleton.ts": {"path":"/home/lee/src/syster/ts-libs/packages/core/src/decorators/singleton.ts","statementMap":{"0":{"start":{"line":1,"column":0},"end":{"line":1,"column":26}},"1":{"start":{"line":2,"column":0},"end":{"line":2,"column":57}},"2":{"start":{"line":3,"column":0},"end":{"line":3,"column":46}},"3":{"start":{"line":4,"column":0},"end":{"line":4,"column":60}},"4":{"start":{"line":5,"column":0},"end":{"line":5,"column":41}},"5":{"start":{"line":12,"column":2},"end":{"line":19,"column":3}},"6":{"start":{"line":13,"column":2},"end":{"line":19,"column":3}},"7":{"start":{"line":14,"column":4},"end":{"line":16,"column":null}},"8":{"start":{"line":15,"column":6},"end":{"line":15,"column":73}},"9":{"start":{"line":17,"column":4},"end":{"line":17,"column":78}},"10":{"start":{"line":18,"column":4},"end":{"line":18,"column":32}},"11":{"start":{"line":11,"column":13},"end":{"line":11,"column":null}},"12":{"start":{"line":21,"column":0},"end":{"line":21,"column":25}}},"fnMap":{"0":{"name":"(anonymous_1)","decl":{"start":{"line":12,"column":2},"end":{"line":12,"column":3}},"loc":{"start":{"line":13,"column":2},"end":{"line":19,"column":3}}},"1":{"name":"(anonymous_2)","decl":{"start":{"line":13,"column":2},"end":{"line":13,"column":3}},"loc":{"start":{"line":13,"column":23},"end":{"line":19,"column":3}}}},"branchMap":{"0":{"loc":{"start":{"line":12,"column":3},"end":{"line":12,"column":16}},"type":"default-arg","locations":[{"start":{"line":12,"column":11},"end":{"line":12,"column":16}}]},"1":{"loc":{"start":{"line":14,"column":4},"end":{"line":16,"column":null}},"type":"if","locations":[{"start":{"line":14,"column":4},"end":{"line":16,"column":null}}]},"2":{"loc":{"start":{"line":14,"column":8},"end":{"line":14,"column":76}},"type":"binary-expr","locations":[{"start":{"line":14,"column":8},"end":{"line":14,"column":14}},{"start":{"line":14,"column":18},"end":{"line":14,"column":76}}]}},"s":{"0":13,"1":13,"2":13,"3":13,"4":13,"5":13,"6":30,"7":30,"8":1,"9":29,"10":29,"11":13,"12":13},"f":{"0":30,"1":30},"b":{"0":[29],"1":[1],"2":[30,30]}}
,"/home/lee/src/syster/ts-libs/packages/core/src/decorators/transient.ts": {"path":"/home/lee/src/syster/ts-libs/packages/core/src/decorators/transient.ts","statementMap":{"0":{"start":{"line":1,"column":0},"end":{"line":1,"column":26}},"1":{"start":{"line":2,"column":0},"end":{"line":2,"column":57}},"2":{"start":{"line":3,"column":0},"end":{"line":3,"column":46}},"3":{"start":{"line":4,"column":0},"end":{"line":4,"column":60}},"4":{"start":{"line":5,"column":0},"end":{"line":5,"column":41}},"5":{"start":{"line":12,"column":2},"end":{"line":19,"column":3}},"6":{"start":{"line":13,"column":2},"end":{"line":19,"column":3}},"7":{"start":{"line":14,"column":4},"end":{"line":16,"column":null}},"8":{"start":{"line":15,"column":6},"end":{"line":15,"column":73}},"9":{"start":{"line":17,"column":4},"end":{"line":17,"column":78}},"10":{"start":{"line":18,"column":4},"end":{"line":18,"column":32}},"11":{"start":{"line":11,"column":13},"end":{"line":11,"column":null}},"12":{"start":{"line":21,"column":0},"end":{"line":21,"column":25}}},"fnMap":{"0":{"name":"(anonymous_1)","decl":{"start":{"line":12,"column":2},"end":{"line":12,"column":5}},"loc":{"start":{"line":13,"column":2},"end":{"line":19,"column":3}}},"1":{"name":"(anonymous_2)","decl":{"start":{"line":13,"column":2},"end":{"line":13,"column":3}},"loc":{"start":{"line":13,"column":23},"end":{"line":19,"column":3}}}},"branchMap":{"0":{"loc":{"start":{"line":14,"column":4},"end":{"line":16,"column":null}},"type":"if","locations":[{"start":{"line":14,"column":4},"end":{"line":16,"column":null}}]}},"s":{"0":13,"1":13,"2":13,"3":13,"4":13,"5":13,"6":3,"7":3,"8":1,"9":2,"10":2,"11":13,"12":13},"f":{"0":3,"1":3},"b":{"0":[1]}}
,"/home/lee/src/syster/ts-libs/packages/core/src/enums/changeset-type.ts": {"path":"/home/lee/src/syster/ts-libs/packages/core/src/enums/changeset-type.ts","statementMap":{"0":{"start":{"line":1,"column":0},"end":{"line":1,"column":null}},"1":{"start":{"line":2,"column":2},"end":{"line":2,"column":null}},"2":{"start":{"line":3,"column":2},"end":{"line":3,"column":null}},"3":{"start":{"line":4,"column":2},"end":{"line":4,"column":null}},"4":{"start":{"line":5,"column":2},"end":{"line":5,"column":null}},"5":{"start":{"line":8,"column":0},"end":{"line":8,"column":29}}},"fnMap":{"0":{"name":"(anonymous_0)","decl":{"start":{"line":1,"column":0},"end":{"line":1,"column":12}},"loc":{"start":{"line":1,"column":25},"end":{"line":6,"column":1}}}},"branchMap":{"0":{"loc":{"start":{"line":1,"column":12},"end":{"line":1,"column":null}},"type":"binary-expr","locations":[{"start":{"line":1,"column":12},"end":{"line":1,"column":25}},{"start":{"line":1,"column":12},"end":{"line":1,"column":null}}]}},"s":{"0":13,"1":13,"2":13,"3":13,"4":13,"5":13},"f":{"0":13},"b":{"0":[13,13]}}
,"/home/lee/src/syster/ts-libs/packages/core/src/enums/index.ts": {"path":"/home/lee/src/syster/ts-libs/packages/core/src/enums/index.ts","statementMap":{"0":{"start":{"line":1,"column":0},"end":{"line":1,"column":36}},"1":{"start":{"line":2,"column":0},"end":{"line":2,"column":37}},"2":{"start":{"line":3,"column":0},"end":{"line":3,"column":31}}},"fnMap":{},"branchMap":{},"s":{"0":13,"1":13,"2":13},"f":{},"b":{}}
,"/home/lee/src/syster/ts-libs/packages/core/src/enums/injection-scope.ts": {"path":"/home/lee/src/syster/ts-libs/packages/core/src/enums/injection-scope.ts","statementMap":{"0":{"start":{"line":6,"column":0},"end":{"line":6,"column":null}},"1":{"start":{"line":7,"column":2},"end":{"line":7,"column":null}},"2":{"start":{"line":8,"column":2},"end":{"line":8,"column":null}},"3":{"start":{"line":9,"column":2},"end":{"line":9,"column":null}},"4":{"start":{"line":10,"column":2},"end":{"line":10,"column":null}},"5":{"start":{"line":13,"column":0},"end":{"line":13,"column":30}}},"fnMap":{"0":{"name":"(anonymous_0)","decl":{"start":{"line":6,"column":0},"end":{"line":6,"column":12}},"loc":{"start":{"line":6,"column":26},"end":{"line":11,"column":1}}}},"branchMap":{"0":{"loc":{"start":{"line":6,"column":12},"end":{"line":6,"column":null}},"type":"binary-expr","locations":[{"start":{"line":6,"column":12},"end":{"line":6,"column":26}},{"start":{"line":6,"column":12},"end":{"line":6,"column":null}}]}},"s":{"0":13,"1":13,"2":13,"3":13,"4":13,"5":13},"f":{"0":13},"b":{"0":[13,13]}}
,"/home/lee/src/syster/ts-libs/packages/core/src/enums/log-level.ts": {"path":"/home/lee/src/syster/ts-libs/packages/core/src/enums/log-level.ts","statementMap":{"0":{"start":{"line":6,"column":0},"end":{"line":6,"column":null}},"1":{"start":{"line":7,"column":2},"end":{"line":7,"column":null}},"2":{"start":{"line":8,"column":2},"end":{"line":8,"column":null}},"3":{"start":{"line":9,"column":2},"end":{"line":9,"column":null}},"4":{"start":{"line":10,"column":2},"end":{"line":10,"column":null}},"5":{"start":{"line":11,"column":2},"end":{"line":11,"column":null}},"6":{"start":{"line":12,"column":2},"end":{"line":12,"column":null}},"7":{"start":{"line":15,"column":0},"end":{"line":15,"column":24}}},"fnMap":{"0":{"name":"(anonymous_0)","decl":{"start":{"line":6,"column":0},"end":{"line":6,"column":12}},"loc":{"start":{"line":6,"column":20},"end":{"line":13,"column":1}}}},"branchMap":{"0":{"loc":{"start":{"line":6,"column":12},"end":{"line":6,"column":null}},"type":"binary-expr","locations":[{"start":{"line":6,"column":12},"end":{"line":6,"column":20}},{"start":{"line":6,"column":12},"end":{"line":6,"column":null}}]}},"s":{"0":13,"1":13,"2":13,"3":13,"4":13,"5":13,"6":13,"7":13},"f":{"0":13},"b":{"0":[13,13]}}
,"/home/lee/src/syster/ts-libs/packages/core/src/errors/index.ts": {"path":"/home/lee/src/syster/ts-libs/packages/core/src/errors/index.ts","statementMap":{"0":{"start":{"line":1,"column":0},"end":{"line":1,"column":31}},"1":{"start":{"line":2,"column":0},"end":{"line":2,"column":41}}},"fnMap":{},"branchMap":{},"s":{"0":13,"1":13},"f":{},"b":{}}
,"/home/lee/src/syster/ts-libs/packages/core/src/errors/ioc-error.ts": {"path":"/home/lee/src/syster/ts-libs/packages/core/src/errors/ioc-error.ts","statementMap":{"0":{"start":{"line":7,"column":0},"end":{"line":7,"column":13}},"1":{"start":{"line":9,"column":0},"end":{"line":9,"column":24}}},"fnMap":{},"branchMap":{},"s":{"0":13,"1":13},"f":{},"b":{}}
,"/home/lee/src/syster/ts-libs/packages/core/src/errors/state-machine-error.ts": {"path":"/home/lee/src/syster/ts-libs/packages/core/src/errors/state-machine-error.ts","statementMap":{"0":{"start":{"line":7,"column":0},"end":{"line":7,"column":13}},"1":{"start":{"line":9,"column":0},"end":{"line":9,"column":33}}},"fnMap":{},"branchMap":{},"s":{"0":13,"1":13},"f":{},"b":{}}
,"/home/lee/src/syster/ts-libs/packages/core/src/fsm/fsm.ts": {"path":"/home/lee/src/syster/ts-libs/packages/core/src/fsm/fsm.ts","statementMap":{"0":{"start":{"line":1,"column":0},"end":{"line":1,"column":65}},"1":{"start":{"line":58,"column":28},"end":{"line":58,"column":33}},"2":{"start":{"line":67,"column":25},"end":{"line":67,"column":27}},"3":{"start":{"line":74,"column":4},"end":{"line":74,"column":28}},"4":{"start":{"line":75,"column":4},"end":{"line":75,"column":30}},"5":{"start":{"line":86,"column":4},"end":{"line":88,"column":null}},"6":{"start":{"line":87,"column":6},"end":{"line":87,"column":57}},"7":{"start":{"line":90,"column":21},"end":{"line":90,"column":41}},"8":{"start":{"line":92,"column":4},"end":{"line":94,"column":null}},"9":{"start":{"line":93,"column":6},"end":{"line":93,"column":13}},"10":{"start":{"line":96,"column":4},"end":{"line":98,"column":null}},"11":{"start":{"line":97,"column":6},"end":{"line":97,"column":75}},"12":{"start":{"line":100,"column":4},"end":{"line":103,"column":null}},"13":{"start":{"line":101,"column":6},"end":{"line":101,"column":27}},"14":{"start":{"line":102,"column":6},"end":{"line":102,"column":13}},"15":{"start":{"line":105,"column":4},"end":{"line":105,"column":32}},"16":{"start":{"line":107,"column":4},"end":{"line":110,"column":null}},"17":{"start":{"line":108,"column":6},"end":{"line":108,"column":34}},"18":{"start":{"line":109,"column":6},"end":{"line":109,"column":39}},"19":{"start":{"line":112,"column":4},"end":{"line":112,"column":43}},"20":{"start":{"line":114,"column":4},"end":{"line":117,"column":null}},"21":{"start":{"line":115,"column":6},"end":{"line":115,"column":34}},"22":{"start":{"line":116,"column":6},"end":{"line":116,"column":40}},"23":{"start":{"line":118,"column":4},"end":{"line":118,"column":33}},"24":{"start":{"line":129,"column":4},"end":{"line":129,"column":38}},"25":{"start":{"line":130,"column":4},"end":{"line":132,"column":7}},"26":{"start":{"line":131,"column":6},"end":{"line":131,"column":44}},"27":{"start":{"line":133,"column":4},"end":{"line":133,"column":16}},"28":{"start":{"line":144,"column":4},"end":{"line":147,"column":null}},"29":{"start":{"line":145,"column":6},"end":{"line":145,"column":40}},"30":{"start":{"line":146,"column":6},"end":{"line":146,"column":13}},"31":{"start":{"line":149,"column":4},"end":{"line":151,"column":null}},"32":{"start":{"line":150,"column":6},"end":{"line":150,"column":40}},"33":{"start":{"line":162,"column":4},"end":{"line":164,"column":null}},"34":{"start":{"line":163,"column":6},"end":{"line":163,"column":13}},"35":{"start":{"line":165,"column":18},"end":{"line":165,"column":44}},"36":{"start":{"line":166,"column":4},"end":{"line":168,"column":null}},"37":{"start":{"line":167,"column":6},"end":{"line":167,"column":27}},"38":{"start":{"line":23,"column":0},"end":{"line":23,"column":13}},"39":{"start":{"line":172,"column":0},"end":{"line":172,"column":19}}},"fnMap":{"0":{"name":"(anonymous_1)","decl":{"start":{"line":73,"column":2},"end":{"line":73,"column":null}},"loc":{"start":{"line":73,"column":2},"end":{"line":76,"column":3}}},"1":{"name":"(anonymous_2)","decl":{"start":{"line":85,"column":9},"end":{"line":85,"column":14}},"loc":{"start":{"line":85,"column":35},"end":{"line":119,"column":3}}},"2":{"name":"(anonymous_3)","decl":{"start":{"line":128,"column":9},"end":{"line":128,"column":17}},"loc":{"start":{"line":128,"column":31},"end":{"line":134,"column":3}}},"3":{"name":"(anonymous_4)","decl":{"start":{"line":130,"column":28},"end":{"line":130,"column":29}},"loc":{"start":{"line":130,"column":40},"end":{"line":132,"column":5}}},"4":{"name":"(anonymous_5)","decl":{"start":{"line":143,"column":9},"end":{"line":143,"column":15}},"loc":{"start":{"line":143,"column":29},"end":{"line":152,"column":3}}},"5":{"name":"(anonymous_6)","decl":{"start":{"line":161,"column":9},"end":{"line":161,"column":16}},"loc":{"start":{"line":161,"column":32},"end":{"line":169,"column":3}}}},"branchMap":{"0":{"loc":{"start":{"line":86,"column":4},"end":{"line":88,"column":null}},"type":"if","locations":[{"start":{"line":86,"column":4},"end":{"line":88,"column":null}}]},"1":{"loc":{"start":{"line":92,"column":4},"end":{"line":94,"column":null}},"type":"if","locations":[{"start":{"line":92,"column":4},"end":{"line":94,"column":null}}]},"2":{"loc":{"start":{"line":96,"column":4},"end":{"line":98,"column":null}},"type":"if","locations":[{"start":{"line":96,"column":4},"end":{"line":98,"column":null}}]},"3":{"loc":{"start":{"line":96,"column":8},"end":{"line":96,"column":137}},"type":"binary-expr","locations":[{"start":{"line":96,"column":8},"end":{"line":96,"column":25}},{"start":{"line":96,"column":29},"end":{"line":96,"column":37}},{"start":{"line":96,"column":41},"end":{"line":96,"column":71}},{"start":{"line":96,"column":75},"end":{"line":96,"column":90}},{"start":{"line":96,"column":94},"end":{"line":96,"column":137}}]},"4":{"loc":{"start":{"line":100,"column":4},"end":{"line":103,"column":null}},"type":"if","locations":[{"start":{"line":100,"column":4},"end":{"line":103,"column":null}}]},"5":{"loc":{"start":{"line":107,"column":4},"end":{"line":110,"column":null}},"type":"if","locations":[{"start":{"line":107,"column":4},"end":{"line":110,"column":null}}]},"6":{"loc":{"start":{"line":107,"column":8},"end":{"line":107,"column":53}},"type":"binary-expr","locations":[{"start":{"line":107,"column":8},"end":{"line":107,"column":25}},{"start":{"line":107,"column":29},"end":{"line":107,"column":53}}]},"7":{"loc":{"start":{"line":114,"column":4},"end":{"line":117,"column":null}},"type":"if","locations":[{"start":{"line":114,"column":4},"end":{"line":117,"column":null}}]},"8":{"loc":{"start":{"line":144,"column":4},"end":{"line":147,"column":null}},"type":"if","locations":[{"start":{"line":144,"column":4},"end":{"line":147,"column":null}}]},"9":{"loc":{"start":{"line":149,"column":4},"end":{"line":151,"column":null}},"type":"if","locations":[{"start":{"line":149,"column":4},"end":{"line":151,"column":null}}]},"10":{"loc":{"start":{"line":149,"column":8},"end":{"line":149,"column":55}},"type":"binary-expr","locations":[{"start":{"line":149,"column":8},"end":{"line":149,"column":25}},{"start":{"line":149,"column":29},"end":{"line":149,"column":55}}]},"11":{"loc":{"start":{"line":162,"column":4},"end":{"line":164,"column":null}},"type":"if","locations":[{"start":{"line":162,"column":4},"end":{"line":164,"column":null}}]},"12":{"loc":{"start":{"line":166,"column":4},"end":{"line":168,"column":null}},"type":"if","locations":[{"start":{"line":166,"column":4},"end":{"line":168,"column":null}}]}},"s":{"0":13,"1":28,"2":28,"3":28,"4":28,"5":65,"6":1,"7":64,"8":64,"9":11,"10":53,"11":1,"12":52,"13":22,"14":22,"15":30,"16":30,"17":1,"18":1,"19":30,"20":30,"21":19,"22":19,"23":30,"24":112,"25":112,"26":57,"27":112,"28":10,"29":4,"30":4,"31":6,"32":1,"33":32,"34":1,"35":31,"36":31,"37":31,"38":13,"39":13},"f":{"0":28,"1":65,"2":112,"3":57,"4":10,"5":32},"b":{"0":[1],"1":[11],"2":[1],"3":[53,32,32,32,1],"4":[22],"5":[1],"6":[30,9],"7":[19],"8":[4],"9":[1],"10":[6,1],"11":[1],"12":[31]}}
,"/home/lee/src/syster/ts-libs/packages/core/src/fsm/index.ts": {"path":"/home/lee/src/syster/ts-libs/packages/core/src/fsm/index.ts","statementMap":{"0":{"start":{"line":1,"column":0},"end":{"line":1,"column":25}}},"fnMap":{},"branchMap":{},"s":{"0":13},"f":{},"b":{}}
,"/home/lee/src/syster/ts-libs/packages/core/src/helpers/index.ts": {"path":"/home/lee/src/syster/ts-libs/packages/core/src/helpers/index.ts","statementMap":{"0":{"start":{"line":1,"column":0},"end":{"line":1,"column":38}}},"fnMap":{},"branchMap":{},"s":{"0":13},"f":{},"b":{}}
,"/home/lee/src/syster/ts-libs/packages/core/src/helpers/promise-throttle.ts": {"path":"/home/lee/src/syster/ts-libs/packages/core/src/helpers/promise-throttle.ts","statementMap":{"0":{"start":{"line":6,"column":22},"end":{"line":6,"column":33}},"1":{"start":{"line":7,"column":4},"end":{"line":7,"column":21}},"2":{"start":{"line":8,"column":4},"end":{"line":8,"column":20}},"3":{"start":{"line":12,"column":4},"end":{"line":39,"column":7}},"4":{"start":{"line":13,"column":21},"end":{"line":37,"column":7}},"5":{"start":{"line":14,"column":8},"end":{"line":36,"column":null}},"6":{"start":{"line":15,"column":10},"end":{"line":15,"column":25}},"7":{"start":{"line":16,"column":10},"end":{"line":33,"column":14}},"8":{"start":{"line":18,"column":14},"end":{"line":18,"column":23}},"9":{"start":{"line":19,"column":14},"end":{"line":19,"column":29}},"10":{"start":{"line":20,"column":14},"end":{"line":22,"column":null}},"11":{"start":{"line":21,"column":16},"end":{"line":21,"column":39}},"12":{"start":{"line":35,"column":10},"end":{"line":35,"column":34}},"13":{"start":{"line":38,"column":6},"end":{"line":38,"column":15}},"14":{"start":{"line":1,"column":0},"end":{"line":1,"column":13}},"15":{"start":{"line":43,"column":0},"end":{"line":43,"column":31}}},"fnMap":{"0":{"name":"(anonymous_0)","decl":{"start":{"line":6,"column":2},"end":{"line":6,"column":22}},"loc":{"start":{"line":6,"column":33},"end":{"line":9,"column":3}}},"1":{"name":"(anonymous_1)","decl":{"start":{"line":11,"column":9},"end":{"line":11,"column":14}},"loc":{"start":{"line":11,"column":42},"end":{"line":40,"column":3}}},"2":{"name":"(anonymous_2)","decl":{"start":{"line":12,"column":23},"end":{"line":12,"column":24}},"loc":{"start":{"line":12,"column":36},"end":{"line":39,"column":5}}},"3":{"name":"(anonymous_3)","decl":{"start":{"line":13,"column":21},"end":{"line":13,"column":30}},"loc":{"start":{"line":13,"column":32},"end":{"line":37,"column":7}}},"4":{"name":"(anonymous_4)","decl":{"start":{"line":17,"column":18},"end":{"line":17,"column":19}},"loc":{"start":{"line":17,"column":29},"end":{"line":23,"column":13}}}},"branchMap":{"0":{"loc":{"start":{"line":14,"column":8},"end":{"line":36,"column":null}},"type":"if","locations":[{"start":{"line":14,"column":8},"end":{"line":36,"column":null}},{"start":{"line":34,"column":15},"end":{"line":36,"column":null}}]},"1":{"loc":{"start":{"line":20,"column":14},"end":{"line":22,"column":null}},"type":"if","locations":[{"start":{"line":20,"column":14},"end":{"line":22,"column":null}}]}},"s":{"0":1,"1":1,"2":1,"3":5,"4":5,"5":8,"6":5,"7":5,"8":5,"9":5,"10":5,"11":3,"12":3,"13":5,"14":13,"15":13},"f":{"0":1,"1":5,"2":5,"3":8,"4":5},"b":{"0":[5,3],"1":[3]}}
,"/home/lee/src/syster/ts-libs/packages/core/src/interfaces/index.ts": {"path":"/home/lee/src/syster/ts-libs/packages/core/src/interfaces/index.ts","statementMap":{"0":{"start":{"line":1,"column":0},"end":{"line":1,"column":36}},"1":{"start":{"line":2,"column":0},"end":{"line":2,"column":35}},"2":{"start":{"line":3,"column":0},"end":{"line":3,"column":36}},"3":{"start":{"line":4,"column":0},"end":{"line":4,"column":39}},"4":{"start":{"line":5,"column":0},"end":{"line":5,"column":31}},"5":{"start":{"line":6,"column":0},"end":{"line":6,"column":38}},"6":{"start":{"line":7,"column":0},"end":{"line":7,"column":33}},"7":{"start":{"line":8,"column":0},"end":{"line":8,"column":34}},"8":{"start":{"line":9,"column":0},"end":{"line":9,"column":26}},"9":{"start":{"line":10,"column":0},"end":{"line":10,"column":35}},"10":{"start":{"line":11,"column":0},"end":{"line":11,"column":30}},"11":{"start":{"line":12,"column":0},"end":{"line":12,"column":27}},"12":{"start":{"line":13,"column":0},"end":{"line":13,"column":38}},"13":{"start":{"line":14,"column":0},"end":{"line":14,"column":36}},"14":{"start":{"line":15,"column":0},"end":{"line":15,"column":33}}},"fnMap":{},"branchMap":{},"s":{"0":13,"1":13,"2":13,"3":13,"4":13,"5":13,"6":13,"7":13,"8":13,"9":13,"10":13,"11":13,"12":13,"13":13,"14":13},"f":{},"b":{}}
,"/home/lee/src/syster/ts-libs/packages/core/src/ioc/container.ts": {"path":"/home/lee/src/syster/ts-libs/packages/core/src/ioc/container.ts","statementMap":{"0":{"start":{"line":1,"column":0},"end":{"line":1,"column":57}},"1":{"start":{"line":2,"column":0},"end":{"line":2,"column":46}},"2":{"start":{"line":11,"column":0},"end":{"line":11,"column":117}},"3":{"start":{"line":12,"column":0},"end":{"line":12,"column":50}},"4":{"start":{"line":13,"column":0},"end":{"line":13,"column":64}},"5":{"start":{"line":74,"column":4},"end":{"line":74,"column":36}},"6":{"start":{"line":75,"column":4},"end":{"line":75,"column":32}},"7":{"start":{"line":76,"column":4},"end":{"line":81,"column":null}},"8":{"start":{"line":77,"column":6},"end":{"line":77,"column":69}},"9":{"start":{"line":78,"column":6},"end":{"line":78,"column":41}},"10":{"start":{"line":80,"column":6},"end":{"line":80,"column":33}},"11":{"start":{"line":82,"column":4},"end":{"line":82,"column":23}},"12":{"start":{"line":111,"column":4},"end":{"line":111,"column":26}},"13":{"start":{"line":125,"column":4},"end":{"line":125,"column":30}},"14":{"start":{"line":138,"column":4},"end":{"line":144,"column":null}},"15":{"start":{"line":139,"column":6},"end":{"line":143,"column":8}},"16":{"start":{"line":154,"column":4},"end":{"line":154,"column":26}},"17":{"start":{"line":166,"column":17},"end":{"line":166,"column":25}},"18":{"start":{"line":167,"column":4},"end":{"line":169,"column":null}},"19":{"start":{"line":168,"column":6},"end":{"line":168,"column":42}},"20":{"start":{"line":171,"column":4},"end":{"line":171,"column":25}},"21":{"start":{"line":173,"column":4},"end":{"line":173,"column":39}},"22":{"start":{"line":174,"column":4},"end":{"line":184,"column":null}},"23":{"start":{"line":177,"column":8},"end":{"line":180,"column":null}},"24":{"start":{"line":178,"column":25},"end":{"line":178,"column":51}},"25":{"start":{"line":179,"column":10},"end":{"line":179,"column":67}},"26":{"start":{"line":181,"column":8},"end":{"line":181,"column":14}},"27":{"start":{"line":183,"column":8},"end":{"line":183,"column":14}},"28":{"start":{"line":185,"column":4},"end":{"line":185,"column":43}},"29":{"start":{"line":186,"column":4},"end":{"line":186,"column":16}},"30":{"start":{"line":199,"column":4},"end":{"line":201,"column":null}},"31":{"start":{"line":200,"column":6},"end":{"line":200,"column":42}},"32":{"start":{"line":203,"column":16},"end":{"line":203,"column":85}},"33":{"start":{"line":203,"column":64},"end":{"line":203,"column":83}},"34":{"start":{"line":204,"column":4},"end":{"line":204,"column":29}},"35":{"start":{"line":214,"column":4},"end":{"line":214,"column":47}},"36":{"start":{"line":226,"column":36},"end":{"line":226,"column":61}},"37":{"start":{"line":227,"column":4},"end":{"line":227,"column":56}},"38":{"start":{"line":238,"column":4},"
[...]
,"/home/lee/src/syster/ts-libs/packages/core/src/ioc/index.ts": {"path":"/home/lee/src/syster/ts-libs/packages/core/src/ioc/index.ts","statementMap":{"0":{"start":{"line":1,"column":0},"end":{"line":1,"column":34}},"1":{"start":{"line":2,"column":0},"end":{"line":2,"column":31}},"2":{"start":{"line":3,"column":0},"end":{"line":3,"column":29}}},"fnMap":{},"branchMap":{},"s":{"0":13,"1":13,"2":13},"f":{},"b":{}}
,"/home/lee/src/syster/ts-libs/packages/core/src/ioc/injection-token.ts": {"path":"/home/lee/src/syster/ts-libs/packages/core/src/ioc/injection-token.ts","statementMap":{"0":{"start":{"line":22,"column":4},"end":{"line":22,"column":17}},"1":{"start":{"line":7,"column":0},"end":{"line":7,"column":13}},"2":{"start":{"line":26,"column":0},"end":{"line":26,"column":30}}},"fnMap":{"0":{"name":"(anonymous_0)","decl":{"start":{"line":21,"column":2},"end":{"line":21,"column":14}},"loc":{"start":{"line":21,"column":24},"end":{"line":23,"column":3}}}},"branchMap":{},"s":{"0":28,"1":13,"2":13},"f":{"0":28},"b":{}}
,"/home/lee/src/syster/ts-libs/packages/core/src/ioc/tokens/index.ts": {"path":"/home/lee/src/syster/ts-libs/packages/core/src/ioc/tokens/index.ts","statementMap":{"0":{"start":{"line":1,"column":0},"end":{"line":1,"column":38}},"1":{"start":{"line":2,"column":0},"end":{"line":2,"column":36}}},"fnMap":{},"branchMap":{},"s":{"0":13,"1":13},"f":{},"b":{}}
,"/home/lee/src/syster/ts-libs/packages/core/src/ioc/tokens/parent-container.ts": {"path":"/home/lee/src/syster/ts-libs/packages/core/src/ioc/tokens/parent-container.ts","statementMap":{"0":{"start":{"line":1,"column":0},"end":{"line":1,"column":51}},"1":{"start":{"line":7,"column":13},"end":{"line":7,"column":69}},"2":{"start":{"line":9,"column":0},"end":{"line":9,"column":36}}},"fnMap":{},"branchMap":{},"s":{"0":13,"1":13,"2":13},"f":{},"b":{}}
,"/home/lee/src/syster/ts-libs/packages/core/src/ioc/tokens/root-container.ts": {"path":"/home/lee/src/syster/ts-libs/packages/core/src/ioc/tokens/root-container.ts","statementMap":{"0":{"start":{"line":1,"column":0},"end":{"line":1,"column":51}},"1":{"start":{"line":7,"column":13},"end":{"line":7,"column":65}},"2":{"start":{"line":9,"column":0},"end":{"line":9,"column":34}}},"fnMap":{},"branchMap":{},"s":{"0":13,"1":13,"2":13},"f":{},"b":{}}
,"/home/lee/src/syster/ts-libs/packages/core/src/logger/index.ts": {"path":"/home/lee/src/syster/ts-libs/packages/core/src/logger/index.ts","statementMap":{"0":{"start":{"line":1,"column":0},"end":{"line":1,"column":38}},"1":{"start":{"line":2,"column":0},"end":{"line":2,"column":32}},"2":{"start":{"line":3,"column":0},"end":{"line":3,"column":28}},"3":{"start":{"line":4,"column":0},"end":{"line":4,"column":31}}},"fnMap":{},"branchMap":{},"s":{"0":13,"1":13,"2":13,"3":13},"f":{},"b":{}}
,"/home/lee/src/syster/ts-libs/packages/core/src/logger/logger.ts": {"path":"/home/lee/src/syster/ts-libs/packages/core/src/logger/logger.ts","statementMap":{"0":{"start":{"line":1,"column":0},"end":{"line":1,"column":29}},"1":{"start":{"line":2,"column":0},"end":{"line":2,"column":53}},"2":{"start":{"line":3,"column":0},"end":{"line":3,"column":45}},"3":{"start":{"line":5,"column":0},"end":{"line":5,"column":46}},"4":{"start":{"line":11,"column":37},"end":{"line":18,"column":2}},"5":{"start":{"line":38,"column":7},"end":{"line":166,"column":null}},"6":{"start":{"line":54,"column":4},"end":{"line":54,"column":50}},"7":{"start":{"line":64,"column":4},"end":{"line":64,"column":52}},"8":{"start":{"line":74,"column":4},"end":{"line":74,"column":46}},"9":{"start":{"line":84,"column":4},"end":{"line":84,"column":46}},"10":{"start":{"line":94,"column":4},"end":{"line":94,"column":52}},"11":{"start":{"line":104,"column":4},"end":{"line":104,"column":48}},"12":{"start":{"line":114,"column":4},"end":{"line":114,"column":46}},"13":{"start":{"line":124,"column":4},"end":{"line":124,"column":49}},"14":{"start":{"line":136,"column":23},"end":{"line":136,"column":46}},"15":{"start":{"line":137,"column":4},"end":{"line":137,"column":55}},"16":{"start":{"line":137,"column":49},"end":{"line":137,"column":54}},"17":{"start":{"line":138,"column":20},"end":{"line":138,"column":73}},"18":{"start":{"line":139,"column":4},"end":{"line":139,"column":41}},"19":{"start":{"line":143,"column":21},"end":{"line":143,"column":60}},"20":{"start":{"line":145,"column":4},"end":{"line":164,"column":7}},"21":{"start":{"line":151,"column":22},"end":{"line":154,"column":12}},"22":{"start":{"line":152,"column":26},"end":{"line":152,"column":48}},"23":{"start":{"line":153,"column":8},"end":{"line":153,"column":38}},"24":{"start":{"line":156,"column":18},"end":{"line":161,"column":8}},"25":{"start":{"line":163,"column":6},"end":{"line":163,"column":45}},"26":{"start":{"line":38,"column":13},"end":{"line":166,"column":null}},"27":{"start":{"line":38,"column":13},"end":{"line":38,"column":19}},"28":{"start":{"line":168,"column":0},"end":{"line":168,"column":22}}},"fnMap":{"0":{"name":"(anonymous_3)","decl":{"start":{"line":53,"column":2},"end":{"line":53,"column":14}},"loc":{"start":{"line":53,"column":51},"end":{"line":55,"column":3}}},"1":{"name":"(anonymous_4)","decl":{"start":{"line":63,"column":9},"end":{"line":63,"column":12}},"loc":{"start":{"line":63,"column":27},"end":{"line":65,"column":3}}},"2":{"name":"(anonymous_5)","decl":{"start":{"line":73,"column":9},"end":{"line":73,"column":14}},"loc":{"start":{"line":73,"column":29},"end":{"line":75,"column":3}}},"3":{"name":"(anonymous_6)","decl":{"start":{"line":83,"column":9},"end":{"line":83,"column":14}},"loc":{"start":{"line":83,"column":29},"end":{"line":85,"column":3}}},"4":{"name":"(anonymous_7)","decl":{"start":{"line":93,"column":9},"end":{"line":93,"column":13}},"loc":{"start":{"line":93,"column":28},"end":{"line":95,"column":3}}},"5":{"name":"(anonymous_8)","decl":{"start":{"line":103,"column":9},"end":{"line":103,"column":13}},"loc":{"start":{"line":103,"column":28},"end":{"line":105,"column":3}}},"6":{"name":"(anonymous_9)","decl":{"start":{"line":113,"column":9},"end":{"line":113,"column":14}},"loc":{"start":{"line":113,"column":29},"end":{"line":115,"column":3}}},"7":{"name":"(anonymous_10)","decl":{"start":{"line":123,"column":9},"end":{"line":123,"column":17}},"loc":{"start":{"line":123,"column":32},"end":{"line":125,"column":3}}},"8":{"name":"(anonymous_11)","decl":{"start":{"line":135,"column":10},"end":{"line":135,"column":21}},"loc":{"start":{"line":135,"column":53},"end":{"line":165,"column":3}}},"9":{"name":"(anonymous_12)","decl":{"start":{"line":137,"column":30},"end":{"line":137,"column":31}},"loc":{"start":{"line":137,"column":49},"end":{"line":137,"column":54}}},"10":{"name":"(anonymous_13)","decl":{"start":{"line":145,"column":36},"end":{"line":145,"column":37}},"loc":{"start":{"line":145,"column":50},"end":{"line":164,"column":5}}},"11":{"name":"(anonymous_14)","decl":{"start":{"line":151,"column":34},"end":{"line":151,"column":35}},"loc":{"start":{"line":151,"column":49},"end":{"line":154,"column":7}}}},"branchMap":{"0":{"loc":{"start":{"line":53,"column":14},"end":{"line":53,"column":51}},"type":"default-arg","locations":[{"start":{"line":53,"column":38},"end":{"line":53,"column":51}}]}},"s":{"0":13,"1":13,"2":13,"3":13,"4":13,"5":13,"6":18,"7":3,"8":1,"9":1,"10":31,"11":1,"12":1,"13":1,"14":32,"15":32,"16":32,"17":32,"18":32,"19":32,"20":32,"21":32,"22":32,"23":32,"24":32,"25":32,"26":13,"27":13,"28":13},"f":{"0":18,"1":3,"2":1,"3":1,"4":31,"5":1,"6":1,"7":1,"8":32,"9":32,"10":32,"11":32},"b":{"0":[16]}}
,"/home/lee/src/syster/ts-libs/packages/core/src/logger/transport.ts": {"path":"/home/lee/src/syster/ts-libs/packages/core/src/logger/transport.ts","statementMap":{"0":{"start":{"line":1,"column":0},"end":{"line":1,"column":45}},"1":{"start":{"line":9,"column":49},"end":{"line":13,"column":2}},"2":{"start":{"line":12,"column":29},"end":{"line":12,"column":36}},"3":{"start":{"line":38,"column":4},"end":{"line":38,"column":50}},"4":{"start":{"line":22,"column":0},"end":{"line":22,"column":22}},"5":{"start":{"line":87,"column":0},"end":{"line":87,"column":25}}},"fnMap":{"0":{"name":"(anonymous_1)","decl":{"start":{"line":12,"column":12},"end":{"line":12,"column":13}},"loc":{"start":{"line":12,"column":29},"end":{"line":12,"column":36}}},"1":{"name":"(anonymous_2)","decl":{"start":{"line":37,"column":2},"end":{"line":37,"column":14}},"loc":{"start":{"line":37,"column":23},"end":{"line":39,"column":3}}},"2":{"name":"(anonymous_3)","decl":{"start":{"line":57,"column":9},"end":{"line":57,"column":15}},"loc":{"start":{"line":57,"column":31},"end":{"line":60,"column":3}}},"3":{"name":"(anonymous_4)","decl":{"start":{"line":69,"column":9},"end":{"line":69,"column":15}},"loc":{"start":{"line":69,"column":26},"end":{"line":72,"column":3}}},"4":{"name":"(anonymous_5)","decl":{"start":{"line":81,"column":9},"end":{"line":81,"column":16}},"loc":{"start":{"line":81,"column":28},"end":{"line":84,"column":3}}}},"branchMap":{},"s":{"0":13,"1":13,"2":1,"3":15,"4":13,"5":13},"f":{"0":1,"1":15,"2":32,"3":2,"4":32},"b":{}}
,"/home/lee/src/syster/ts-libs/packages/core/src/logger/transports/console.ts": {"path":"/home/lee/src/syster/ts-libs/packages/core/src/logger/transports/console.ts","statementMap":{"0":{"start":{"line":3,"column":0},"end":{"line":3,"column":31}},"1":{"start":{"line":4,"column":0},"end":{"line":4,"column":48}},"2":{"start":{"line":6,"column":0},"end":{"line":6,"column":40}},"3":{"start":{"line":7,"column":0},"end":{"line":7,"column":56}},"4":{"start":{"line":8,"column":0},"end":{"line":8,"column":39}},"5":{"start":{"line":14,"column":60},"end":{"line":21,"column":2}},"6":{"start":{"line":27,"column":47},"end":{"line":41,"column":2}},"7":{"start":{"line":51,"column":4},"end":{"line":51,"column":43}},"8":{"start":{"line":68,"column":4},"end":{"line":68,"column":22}},"9":{"start":{"line":49,"column":0},"end":{"line":49,"column":13}},"10":{"start":{"line":84,"column":0},"end":{"line":84,"column":23}}},"fnMap":{"0":{"name":"(anonymous_1)","decl":{"start":{"line":50,"column":2},"end":{"line":50,"column":14}},"loc":{"start":{"line":50,"column":36},"end":{"line":52,"column":3}}},"1":{"name":"(anonymous_2)","decl":{"start":{"line":62,"column":9},"end":{"line":62,"column":15}},"loc":{"start":{"line":62,"column":26},"end":{"line":69,"column":3}}},"2":{"name":"(anonymous_3)","decl":{"start":{"line":78,"column":9},"end":{"line":78,"column":12}},"loc":{"start":{"line":78,"column":69},"end":{"line":81,"column":3}}}},"branchMap":{},"s":{"0":13,"1":13,"2":13,"3":13,"4":13,"5":13,"6":13,"7":13,"8":30,"9":13,"10":13},"f":{"0":13,"1":30,"2":30},"b":{}}
,"/home/lee/src/syster/ts-libs/packages/core/src/logger/transports/index.ts": {"path":"/home/lee/src/syster/ts-libs/packages/core/src/logger/transports/index.ts","statementMap":{"0":{"start":{"line":1,"column":0},"end":{"line":1,"column":29}},"1":{"start":{"line":2,"column":0},"end":{"line":2,"column":26}}},"fnMap":{},"branchMap":{},"s":{"0":13,"1":13},"f":{},"b":{}}
,"/home/lee/src/syster/ts-libs/packages/core/src/logger/util/create-template.ts": {"path":"/home/lee/src/syster/ts-libs/packages/core/src/logger/util/create-template.ts","statementMap":{"0":{"start":{"line":10,"column":2},"end":{"line":12,"column":60}},"1":{"start":{"line":11,"column":2},"end":{"line":12,"column":60}},"2":{"start":{"line":12,"column":4},"end":{"line":12,"column":60}},"3":{"start":{"line":12,"column":33},"end":{"line":12,"column":55}},"4":{"start":{"line":9,"column":13},"end":{"line":9,"column":null}},"5":{"start":{"line":14,"column":0},"end":{"line":14,"column":30}}},"fnMap":{"0":{"name":"(anonymous_0)","decl":{"start":{"line":10,"column":2},"end":{"line":10,"column":3}},"loc":{"start":{"line":11,"column":2},"end":{"line":12,"column":60}}},"1":{"name":"(anonymous_1)","decl":{"start":{"line":11,"column":2},"end":{"line":11,"column":3}},"loc":{"start":{"line":12,"column":4},"end":{"line":12,"column":60}}},"2":{"name":"(anonymous_2)","decl":{"start":{"line":12,"column":17},"end":{"line":12,"column":18}},"loc":{"start":{"line":12,"column":33},"end":{"line":12,"column":55}}}},"branchMap":{},"s":{"0":13,"1":27,"2":31,"3":311,"4":13,"5":13},"f":{"0":27,"1":31,"2":311},"b":{}}
,"/home/lee/src/syster/ts-libs/packages/core/src/logger/util/format.ts": {"path":"/home/lee/src/syster/ts-libs/packages/core/src/logger/util/format.ts","statementMap":{"0":{"start":{"line":1,"column":0},"end":{"line":1,"column":48}},"1":{"start":{"line":8,"column":13},"end":{"line":31,"column":2}},"2":{"start":{"line":11,"column":4},"end":{"line":12,"column":24}},"3":{"start":{"line":12,"column":6},"end":{"line":12,"column":24}},"4":{"start":{"line":15,"column":4},"end":{"line":16,"column":21}},"5":{"start":{"line":16,"column":6},"end":{"line":16,"column":21}},"6":{"start":{"line":19,"column":4},"end":{"line":20,"column":14}},"7":{"start":{"line":20,"column":6},"end":{"line":20,"column":14}},"8":{"start":{"line":23,"column":4},"end":{"line":24,"column":13}},"9":{"start":{"line":24,"column":6},"end":{"line":24,"column":13}},"10":{"start":{"line":27,"column":4},"end":{"line":28,"column":10}},"11":{"start":{"line":28,"column":6},"end":{"line":28,"column":10}},"12":{"start":{"line":29,"column":28},"end":{"line":29,"column":46}},"13":{"start":{"line":29,"column":42},"end":{"line":29,"column":46}},"14":{"start":{"line":30,"column":24},"end":{"line":30,"column":54}},"15":{"start":{"line":30,"column":38},"end":{"line":30,"column":54}},"16":{"start":{"line":33,"column":0},"end":{"line":33,"column":22}}},"fnMap":{"0":{"name":"(anonymous_1)","decl":{"start":{"line":10,"column":4},"end":{"line":10,"column":5}},"loc":{"start":{"line":11,"column":4},"end":{"line":12,"column":24}}},"1":{"name":"(anonymous_2)","decl":{"start":{"line":11,"column":4},"end":{"line":11,"column":5}},"loc":{"start":{"line":12,"column":6},"end":{"line":12,"column":24}}},"2":{"name":"(anonymous_3)","decl":{"start":{"line":14,"column":4},"end":{"line":14,"column":18}},"loc":{"start":{"line":15,"column":4},"end":{"line":16,"column":21}}},"3":{"name":"(anonymous_4)","decl":{"start":{"line":15,"column":4},"end":{"line":15,"column":5}},"loc":{"start":{"line":16,"column":6},"end":{"line":16,"column":21}}},"4":{"name":"(anonymous_5)","decl":{"start":{"line":18,"column":4},"end":{"line":18,"column":18}},"loc":{"start":{"line":19,"column":4},"end":{"line":20,"column":14}}},"5":{"name":"(anonymous_6)","decl":{"start":{"line":19,"column":4},"end":{"line":19,"column":5}},"loc":{"start":{"line":20,"column":6},"end":{"line":20,"column":14}}},"6":{"name":"(anonymous_7)","decl":{"start":{"line":22,"column":4},"end":{"line":22,"column":18}},"loc":{"start":{"line":23,"column":4},"end":{"line":24,"column":13}}},"7":{"name":"(anonymous_8)","decl":{"start":{"line":23,"column":4},"end":{"line":23,"column":5}},"loc":{"start":{"line":24,"column":6},"end":{"line":24,"column":13}}},"8":{"name":"(anonymous_9)","decl":{"start":{"line":26,"column":4},"end":{"line":26,"column":5}},"loc":{"start":{"line":27,"column":4},"end":{"line":28,"column":10}}},"9":{"name":"(anonymous_10)","decl":{"start":{"line":27,"column":4},"end":{"line":27,"column":15}},"loc":{"start":{"line":28,"column":6},"end":{"line":28,"column":10}}},"10":{"name":"(anonymous_11)","decl":{"start":{"line":29,"column":11},"end":{"line":29,"column":25}},"loc":{"start":{"line":29,"column":28},"end":{"line":29,"column":46}}},"11":{"name":"(anonymous_12)","decl":{"start":{"line":29,"column":28},"end":{"line":29,"column":39}},"loc":{"start":{"line":29,"column":42},"end":{"line":29,"column":46}}},"12":{"name":"(anonymous_13)","decl":{"start":{"line":30,"column":7},"end":{"line":30,"column":21}},"loc":{"start":{"line":30,"column":24},"end":{"line":30,"column":54}}},"13":{"name":"(anonymous_14)","decl":{"start":{"line":30,"column":24},"end":{"line":30,"column":35}},"loc":{"start":{"line":30,"column":38},"end":{"line":30,"column":54}}}},"branchMap":{},"s":{"0":13,"1":13,"2":27,"3":31,"4":27,"5":31,"6":27,"7":31,"8":27,"9":31,"10":83,"11":155,"12":1,"13":1,"14":14,"15":31,"16":13},"f":{"0":27,"1":31,"2":27,"3":31,"4":27,"5":31,"6":27,"7":31,"8":83,"9":155,"10":1,"11":1,"12":14,"13":31},"b":{}}
,"/home/lee/src/syster/ts-libs/packages/core/src/logger/util/index.ts": {"path":"/home/lee/src/syster/ts-libs/packages/core/src/logger/util/index.ts","statementMap":{"0":{"start":{"line":1,"column":0},"end":{"line":1,"column":37}},"1":{"start":{"line":2,"column":0},"end":{"line":2,"column":28}}},"fnMap":{},"branchMap":{},"s":{"0":13,"1":13},"f":{},"b":{}}
,"/home/lee/src/syster/ts-libs/packages/core/src/symbols/index.ts": {"path":"/home/lee/src/syster/ts-libs/packages/core/src/symbols/index.ts","statementMap":{"0":{"start":{"line":1,"column":0},"end":{"line":1,"column":36}},"1":{"start":{"line":2,"column":0},"end":{"line":2,"column":35}},"2":{"start":{"line":3,"column":0},"end":{"line":3,"column":37}}},"fnMap":{},"branchMap":{},"s":{"0":13,"1":13,"2":13},"f":{},"b":{}}
,"/home/lee/src/syster/ts-libs/packages/core/src/symbols/injectable-key.ts": {"path":"/home/lee/src/syster/ts-libs/packages/core/src/symbols/injectable-key.ts","statementMap":{"0":{"start":{"line":1,"column":13},"end":{"line":1,"column":70}},"1":{"start":{"line":3,"column":0},"end":{"line":3,"column":30}}},"fnMap":{},"branchMap":{},"s":{"0":13,"1":13},"f":{},"b":{}}
,"/home/lee/src/syster/ts-libs/packages/core/src/symbols/injection-key.ts": {"path":"/home/lee/src/syster/ts-libs/packages/core/src/symbols/injection-key.ts","statementMap":{"0":{"start":{"line":1,"column":13},"end":{"line":1,"column":68}},"1":{"start":{"line":3,"column":0},"end":{"line":3,"column":29}}},"fnMap":{},"branchMap":{},"s":{"0":13,"1":13},"f":{},"b":{}}
,"/home/lee/src/syster/ts-libs/packages/core/src/symbols/injection-scope.ts": {"path":"/home/lee/src/syster/ts-libs/packages/core/src/symbols/injection-scope.ts","statementMap":{"0":{"start":{"line":1,"column":13},"end":{"line":1,"column":72}},"1":{"start":{"line":3,"column":0},"end":{"line":3,"column":31}}},"fnMap":{},"branchMap":{},"s":{"0":13,"1":13},"f":{},"b":{}}
,"/home/lee/src/syster/ts-libs/packages/core/src/types/index.ts": {"path":"/home/lee/src/syster/ts-libs/packages/core/src/types/index.ts","statementMap":{"0":{"start":{"line":1,"column":0},"end":{"line":1,"column":26}},"1":{"start":{"line":2,"column":0},"end":{"line":2,"column":29}},"2":{"start":{"line":3,"column":0},"end":{"line":3,"column":31}},"3":{"start":{"line":4,"column":0},"end":{"line":4,"column":30}},"4":{"start":{"line":5,"column":0},"end":{"line":5,"column":30}},"5":{"start":{"line":6,"column":0},"end":{"line":6,"column":27}}},"fnMap":{},"branchMap":{},"s":{"0":13,"1":13,"2":13,"3":13,"4":13,"5":13},"f":{},"b":{}}
}
