TN:
SF:src/index.ts
FNF:0
FNH:0
DA:1,13
DA:2,13
DA:3,13
DA:4,13
DA:5,13
DA:6,13
DA:7,13
DA:8,13
DA:9,13
DA:10,13
DA:11,13
DA:12,13
LF:12
LH:12
BRF:0
BRH:0
end_of_record
TN:
SF:src/application/application.ts
FN:67,(anonymous_1)
FN:85,(anonymous_2)
FN:95,(anonymous_3)
FN:108,(anonymous_4)
FN:119,(anonymous_5)
FN:135,(anonymous_6)
FN:160,(anonymous_7)
FN:175,(anonymous_8)
FN:193,(anonymous_9)
FNF:9
FNH:9
FNDA:4,(anonymous_1)
FNDA:3,(anonymous_2)
FNDA:1,(anonymous_3)
FNDA:2,(anonymous_4)
FNDA:2,(anonymous_5)
FNDA:2,(anonymous_6)
FNDA:2,(anonymous_7)
FNDA:2,(anonymous_8)
FNDA:2,(anonymous_9)
DA:1,13
DA:2,13
DA:3,13
DA:4,13
DA:7,13
DA:8,13
DA:9,13
DA:11,13
DA:12,13
DA:24,13
DA:68,4
DA:71,4
DA:72,4
DA:76,4
DA:86,3
DA:96,1
DA:111,2
DA:113,2
DA:118,2
DA:119,2
DA:120,2
DA:123,2
DA:125,2
DA:136,2
DA:137,1
DA:143,1
DA:162,2
DA:165,2
DA:166,2
DA:171,2
DA:173,2
DA:174,2
DA:175,2
DA:176,2
DA:181,2
DA:183,2
DA:184,2
DA:187,2
DA:189,2
DA:191,2
DA:193,2
DA:194,2
DA:197,2
DA:205,2
DA:209,2
DA:212,2
DA:215,2
DA:216,2
DA:218,2
DA:219,2
DA:221,2
DA:222,2
DA:226,13
LF:53
LH:53
BRDA:136,0,0,1
BRDA:136,0,1,1
BRDA:162,1,0,2
BRDA:162,2,0,2
BRDA:162,2,1,2
BRDA:165,3,0,2
BRDA:198,4,0,2
BRDA:198,4,1,1
BRDA:199,5,0,2
BRDA:199,5,1,1
BRDA:215,6,0,2
BRDA:218,7,0,2
BRF:12
BRH:12
end_of_record
TN:
SF:src/application/cluster.ts
FN:72,(anonymous_3)
FN:79,(anonymous_4)
FN:83,(anonymous_5)
FN:93,(anonymous_6)
FN:104,(anonymous_7)
FN:122,(anonymous_8)
FN:125,(anonymous_9)
FN:139,(anonymous_10)
FN:155,(anonymous_11)
FN:161,(anonymous_12)
FNF:10
FNH:10
FNDA:9,(anonymous_3)
FNDA:11,(anonymous_4)
FNDA:3,(anonymous_5)
FNDA:10,(anonymous_6)
FNDA:5,(anonymous_7)
FNDA:7,(anonymous_8)
FNDA:12,(anonymous_9)
FNDA:32,(anonymous_10)
FNDA:44,(anonymous_11)
FNDA:12,(anonymous_12)
DA:1,13
DA:2,13
DA:3,13
DA:5,13
DA:21,13
DA:29,9
DA:38,9
DA:47,9
DA:56,9
DA:72,9
DA:73,9
DA:74,9
DA:75,9
DA:76,9
DA:80,11
DA:84,3
DA:94,10
DA:105,5
DA:106,5
DA:107,5
DA:108,12
DA:111,5
DA:113,5
DA:123,7
DA:124,7
DA:125,7
DA:126,12
DA:127,12
DA:129,7
DA:140,32
DA:141,13
DA:142,13
DA:143,13
DA:146,32
DA:156,44
DA:159,12
DA:161,12
DA:162,12
DA:164,12
DA:168,12
DA:173,13
LF:41
LH:41
BRDA:94,0,0,9
BRDA:94,0,1,1
BRDA:105,1,0,5
BRDA:140,2,0,13
BRDA:156,3,0,12
BRDA:156,4,0,44
BRDA:156,4,1,12
BRF:7
BRH:7
end_of_record
TN:
SF:src/application/index.ts
FNF:0
FNH:0
DA:1,13
DA:2,13
DA:3,13
DA:4,13
LF:4
LH:4
BRF:0
BRH:0
end_of_record
TN:
SF:src/application/lifecycle.ts
FN:125,(anonymous_1)
FN:138,(anonymous_2)
FN:149,(anonymous_3)
FN:158,(anonymous_4)
FN:167,(anonymous_5)
FN:176,(anonymous_6)
FN:185,(anonymous_7)
FN:194,(anonymous_8)
FN:205,(anonymous_9)
FN:217,(anonymous_10)
FNF:10
FNH:10
FNDA:19,(anonymous_1)
FNDA:1,(anonymous_2)
FNDA:1,(anonymous_3)
FNDA:8,(anonymous_4)
FNDA:1,(anonymous_5)
FNDA:1,(anonymous_6)
FNDA:22,(anonymous_7)
FNDA:9,(anonymous_8)
FNDA:8,(anonymous_9)
FNDA:10,(anonymous_10)
DA:1,13
DA:22,13
DA:39,19
DA:48,19
DA:57,19
DA:66,19
DA:75,19
DA:88,19
DA:101,19
DA:114,19
DA:126,19
DA:128,19
DA:139,1
DA:150,1
DA:159,8
DA:168,1
DA:177,1
DA:186,22
DA:195,9
DA:206,8
DA:207,8
DA:218,10
DA:219,10
DA:223,13
LF:24
LH:24
BRF:0
BRH:0
end_of_record
TN:
SF:src/application/runtime.ts
FN:58,(anonymous_1)
FN:60,(anonymous_2)
FN:64,(anonymous_3)
FN:70,(anonymous_4)
FN:71,(anonymous_5)
FN:72,(anonymous_6)
FN:82,(anonymous_7)
FN:93,(anonymous_8)
FN:104,(anonymous_9)
FN:118,(anonymous_10)
FN:121,(anonymous_11)
FN:122,(anonymous_12)
FN:133,(anonymous_13)
FN:135,(anonymous_14)
FN:146,(anonymous_15)
FN:148,(anonymous_16)
FN:160,(anonymous_17)
FN:171,(anonymous_18)
FNF:18
FNH:18
FNDA:12,(anonymous_1)
FNDA:12,(anonymous_2)
FNDA:9,(anonymous_3)
FNDA:4,(anonymous_4)
FNDA:5,(anonymous_5)
FNDA:6,(anonymous_6)
FNDA:18,(anonymous_7)
FNDA:4,(anonymous_8)
FNDA:18,(anonymous_9)
FNDA:8,(anonymous_10)
FNDA:42,(anonymous_11)
FNDA:6,(anonymous_12)
FNDA:4,(anonymous_13)
FNDA:4,(anonymous_14)
FNDA:4,(anonymous_15)
FNDA:2,(anonymous_16)
FNDA:4,(anonymous_17)
FNDA:8,(anonymous_18)
DA:1,13
DA:5,13
DA:17,13
DA:59,12
DA:60,12
DA:61,12
DA:64,12
DA:66,12
DA:67,12
DA:68,12
DA:70,12
DA:71,12
DA:72,12
DA:83,18
DA:84,18
DA:94,4
DA:95,4
DA:105,18
DA:106,9
DA:107,9
DA:119,8
DA:121,42
DA:122,6
DA:134,4
DA:135,4
DA:136,4
DA:147,4
DA:148,4
DA:149,4
DA:150,4
DA:161,4
DA:172,8
DA:176,13
LF:33
LH:33
BRDA:105,0,0,9
BRF:1
BRH:1
end_of_record
TN:
SF:src/configuration/changeset.ts
FN:10,(anonymous_0)
FNF:1
FNH:1
FNDA:45,(anonymous_0)
DA:3,13
DA:11,45
DA:12,45
DA:13,45
DA:17,13
LF:5
LH:5
BRF:0
BRH:0
end_of_record
TN:
SF:src/configuration/config-builder.ts
FN:33,(anonymous_2)
FN:44,(anonymous_3)
FN:46,(anonymous_4)
FN:61,(anonymous_5)
FN:72,(anonymous_6)
FNF:5
FNH:5
FNDA:2,(anonymous_2)
FNDA:4,(anonymous_3)
FNDA:4,(anonymous_4)
FNDA:1,(anonymous_5)
FNDA:6,(anonymous_6)
DA:1,13
DA:5,13
DA:21,13
DA:29,8
DA:34,2
DA:35,2
DA:45,4
DA:46,4
DA:47,4
DA:49,4
DA:50,1
DA:52,3
DA:62,1
DA:73,6
DA:74,6
DA:78,13
LF:16
LH:16
BRDA:49,0,0,1
BRF:1
BRH:1
end_of_record
TN:
SF:src/configuration/config-provider.ts
FN:25,(anonymous_1)
FN:33,(anonymous_2)
FN:42,(anonymous_3)
FN:53,(anonymous_4)
FN:65,(anonymous_5)
FN:95,(anonymous_6)
FN:96,(anonymous_7)
FNF:7
FNH:7
FNDA:1,(anonymous_1)
FNDA:43,(anonymous_2)
FNDA:4,(anonymous_3)
FNDA:27,(anonymous_4)
FNDA:45,(anonymous_5)
FNDA:1,(anonymous_6)
FNDA:2,(anonymous_7)
DA:1,13
DA:2,13
DA:9,13
DA:17,15
DA:25,15
DA:33,43
DA:43,4
DA:54,27
DA:66,45
DA:71,45
DA:72,42
DA:73,3
DA:74,1
DA:75,2
DA:76,1
DA:78,45
DA:79,2
DA:81,45
DA:82,45
DA:83,45
DA:84,43
DA:86,45
DA:96,2
DA:97,1
DA:98,1
DA:103,13
LF:26
LH:26
BRDA:71,0,0,42
BRDA:71,0,1,3
BRDA:73,1,0,1
BRDA:73,1,1,2
BRDA:73,2,0,3
BRDA:73,2,1,3
BRDA:75,3,0,1
BRDA:78,4,0,2
BRDA:83,5,0,43
BRDA:97,6,0,1
BRF:10
BRH:10
end_of_record
TN:
SF:src/configuration/config.ts
FN:61,(anonymous_3)
FN:64,(anonymous_4)
FN:83,(anonymous_5)
FN:105,(anonymous_6)
FN:106,(anonymous_7)
FNF:5
FNH:3
FNDA:0,(anonymous_3)
FNDA:0,(anonymous_4)
FNDA:26,(anonymous_5)
FNDA:2,(anonymous_6)
FNDA:2,(anonymous_7)
DA:1,13
DA:18,13
DA:61,7
DA:64,7
DA:84,26
DA:85,25
DA:86,25
DA:87,25
DA:88,25
DA:89,16
DA:93,1
DA:95,9
DA:106,2
DA:107,2
DA:112,13
LF:15
LH:15
BRDA:84,0,0,25
BRDA:84,0,1,1
BRDA:88,1,0,16
BRF:3
BRH:3
end_of_record
TN:
SF:src/configuration/index.ts
FNF:0
FNH:0
DA:1,13
DA:2,13
DA:3,13
DA:4,13
DA:5,13
LF:5
LH:5
BRF:0
BRH:0
end_of_record
TN:
SF:src/configuration/util/configure.ts
FN:12,(anonymous_0)
FN:52,(anonymous_1)
FN:55,(anonymous_2)
FN:58,(anonymous_3)
FN:83,(anonymous_4)
FN:85,(anonymous_5)
FN:91,(anonymous_6)
FN:92,(anonymous_7)
FNF:8
FNH:8
FNDA:24,(anonymous_0)
FNDA:27,(anonymous_1)
FNDA:9,(anonymous_2)
FNDA:69,(anonymous_3)
FNDA:3,(anonymous_4)
FNDA:24,(anonymous_5)
FNDA:24,(anonymous_6)
FNDA:27,(anonymous_7)
DA:3,13
DA:12,13
DA:13,24
DA:14,24
DA:15,9
DA:17,15
DA:18,15
DA:19,9
DA:21,3
DA:22,3
DA:24,3
DA:25,3
DA:27,3
DA:28,3
DA:29,0
DA:30,0
DA:32,3
DA:33,3
DA:41,15
DA:52,13
DA:53,27
DA:54,27
DA:55,9
DA:57,27
DA:58,18
DA:59,69
DA:60,63
DA:61,24
DA:62,39
DA:63,9
DA:66,6
DA:70,9
DA:73,27
DA:83,13
DA:84,3
DA:85,24
DA:87,3
DA:88,3
DA:90,3
DA:91,3
DA:92,24
DA:93,27
DA:94,27
DA:96,24
DA:98,27
DA:106,13
LF:46
LH:44
BRDA:14,0,0,9
BRDA:17,1,0,15
BRDA:18,2,0,9
BRDA:19,3,0,3
BRDA:19,3,1,3
BRDA:19,3,2,3
BRDA:27,4,0,3
BRDA:27,4,1,0
BRDA:28,5,0,3
BRDA:28,5,1,0
BRDA:29,6,0,0
BRDA:52,7,0,3
BRDA:52,8,0,3
BRDA:54,9,0,3
BRDA:57,10,0,18
BRDA:57,10,1,9
BRDA:57,11,0,27
BRDA:57,11,1,27
BRDA:59,12,0,63
BRDA:59,12,1,6
BRDA:60,13,0,24
BRDA:60,13,1,39
BRDA:62,14,0,9
BRDA:93,15,0,27
BRDA:93,16,0,27
BRDA:93,16,1,27
BRDA:93,16,2,27
BRDA:94,17,0,24
BRF:28
BRH:25
end_of_record
TN:
SF:src/configuration/util/index.ts
FNF:0
FNH:0
DA:1,13
DA:2,13
LF:2
LH:2
BRF:0
BRH:0
end_of_record
TN:
SF:src/configuration/util/is-primitive.ts
FN:6,(anonymous_0)
FNF:1
FNH:1
FNDA:18,(anonymous_0)
DA:6,13
DA:7,18
DA:15,13
LF:3
LH:3
BRDA:7,0,0,18
BRDA:7,0,1,8
BRDA:7,0,2,4
BRF:3
BRH:3
end_of_record
TN:
SF:src/decorators/hosted.ts
FN:14,(anonymous_1)
FN:15,(anonymous_2)
FNF:2
FNH:2
FNDA:4,(anonymous_1)
FNDA:4,(anonymous_2)
DA:1,13
DA:2,13
DA:3,13
DA:5,13
DA:7,13
DA:13,13
DA:14,13
DA:15,4
DA:16,4
DA:17,1
DA:19,3
DA:20,1
DA:22,2
DA:23,2
DA:26,13
LF:15
LH:15
BRDA:14,0,0,2
BRDA:16,1,0,1
BRDA:16,2,0,4
BRDA:16,2,1,3
BRDA:19,3,0,1
BRDA:19,4,0,3
BRDA:19,4,1,2
BRF:7
BRH:7
end_of_record
TN:
SF:src/decorators/index.ts
FNF:0
FNH:0
DA:1,13
DA:2,13
DA:3,13
DA:4,13
DA:5,13
DA:6,13
DA:7,13
LF:7
LH:7
BRF:0
BRH:0
end_of_record
TN:
SF:src/decorators/inject.ts
FN:10,(anonymous_1)
FN:11,(anonymous_2)
FNF:2
FNH:2
FNDA:4,(anonymous_1)
FNDA:4,(anonymous_2)
DA:1,13
DA:2,13
DA:9,13
DA:10,13
DA:11,4
DA:12,4
DA:13,4
DA:16,13
LF:8
LH:8
BRF:0
BRH:0
end_of_record
TN:
SF:src/decorators/injectable.ts
FN:11,(anonymous_1)
FN:12,(anonymous_2)
FNF:2
FNH:2
FNDA:66,(anonymous_1)
FNDA:66,(anonymous_2)
DA:1,13
DA:2,13
DA:3,13
DA:4,13
DA:10,13
DA:11,13
DA:12,66
DA:13,66
DA:14,33
DA:16,66
DA:17,66
DA:20,13
LF:12
LH:12
BRDA:13,0,0,33
BRF:1
BRH:1
end_of_record
TN:
SF:src/decorators/parent.ts
FN:8,(anonymous_1)
FNF:1
FNH:1
FNDA:1,(anonymous_1)
DA:1,13
DA:2,13
DA:3,13
DA:8,13
DA:10,13
LF:5
LH:5
BRF:0
BRH:0
end_of_record
TN:
SF:src/decorators/root.ts
FN:8,(anonymous_1)
FNF:1
FNH:1
FNDA:1,(anonymous_1)
DA:1,13
DA:2,13
DA:3,13
DA:8,13
DA:10,13
LF:5
LH:5
BRF:0
BRH:0
end_of_record
TN:
SF:src/decorators/singleton.ts
FN:12,(anonymous_1)
FN:13,(anonymous_2)
FNF:2
FNH:2
FNDA:30,(anonymous_1)
FNDA:30,(anonymous_2)
DA:1,13
DA:2,13
DA:3,13
DA:4,13
DA:5,13
DA:11,13
DA:12,13
DA:13,30
DA:14,30
DA:15,1
DA:17,29
DA:18,29
DA:21,13
LF:13
LH:13
BRDA:12,0,0,29
BRDA:14,1,0,1
BRDA:14,2,0,30
BRDA:14,2,1,30
BRF:4
BRH:4
end_of_record
TN:
SF:src/decorators/transient.ts
FN:12,(anonymous_1)
FN:13,(anonymous_2)
FNF:2
FNH:2
FNDA:3,(anonymous_1)
FNDA:3,(anonymous_2)
DA:1,13
DA:2,13
DA:3,13
DA:4,13
DA:5,13
DA:11,13
DA:12,13
DA:13,3
DA:14,3
DA:15,1
DA:17,2
DA:18,2
DA:21,13
LF:13
LH:13
BRDA:14,0,0,1
BRF:1
BRH:1
end_of_record
TN:
SF:src/enums/changeset-type.ts
FN:1,(anonymous_0)
FNF:1
FNH:1
FNDA:13,(anonymous_0)
DA:1,13
DA:2,13
DA:3,13
DA:4,13
DA:5,13
DA:8,13
LF:6
LH:6
BRDA:1,0,0,13
BRDA:1,0,1,13
BRF:2
BRH:2
end_of_record
TN:
SF:src/enums/index.ts
FNF:0
FNH:0
DA:1,13
DA:2,13
DA:3,13
LF:3
LH:3
BRF:0
BRH:0
end_of_record
TN:
SF:src/enums/injection-scope.ts
FN:6,(anonymous_0)
FNF:1
FNH:1
FNDA:13,(anonymous_0)
DA:6,13
DA:7,13
DA:8,13
DA:9,13
DA:10,13
DA:13,13
LF:6
LH:6
BRDA:6,0,0,13
BRDA:6,0,1,13
BRF:2
BRH:2
end_of_record
TN:
SF:src/enums/log-level.ts
FN:6,(anonymous_0)
FNF:1
FNH:1
FNDA:13,(anonymous_0)
DA:6,13
DA:7,13
DA:8,13
DA:9,13
DA:10,13
DA:11,13
DA:12,13
DA:15,13
LF:8
LH:8
BRDA:6,0,0,13
BRDA:6,0,1,13
BRF:2
BRH:2
end_of_record
TN:
SF:src/errors/index.ts
FNF:0
FNH:0
DA:1,13
DA:2,13
LF:2
LH:2
BRF:0
BRH:0
end_of_record
TN:
SF:src/errors/ioc-error.ts
FNF:0
FNH:0
DA:7,13
DA:9,13
LF:2
LH:2
BRF:0
BRH:0
end_of_record
TN:
SF:src/errors/state-machine-error.ts
FNF:0
FNH:0
DA:7,13
DA:9,13
LF:2
LH:2
BRF:0
BRH:0
end_of_record
TN:
SF:src/fsm/fsm.ts
FN:73,(anonymous_1)
FN:85,(anonymous_2)
FN:128,(anonymous_3)
FN:130,(anonymous_4)
FN:143,(anonymous_5)
FN:161,(anonymous_6)
FNF:6
FNH:6
FNDA:28,(anonymous_1)
FNDA:65,(anonymous_2)
FNDA:112,(anonymous_3)
FNDA:57,(anonymous_4)
FNDA:10,(anonymous_5)
FNDA:32,(anonymous_6)
DA:1,13
DA:23,13
DA:58,28
DA:67,28
DA:74,28
DA:75,28
DA:86,65
DA:87,1
DA:90,64
DA:92,64
DA:93,11
DA:96,53
DA:97,1
DA:100,52
DA:101,22
DA:102,22
DA:105,30
DA:107,30
DA:108,1
DA:109,1
DA:112,30
DA:114,30
DA:115,19
DA:116,19
DA:118,30
DA:129,112
DA:130,112
DA:131,57
DA:133,112
DA:144,10
DA:145,4
DA:146,4
DA:149,6
DA:150,1
DA:162,32
DA:163,1
DA:165,31
DA:166,31
DA:167,31
DA:172,13
LF:40
LH:40
BRDA:86,0,0,1
BRDA:92,1,0,11
BRDA:96,2,0,1
BRDA:96,3,0,53
BRDA:96,3,1,32
BRDA:96,3,2,32
BRDA:96,3,3,32
BRDA:96,3,4,1
BRDA:100,4,0,22
BRDA:107,5,0,1
BRDA:107,6,0,30
BRDA:107,6,1,9
BRDA:114,7,0,19
BRDA:144,8,0,4
BRDA:149,9,0,1
BRDA:149,10,0,6
BRDA:149,10,1,1
BRDA:162,11,0,1
BRDA:166,12,0,31
BRF:19
BRH:19
end_of_record
TN:
SF:src/fsm/index.ts
FNF:0
FNH:0
DA:1,13
LF:1
LH:1
BRF:0
BRH:0
end_of_record
TN:
SF:src/helpers/index.ts
FNF:0
FNH:0
DA:1,13
LF:1
LH:1
BRF:0
BRH:0
end_of_record
TN:
SF:src/helpers/promise-throttle.ts
FN:6,(anonymous_0)
FN:11,(anonymous_1)
FN:12,(anonymous_2)
FN:13,(anonymous_3)
FN:17,(anonymous_4)
FNF:5
FNH:5
FNDA:1,(anonymous_0)
FNDA:5,(anonymous_1)
FNDA:5,(anonymous_2)
FNDA:8,(anonymous_3)
FNDA:5,(anonymous_4)
DA:1,13
DA:6,1
DA:7,1
DA:8,1
DA:12,5
DA:13,5
DA:14,8
DA:15,5
DA:16,5
DA:18,5
DA:19,5
DA:20,5
DA:21,3
DA:35,3
DA:38,5
DA:43,13
LF:16
LH:16
BRDA:14,0,0,5
BRDA:14,0,1,3
BRDA:20,1,0,3
BRF:3
BRH:3
end_of_record
TN:
SF:src/interfaces/index.ts
FNF:0
FNH:0
DA:1,13
DA:2,13
DA:3,13
DA:4,13
DA:5,13
DA:6,13
DA:7,13
DA:8,13
DA:9,13
DA:10,13
DA:11,13
DA:12,13
DA:13,13
DA:14,13
DA:15,13
LF:15
LH:15
BRF:0
BRH:0
end_of_record
TN:
SF:src/ioc/container.ts
FN:73,(anonymous_1)
FN:95,(anonymous_2)
FN:110,(anonymous_3)
FN:124,(anonymous_4)
FN:137,(anonymous_5)
FN:153,(anonymous_6)
FN:165,(anonymous_7)
FN:198,(anonymous_8)
FN:203,(anonymous_9)
FN:213,(anonymous_10)
FN:225,(anonymous_11)
FN:237,(anonymous_12)
FN:251,(anonymous_13)
FN:286,(anonymous_14)
FN:309,(anonymous_15)
FN:314,(anonymous_16)
FNF:16
FNH:16
FNDA:18,(anonymous_1)
FNDA:4,(anonymous_2)
FNDA:6,(anonymous_3)
FNDA:1,(anonymous_4)
FNDA:34,(anonymous_5)
FNDA:2,(anonymous_6)
FNDA:34,(anonymous_7)
FNDA:17,(anonymous_8)
FNDA:79,(anonymous_9)
FNDA:8,(anonymous_10)
FNDA:14,(anonymous_11)
FNDA:2,(anonymous_12)
FNDA:26,(anonymous_13)
FNDA:18,(anonymous_14)
FNDA:15,(anonymous_15)
FNDA:12,(anonymous_16)
DA:1,13
DA:2,13
DA:11,13
DA:12,13
DA:13,13
DA:31,13
DA:74,18
DA:75,18
DA:76,18
DA:77,2
DA:78,2
DA:80,16
DA:82,18
DA:111,6
DA:125,1
DA:138,34
DA:139,1
DA:154,2
DA:166,34
DA:167,34
DA:168,28
DA:171,34
DA:173,34
DA:174,33
DA:177,13
DA:178,11
DA:179,11
DA:181,13
DA:183,20
DA:185,33
DA:186,33
DA:199,17
DA:200,4
DA:203,79
DA:204,13
DA:214,8
DA:226,14
DA:227,14
DA:238,2
DA:252,26
DA:253,4
DA:254,3
DA:260,3
DA:262,1
DA:264,22
DA:265,15
DA:267,7
DA:268,6
DA:270,1
DA:271,1
DA:287,18
DA:288,18
DA:289,18
DA:290,14
DA:293,4
DA:294,4
DA:296,4
DA:297,4
DA:310,15
DA:311,15
DA:312,9
DA:314,6
DA:319,12
DA:320,12
DA:321,12
DA:322,3
DA:324,12
DA:329,13
LF:68
LH:68
BRDA:74,0,0,18
BRDA:74,0,1,14
BRDA:76,1,0,2
BRDA:76,1,1,16
BRDA:138,2,0,1
BRDA:138,3,0,34
BRDA:138,3,1,21
BRDA:167,4,0,28
BRDA:174,5,0,2
BRDA:174,5,1,13
BRDA:174,5,2,20
BRDA:177,6,0,11
BRDA:177,7,0,13
BRDA:177,7,1,11
BRDA:198,8,0,13
BRDA:199,9,0,4
BRDA:252,10,0,4
BRDA:253,11,0,3
BRDA:264,12,0,15
BRDA:267,13,0,6
BRDA:270,14,0,1
BRDA:289,15,0,14
BRDA:311,16,0,9
BRDA:319,17,0,12
BRDA:319,17,1,2
BRDA:321,18,0,3
BRF:26
BRH:26
end_of_record
TN:
SF:src/ioc/helpers.ts
FN:22,getToken
FN:33,getScope
FN:45,isInjectable
FN:57,isClassProvider
FN:69,isValueProvider
FN:81,isFactoryProvider
FNF:6
FNH:6
FNDA:12,getToken
FNDA:28,getScope
FNDA:21,isInjectable
FNDA:67,isClassProvider
FNDA:7,isValueProvider
FNDA:1,isFactoryProvider
DA:1,13
DA:7,13
DA:8,13
DA:9,13
DA:22,13
DA:23,12
DA:33,13
DA:34,28
DA:45,13
DA:46,21
DA:57,13
DA:58,67
DA:69,13
DA:70,7
DA:81,13
DA:82,1
LF:16
LH:16
BRF:0
BRH:0
end_of_record
TN:
SF:src/ioc/index.ts
FNF:0
FNH:0
DA:1,13
DA:2,13
DA:3,13
LF:3
LH:3
BRF:0
BRH:0
end_of_record
TN:
SF:src/ioc/injection-token.ts
FN:21,(anonymous_0)
FNF:1
FNH:1
FNDA:28,(anonymous_0)
DA:7,13
DA:22,28
DA:26,13
LF:3
LH:3
BRF:0
BRH:0
end_of_record
TN:
SF:src/ioc/tokens/index.ts
FNF:0
FNH:0
DA:1,13
DA:2,13
LF:2
LH:2
BRF:0
BRH:0
end_of_record
TN:
SF:src/ioc/tokens/parent-container.ts
FNF:0
FNH:0
DA:1,13
DA:7,13
DA:9,13
LF:3
LH:3
BRF:0
BRH:0
end_of_record
TN:
SF:src/ioc/tokens/root-container.ts
FNF:0
FNH:0
DA:1,13
DA:7,13
DA:9,13
LF:3
LH:3
BRF:0
BRH:0
end_of_record
TN:
SF:src/logger/index.ts
FNF:0
FNH:0
DA:1,13
DA:2,13
DA:3,13
DA:4,13
LF:4
LH:4
BRF:0
BRH:0
end_of_record
TN:
SF:src/logger/logger.ts
FN:53,(anonymous_3)
FN:63,(anonymous_4)
FN:73,(anonymous_5)
FN:83,(anonymous_6)
FN:93,(anonymous_7)
FN:103,(anonymous_8)
FN:113,(anonymous_9)
FN:123,(anonymous_10)
FN:135,(anonymous_11)
FN:137,(anonymous_12)
FN:145,(anonymous_13)
FN:151,(anonymous_14)
FNF:12
FNH:12
FNDA:18,(anonymous_3)
FNDA:3,(anonymous_4)
FNDA:1,(anonymous_5)
FNDA:1,(anonymous_6)
FNDA:31,(anonymous_7)
FNDA:1,(anonymous_8)
FNDA:1,(anonymous_9)
FNDA:1,(anonymous_10)
FNDA:32,(anonymous_11)
FNDA:32,(anonymous_12)
FNDA:32,(anonymous_13)
FNDA:32,(anonymous_14)
DA:1,13
DA:2,13
DA:3,13
DA:5,13
DA:11,13
DA:38,13
DA:54,18
DA:64,3
DA:74,1
DA:84,1
DA:94,31
DA:104,1
DA:114,1
DA:124,1
DA:136,32
DA:137,32
DA:138,32
DA:139,32
DA:143,32
DA:145,32
DA:151,32
DA:152,32
DA:153,32
DA:156,32
DA:163,32
DA:168,13
LF:26
LH:26
BRDA:53,0,0,16
BRF:1
BRH:1
end_of_record
TN:
SF:src/logger/transport.ts
FN:12,(anonymous_1)
FN:37,(anonymous_2)
FN:57,(anonymous_3)
FN:69,(anonymous_4)
FN:81,(anonymous_5)
FNF:5
FNH:5
FNDA:1,(anonymous_1)
FNDA:15,(anonymous_2)
FNDA:32,(anonymous_3)
FNDA:2,(anonymous_4)
FNDA:32,(anonymous_5)
DA:1,13
DA:9,13
DA:12,1
DA:22,13
DA:38,15
DA:87,13
LF:6
LH:6
BRF:0
BRH:0
end_of_record
TN:
SF:src/logger/transports/console.ts
FN:50,(anonymous_1)
FN:62,(anonymous_2)
FN:78,(anonymous_3)
FNF:3
FNH:3
FNDA:13,(anonymous_1)
FNDA:30,(anonymous_2)
FNDA:30,(anonymous_3)
DA:3,13
DA:4,13
DA:6,13
DA:7,13
DA:8,13
DA:14,13
DA:27,13
DA:49,13
DA:51,13
DA:68,30
DA:84,13
LF:11
LH:11
BRF:0
BRH:0
end_of_record
TN:
SF:src/logger/transports/index.ts
FNF:0
FNH:0
DA:1,13
DA:2,13
LF:2
LH:2
BRF:0
BRH:0
end_of_record
TN:
SF:src/logger/util/create-template.ts
FN:10,(anonymous_0)
FN:11,(anonymous_1)
FN:12,(anonymous_2)
FNF:3
FNH:3
FNDA:27,(anonymous_0)
FNDA:31,(anonymous_1)
FNDA:311,(anonymous_2)
DA:9,13
DA:10,13
DA:11,27
DA:12,311
DA:14,13
LF:5
LH:5
BRF:0
BRH:0
end_of_record
TN:
SF:src/logger/util/format.ts
FN:10,(anonymous_1)
FN:11,(anonymous_2)
FN:14,(anonymous_3)
FN:15,(anonymous_4)
FN:18,(anonymous_5)
FN:19,(anonymous_6)
FN:22,(anonymous_7)
FN:23,(anonymous_8)
FN:26,(anonymous_9)
FN:27,(anonymous_10)
FN:29,(anonymous_11)
FN:29,(anonymous_12)
FN:30,(anonymous_13)
FN:30,(anonymous_14)
FNF:14
FNH:14
FNDA:27,(anonymous_1)
FNDA:31,(anonymous_2)
FNDA:27,(anonymous_3)
FNDA:31,(anonymous_4)
FNDA:27,(anonymous_5)
FNDA:31,(anonymous_6)
FNDA:27,(anonymous_7)
FNDA:31,(anonymous_8)
FNDA:83,(anonymous_9)
FNDA:155,(anonymous_10)
FNDA:1,(anonymous_11)
FNDA:1,(anonymous_12)
FNDA:14,(anonymous_13)
FNDA:31,(anonymous_14)
DA:1,13
DA:8,13
DA:11,27
DA:12,31
DA:15,27
DA:16,31
DA:19,27
DA:20,31
DA:23,27
DA:24,31
DA:27,83
DA:28,155
DA:29,1
DA:30,31
DA:33,13
LF:15
LH:15
BRF:0
BRH:0
end_of_record
TN:
SF:src/logger/util/index.ts
FNF:0
FNH:0
DA:1,13
DA:2,13
LF:2
LH:2
BRF:0
BRH:0
end_of_record
TN:
SF:src/symbols/index.ts
FNF:0
FNH:0
DA:1,13
DA:2,13
DA:3,13
LF:3
LH:3
BRF:0
BRH:0
end_of_record
TN:
SF:src/symbols/injectable-key.ts
FNF:0
FNH:0
DA:1,13
DA:3,13
LF:2
LH:2
BRF:0
BRH:0
end_of_record
TN:
SF:src/symbols/injection-key.ts
FNF:0
FNH:0
DA:1,13
DA:3,13
LF:2
LH:2
BRF:0
BRH:0
end_of_record
TN:
SF:src/symbols/injection-scope.ts
FNF:0
FNH:0
DA:1,13
DA:3,13
LF:2
LH:2
BRF:0
BRH:0
end_of_record
TN:
SF:src/types/index.ts
FNF:0
FNH:0
DA:1,13
DA:2,13
DA:3,13
DA:4,13
DA:5,13
DA:6,13
LF:6
LH:6
BRF:0
BRH:0
end_of_record
